16:14 INFO    : Running for label 'GRB230812B', output will be saved to 'outdircSNgauss32cores'
16:14 INFO    : Analysis priors:
16:14 INFO    : mtot=Uniform(minimum=0, maximum=0.5, name='mtot', latex_label='$m_{\\rm{tot}}$', unit=None, boundary=None)
16:14 INFO    : mni=Uniform(minimum=0, maximum=0.03, name='mni', latex_label='$m_{\\rm{ni}}$', unit=None, boundary=None)
16:14 INFO    : vej=Uniform(minimum=0.0, maximum=0.21, name='vej', latex_label='$v_{\\rm{ej}}$', unit=None, boundary=None)
16:14 INFO    : mrp=Uniform(minimum=0, maximum=0.05, name='mrp', latex_label='$m_{\\rm{rp}}$', unit=None, boundary=None)
16:14 INFO    : xmix=Uniform(minimum=0.0, maximum=0.9, name='xmix', latex_label='$X_{\\rm{mix}}$', unit=None, boundary='reflective')
16:14 INFO    : em_syserr=LogUniform(minimum=0.01, maximum=2.0, name='em_syserr', latex_label='$\\sigma$', unit=None, boundary=None)
16:14 INFO    : inclination_EM=Uniform(minimum=0.0, maximum=0.7853981633974483, name='inclination_EM', latex_label='$\\iota$', unit=None, boundary=None)
16:14 INFO    : log10_E0=Uniform(minimum=47.0, maximum=57.0, name='log10_E0', latex_label='$\\log_{10}E_0$', unit=None, boundary='reflective')
16:14 INFO    : thetaCore=Uniform(minimum=0.01, maximum=0.3141592653589793, name='theta_core', latex_label='$\\theta_c$', unit=None, boundary='reflective')
16:14 INFO    : thetaWing=Uniform(minimum=0.01, maximum=0.7853981633974483, name='theta_wing', latex_label='$\\theta_w$', unit=None, boundary=None)
16:14 INFO    : log10_n0=Uniform(minimum=-6, maximum=3.0, name='log10_n0', latex_label='$\\log_{10}n_0$', unit=None, boundary='reflective')
16:14 INFO    : p=Uniform(minimum=2.01, maximum=3.0, name='p', latex_label='$p$', unit=None, boundary=None)
16:14 INFO    : log10_epsilon_e=Uniform(minimum=-5, maximum=0, name='log10_epsilon_e', latex_label='$\\log_{10}\\epsilon_e$', unit=None, boundary='reflective')
16:14 INFO    : log10_epsilon_B=Uniform(minimum=-10, maximum=0, name='log10_epsilon_B', latex_label='$\\log_{10}\\epsilon_B$', unit=None, boundary='reflective')
16:14 INFO    : mni_c=Constraint(minimum=0, maximum=0.5, name=None, latex_label=None, unit=None)
16:14 INFO    : mrp_c=Constraint(minimum=0, maximum=0.05, name=None, latex_label=None, unit=None)
16:14 INFO    : timeshift=0.0
16:14 INFO    : luminosity_distance=1981.0
16:14 INFO    : Ebv=0.0
16:14 INFO    : Analysis likelihood class: <class 'nmma.em.likelihood.OpticalLightCurve'>
16:14 INFO    : Analysis likelihood noise evidence: 0.0
