16:29 INFO    : Running for label 'GRB230812B', output will be saved to 'outdirGRBtophat32cores'
16:29 INFO    : Running for label 'GRB230812B', output will be saved to 'outdirGRBtophat32cores'
16:29 INFO    : Running for label 'GRB230812B', output will be saved to 'outdirGRBtophat32cores'
16:29 INFO    : Running for label 'GRB230812B', output will be saved to 'outdirGRBtophat32cores'
16:29 INFO    : Running for label 'GRB230812B', output will be saved to 'outdirGRBtophat32cores'
16:29 INFO    : Running for label 'GRB230812B', output will be saved to 'outdirGRBtophat32cores'
16:29 INFO    : Running for label 'GRB230812B', output will be saved to 'outdirGRBtophat32cores'
16:29 INFO    : Running for label 'GRB230812B', output will be saved to 'outdirGRBtophat32cores'
16:29 INFO    : Running for label 'GRB230812B', output will be saved to 'outdirGRBtophat32cores'
16:29 INFO    : Running for label 'GRB230812B', output will be saved to 'outdirGRBtophat32cores'
16:29 INFO    : Running for label 'GRB230812B', output will be saved to 'outdirGRBtophat32cores'
16:29 INFO    : Running for label 'GRB230812B', output will be saved to 'outdirGRBtophat32cores'
16:29 INFO    : Running for label 'GRB230812B', output will be saved to 'outdirGRBtophat32cores'
16:29 INFO    : Running for label 'GRB230812B', output will be saved to 'outdirGRBtophat32cores'
16:29 INFO    : Running for label 'GRB230812B', output will be saved to 'outdirGRBtophat32cores'
16:29 INFO    : Running for label 'GRB230812B', output will be saved to 'outdirGRBtophat32cores'
16:29 INFO    : Running for label 'GRB230812B', output will be saved to 'outdirGRBtophat32cores'
16:29 INFO    : Running for label 'GRB230812B', output will be saved to 'outdirGRBtophat32cores'
16:29 INFO    : Running for label 'GRB230812B', output will be saved to 'outdirGRBtophat32cores'
16:29 INFO    : Running for label 'GRB230812B', output will be saved to 'outdirGRBtophat32cores'
16:29 INFO    : Running for label 'GRB230812B', output will be saved to 'outdirGRBtophat32cores'
16:29 INFO    : Running for label 'GRB230812B', output will be saved to 'outdirGRBtophat32cores'
16:29 INFO    : Running for label 'GRB230812B', output will be saved to 'outdirGRBtophat32cores'
16:29 INFO    : Running for label 'GRB230812B', output will be saved to 'outdirGRBtophat32cores'
16:29 INFO    : Running for label 'GRB230812B', output will be saved to 'outdirGRBtophat32cores'
16:29 INFO    : Running for label 'GRB230812B', output will be saved to 'outdirGRBtophat32cores'
16:29 INFO    : Running for label 'GRB230812B', output will be saved to 'outdirGRBtophat32cores'
16:29 INFO    : Running for label 'GRB230812B', output will be saved to 'outdirGRBtophat32cores'
16:29 INFO    : Running for label 'GRB230812B', output will be saved to 'outdirGRBtophat32cores'
16:29 INFO    : Running for label 'GRB230812B', output will be saved to 'outdirGRBtophat32cores'
16:29 INFO    : Running for label 'GRB230812B', output will be saved to 'outdirGRBtophat32cores'
16:29 INFO    : Running for label 'GRB230812B', output will be saved to 'outdirGRBtophat32cores'
16:29 INFO    : Analysis priors:
16:29 INFO    : Analysis priors:
16:29 INFO    : Analysis priors:
16:29 INFO    : Analysis priors:
16:29 INFO    : Analysis priors:
16:29 INFO    : Analysis priors:
16:29 INFO    : em_syserr=LogUniform(minimum=0.01, maximum=2.0, name='em_syserr', latex_label='$\\sigma$', unit=None, boundary=None)
16:29 INFO    : Analysis priors:
16:29 INFO    : Analysis priors:
16:29 INFO    : Analysis priors:
16:29 INFO    : Analysis priors:
16:29 INFO    : Analysis priors:
16:29 INFO    : Analysis priors:
16:29 INFO    : Analysis priors:
16:29 INFO    : Analysis priors:
16:29 INFO    : Analysis priors:
16:29 INFO    : Analysis priors:
16:29 INFO    : Analysis priors:
16:29 INFO    : Analysis priors:
16:29 INFO    : Analysis priors:
16:29 INFO    : Analysis priors:
16:29 INFO    : Analysis priors:
16:29 INFO    : inclination_EM=Uniform(minimum=0.0, maximum=0.7853981633974483, name='inclination_EM', latex_label='$\\iota$', unit=None, boundary=None)
16:29 INFO    : Analysis priors:
16:29 INFO    : Analysis priors:
16:29 INFO    : Analysis priors:
16:29 INFO    : Analysis priors:
16:29 INFO    : Analysis priors:
16:29 INFO    : em_syserr=LogUniform(minimum=0.01, maximum=2.0, name='em_syserr', latex_label='$\\sigma$', unit=None, boundary=None)
16:29 INFO    : em_syserr=LogUniform(minimum=0.01, maximum=2.0, name='em_syserr', latex_label='$\\sigma$', unit=None, boundary=None)
16:29 INFO    : Analysis priors:
16:29 INFO    : Analysis priors:
16:29 INFO    : Analysis priors:
16:29 INFO    : em_syserr=LogUniform(minimum=0.01, maximum=2.0, name='em_syserr', latex_label='$\\sigma$', unit=None, boundary=None)
16:29 INFO    : Analysis priors:
16:29 INFO    : em_syserr=LogUniform(minimum=0.01, maximum=2.0, name='em_syserr', latex_label='$\\sigma$', unit=None, boundary=None)
16:29 INFO    : log10_E0=Uniform(minimum=47.0, maximum=57.0, name='log10_E0', latex_label='$\\log_{10}E_0$', unit=None, boundary='reflective')
16:29 INFO    : em_syserr=LogUniform(minimum=0.01, maximum=2.0, name='em_syserr', latex_label='$\\sigma$', unit=None, boundary=None)
16:29 INFO    : em_syserr=LogUniform(minimum=0.01, maximum=2.0, name='em_syserr', latex_label='$\\sigma$', unit=None, boundary=None)
16:29 INFO    : em_syserr=LogUniform(minimum=0.01, maximum=2.0, name='em_syserr', latex_label='$\\sigma$', unit=None, boundary=None)
16:29 INFO    : em_syserr=LogUniform(minimum=0.01, maximum=2.0, name='em_syserr', latex_label='$\\sigma$', unit=None, boundary=None)
16:29 INFO    : em_syserr=LogUniform(minimum=0.01, maximum=2.0, name='em_syserr', latex_label='$\\sigma$', unit=None, boundary=None)
16:29 INFO    : inclination_EM=Uniform(minimum=0.0, maximum=0.7853981633974483, name='inclination_EM', latex_label='$\\iota$', unit=None, boundary=None)
16:29 INFO    : em_syserr=LogUniform(minimum=0.01, maximum=2.0, name='em_syserr', latex_label='$\\sigma$', unit=None, boundary=None)
16:29 INFO    : em_syserr=LogUniform(minimum=0.01, maximum=2.0, name='em_syserr', latex_label='$\\sigma$', unit=None, boundary=None)
16:29 INFO    : em_syserr=LogUniform(minimum=0.01, maximum=2.0, name='em_syserr', latex_label='$\\sigma$', unit=None, boundary=None)
16:29 INFO    : inclination_EM=Uniform(minimum=0.0, maximum=0.7853981633974483, name='inclination_EM', latex_label='$\\iota$', unit=None, boundary=None)
16:29 INFO    : em_syserr=LogUniform(minimum=0.01, maximum=2.0, name='em_syserr', latex_label='$\\sigma$', unit=None, boundary=None)
16:29 INFO    : em_syserr=LogUniform(minimum=0.01, maximum=2.0, name='em_syserr', latex_label='$\\sigma$', unit=None, boundary=None)
16:29 INFO    : inclination_EM=Uniform(minimum=0.0, maximum=0.7853981633974483, name='inclination_EM', latex_label='$\\iota$', unit=None, boundary=None)
16:29 INFO    : thetaCore=Uniform(minimum=0.01, maximum=0.3141592653589793, name='theta_core', latex_label='$\\theta_c$', unit=None, boundary='reflective')
16:29 INFO    : em_syserr=LogUniform(minimum=0.01, maximum=2.0, name='em_syserr', latex_label='$\\sigma$', unit=None, boundary=None)
16:29 INFO    : em_syserr=LogUniform(minimum=0.01, maximum=2.0, name='em_syserr', latex_label='$\\sigma$', unit=None, boundary=None)
16:29 INFO    : inclination_EM=Uniform(minimum=0.0, maximum=0.7853981633974483, name='inclination_EM', latex_label='$\\iota$', unit=None, boundary=None)
16:29 INFO    : em_syserr=LogUniform(minimum=0.01, maximum=2.0, name='em_syserr', latex_label='$\\sigma$', unit=None, boundary=None)
16:29 INFO    : em_syserr=LogUniform(minimum=0.01, maximum=2.0, name='em_syserr', latex_label='$\\sigma$', unit=None, boundary=None)
16:29 INFO    : em_syserr=LogUniform(minimum=0.01, maximum=2.0, name='em_syserr', latex_label='$\\sigma$', unit=None, boundary=None)
16:29 INFO    : em_syserr=LogUniform(minimum=0.01, maximum=2.0, name='em_syserr', latex_label='$\\sigma$', unit=None, boundary=None)
16:29 INFO    : inclination_EM=Uniform(minimum=0.0, maximum=0.7853981633974483, name='inclination_EM', latex_label='$\\iota$', unit=None, boundary=None)
16:29 INFO    : em_syserr=LogUniform(minimum=0.01, maximum=2.0, name='em_syserr', latex_label='$\\sigma$', unit=None, boundary=None)
16:29 INFO    : inclination_EM=Uniform(minimum=0.0, maximum=0.7853981633974483, name='inclination_EM', latex_label='$\\iota$', unit=None, boundary=None)
16:29 INFO    : inclination_EM=Uniform(minimum=0.0, maximum=0.7853981633974483, name='inclination_EM', latex_label='$\\iota$', unit=None, boundary=None)
16:29 INFO    : em_syserr=LogUniform(minimum=0.01, maximum=2.0, name='em_syserr', latex_label='$\\sigma$', unit=None, boundary=None)
16:29 INFO    : log10_E0=Uniform(minimum=47.0, maximum=57.0, name='log10_E0', latex_label='$\\log_{10}E_0$', unit=None, boundary='reflective')
16:29 INFO    : em_syserr=LogUniform(minimum=0.01, maximum=2.0, name='em_syserr', latex_label='$\\sigma$', unit=None, boundary=None)
16:29 INFO    : em_syserr=LogUniform(minimum=0.01, maximum=2.0, name='em_syserr', latex_label='$\\sigma$', unit=None, boundary=None)
16:29 INFO    : inclination_EM=Uniform(minimum=0.0, maximum=0.7853981633974483, name='inclination_EM', latex_label='$\\iota$', unit=None, boundary=None)
16:29 INFO    : inclination_EM=Uniform(minimum=0.0, maximum=0.7853981633974483, name='inclination_EM', latex_label='$\\iota$', unit=None, boundary=None)
16:29 INFO    : em_syserr=LogUniform(minimum=0.01, maximum=2.0, name='em_syserr', latex_label='$\\sigma$', unit=None, boundary=None)
16:29 INFO    : log10_E0=Uniform(minimum=47.0, maximum=57.0, name='log10_E0', latex_label='$\\log_{10}E_0$', unit=None, boundary='reflective')
16:29 INFO    : log10_E0=Uniform(minimum=47.0, maximum=57.0, name='log10_E0', latex_label='$\\log_{10}E_0$', unit=None, boundary='reflective')
16:29 INFO    : inclination_EM=Uniform(minimum=0.0, maximum=0.7853981633974483, name='inclination_EM', latex_label='$\\iota$', unit=None, boundary=None)
16:29 INFO    : inclination_EM=Uniform(minimum=0.0, maximum=0.7853981633974483, name='inclination_EM', latex_label='$\\iota$', unit=None, boundary=None)
16:29 INFO    : inclination_EM=Uniform(minimum=0.0, maximum=0.7853981633974483, name='inclination_EM', latex_label='$\\iota$', unit=None, boundary=None)
16:29 INFO    : em_syserr=LogUniform(minimum=0.01, maximum=2.0, name='em_syserr', latex_label='$\\sigma$', unit=None, boundary=None)
16:29 INFO    : em_syserr=LogUniform(minimum=0.01, maximum=2.0, name='em_syserr', latex_label='$\\sigma$', unit=None, boundary=None)
16:29 INFO    : log10_n0=Uniform(minimum=-6, maximum=3.0, name='log10_n0', latex_label='$\\log_{10}n_0$', unit=None, boundary='reflective')
16:29 INFO    : em_syserr=LogUniform(minimum=0.01, maximum=2.0, name='em_syserr', latex_label='$\\sigma$', unit=None, boundary=None)
16:29 INFO    : inclination_EM=Uniform(minimum=0.0, maximum=0.7853981633974483, name='inclination_EM', latex_label='$\\iota$', unit=None, boundary=None)
16:29 INFO    : inclination_EM=Uniform(minimum=0.0, maximum=0.7853981633974483, name='inclination_EM', latex_label='$\\iota$', unit=None, boundary=None)
16:29 INFO    : em_syserr=LogUniform(minimum=0.01, maximum=2.0, name='em_syserr', latex_label='$\\sigma$', unit=None, boundary=None)
16:29 INFO    : log10_E0=Uniform(minimum=47.0, maximum=57.0, name='log10_E0', latex_label='$\\log_{10}E_0$', unit=None, boundary='reflective')
16:29 INFO    : log10_E0=Uniform(minimum=47.0, maximum=57.0, name='log10_E0', latex_label='$\\log_{10}E_0$', unit=None, boundary='reflective')
16:29 INFO    : inclination_EM=Uniform(minimum=0.0, maximum=0.7853981633974483, name='inclination_EM', latex_label='$\\iota$', unit=None, boundary=None)
16:29 INFO    : inclination_EM=Uniform(minimum=0.0, maximum=0.7853981633974483, name='inclination_EM', latex_label='$\\iota$', unit=None, boundary=None)
16:29 INFO    : log10_E0=Uniform(minimum=47.0, maximum=57.0, name='log10_E0', latex_label='$\\log_{10}E_0$', unit=None, boundary='reflective')
16:29 INFO    : inclination_EM=Uniform(minimum=0.0, maximum=0.7853981633974483, name='inclination_EM', latex_label='$\\iota$', unit=None, boundary=None)
16:29 INFO    : inclination_EM=Uniform(minimum=0.0, maximum=0.7853981633974483, name='inclination_EM', latex_label='$\\iota$', unit=None, boundary=None)
16:29 INFO    : log10_E0=Uniform(minimum=47.0, maximum=57.0, name='log10_E0', latex_label='$\\log_{10}E_0$', unit=None, boundary='reflective')
16:29 INFO    : inclination_EM=Uniform(minimum=0.0, maximum=0.7853981633974483, name='inclination_EM', latex_label='$\\iota$', unit=None, boundary=None)
16:29 INFO    : thetaCore=Uniform(minimum=0.01, maximum=0.3141592653589793, name='theta_core', latex_label='$\\theta_c$', unit=None, boundary='reflective')
16:29 INFO    : inclination_EM=Uniform(minimum=0.0, maximum=0.7853981633974483, name='inclination_EM', latex_label='$\\iota$', unit=None, boundary=None)
16:29 INFO    : log10_E0=Uniform(minimum=47.0, maximum=57.0, name='log10_E0', latex_label='$\\log_{10}E_0$', unit=None, boundary='reflective')
16:29 INFO    : thetaCore=Uniform(minimum=0.01, maximum=0.3141592653589793, name='theta_core', latex_label='$\\theta_c$', unit=None, boundary='reflective')
16:29 INFO    : inclination_EM=Uniform(minimum=0.0, maximum=0.7853981633974483, name='inclination_EM', latex_label='$\\iota$', unit=None, boundary=None)
16:29 INFO    : log10_E0=Uniform(minimum=47.0, maximum=57.0, name='log10_E0', latex_label='$\\log_{10}E_0$', unit=None, boundary='reflective')
16:29 INFO    : thetaCore=Uniform(minimum=0.01, maximum=0.3141592653589793, name='theta_core', latex_label='$\\theta_c$', unit=None, boundary='reflective')
16:29 INFO    : inclination_EM=Uniform(minimum=0.0, maximum=0.7853981633974483, name='inclination_EM', latex_label='$\\iota$', unit=None, boundary=None)
16:29 INFO    : inclination_EM=Uniform(minimum=0.0, maximum=0.7853981633974483, name='inclination_EM', latex_label='$\\iota$', unit=None, boundary=None)
16:29 INFO    : inclination_EM=Uniform(minimum=0.0, maximum=0.7853981633974483, name='inclination_EM', latex_label='$\\iota$', unit=None, boundary=None)
16:29 INFO    : log10_E0=Uniform(minimum=47.0, maximum=57.0, name='log10_E0', latex_label='$\\log_{10}E_0$', unit=None, boundary='reflective')
16:29 INFO    : p=Uniform(minimum=2.01, maximum=3.0, name='p', latex_label='$p$', unit=None, boundary=None)
16:29 INFO    : inclination_EM=Uniform(minimum=0.0, maximum=0.7853981633974483, name='inclination_EM', latex_label='$\\iota$', unit=None, boundary=None)
16:29 INFO    : log10_E0=Uniform(minimum=47.0, maximum=57.0, name='log10_E0', latex_label='$\\log_{10}E_0$', unit=None, boundary='reflective')
16:29 INFO    : log10_E0=Uniform(minimum=47.0, maximum=57.0, name='log10_E0', latex_label='$\\log_{10}E_0$', unit=None, boundary='reflective')
16:29 INFO    : log10_E0=Uniform(minimum=47.0, maximum=57.0, name='log10_E0', latex_label='$\\log_{10}E_0$', unit=None, boundary='reflective')
16:29 INFO    : log10_E0=Uniform(minimum=47.0, maximum=57.0, name='log10_E0', latex_label='$\\log_{10}E_0$', unit=None, boundary='reflective')
16:29 INFO    : inclination_EM=Uniform(minimum=0.0, maximum=0.7853981633974483, name='inclination_EM', latex_label='$\\iota$', unit=None, boundary=None)
16:29 INFO    : inclination_EM=Uniform(minimum=0.0, maximum=0.7853981633974483, name='inclination_EM', latex_label='$\\iota$', unit=None, boundary=None)
16:29 INFO    : thetaCore=Uniform(minimum=0.01, maximum=0.3141592653589793, name='theta_core', latex_label='$\\theta_c$', unit=None, boundary='reflective')
16:29 INFO    : inclination_EM=Uniform(minimum=0.0, maximum=0.7853981633974483, name='inclination_EM', latex_label='$\\iota$', unit=None, boundary=None)
16:29 INFO    : inclination_EM=Uniform(minimum=0.0, maximum=0.7853981633974483, name='inclination_EM', latex_label='$\\iota$', unit=None, boundary=None)
16:29 INFO    : thetaCore=Uniform(minimum=0.01, maximum=0.3141592653589793, name='theta_core', latex_label='$\\theta_c$', unit=None, boundary='reflective')
16:29 INFO    : log10_E0=Uniform(minimum=47.0, maximum=57.0, name='log10_E0', latex_label='$\\log_{10}E_0$', unit=None, boundary='reflective')
16:29 INFO    : thetaCore=Uniform(minimum=0.01, maximum=0.3141592653589793, name='theta_core', latex_label='$\\theta_c$', unit=None, boundary='reflective')
16:29 INFO    : log10_E0=Uniform(minimum=47.0, maximum=57.0, name='log10_E0', latex_label='$\\log_{10}E_0$', unit=None, boundary='reflective')
16:29 INFO    : log10_E0=Uniform(minimum=47.0, maximum=57.0, name='log10_E0', latex_label='$\\log_{10}E_0$', unit=None, boundary='reflective')
16:29 INFO    : thetaCore=Uniform(minimum=0.01, maximum=0.3141592653589793, name='theta_core', latex_label='$\\theta_c$', unit=None, boundary='reflective')
16:29 INFO    : log10_n0=Uniform(minimum=-6, maximum=3.0, name='log10_n0', latex_label='$\\log_{10}n_0$', unit=None, boundary='reflective')
16:29 INFO    : log10_E0=Uniform(minimum=47.0, maximum=57.0, name='log10_E0', latex_label='$\\log_{10}E_0$', unit=None, boundary='reflective')
16:29 INFO    : log10_n0=Uniform(minimum=-6, maximum=3.0, name='log10_n0', latex_label='$\\log_{10}n_0$', unit=None, boundary='reflective')
16:29 INFO    : log10_E0=Uniform(minimum=47.0, maximum=57.0, name='log10_E0', latex_label='$\\log_{10}E_0$', unit=None, boundary='reflective')
16:29 INFO    : thetaCore=Uniform(minimum=0.01, maximum=0.3141592653589793, name='theta_core', latex_label='$\\theta_c$', unit=None, boundary='reflective')
16:29 INFO    : log10_n0=Uniform(minimum=-6, maximum=3.0, name='log10_n0', latex_label='$\\log_{10}n_0$', unit=None, boundary='reflective')
16:29 INFO    : log10_E0=Uniform(minimum=47.0, maximum=57.0, name='log10_E0', latex_label='$\\log_{10}E_0$', unit=None, boundary='reflective')
16:29 INFO    : thetaCore=Uniform(minimum=0.01, maximum=0.3141592653589793, name='theta_core', latex_label='$\\theta_c$', unit=None, boundary='reflective')
16:29 INFO    : log10_epsilon_e=Uniform(minimum=-5, maximum=0, name='log10_epsilon_e', latex_label='$\\log_{10}\\epsilon_e$', unit=None, boundary='reflective')
16:29 INFO    : log10_E0=Uniform(minimum=47.0, maximum=57.0, name='log10_E0', latex_label='$\\log_{10}E_0$', unit=None, boundary='reflective')
16:29 INFO    : log10_E0=Uniform(minimum=47.0, maximum=57.0, name='log10_E0', latex_label='$\\log_{10}E_0$', unit=None, boundary='reflective')
16:29 INFO    : log10_E0=Uniform(minimum=47.0, maximum=57.0, name='log10_E0', latex_label='$\\log_{10}E_0$', unit=None, boundary='reflective')
16:29 INFO    : log10_E0=Uniform(minimum=47.0, maximum=57.0, name='log10_E0', latex_label='$\\log_{10}E_0$', unit=None, boundary='reflective')
16:29 INFO    : thetaCore=Uniform(minimum=0.01, maximum=0.3141592653589793, name='theta_core', latex_label='$\\theta_c$', unit=None, boundary='reflective')
16:29 INFO    : log10_E0=Uniform(minimum=47.0, maximum=57.0, name='log10_E0', latex_label='$\\log_{10}E_0$', unit=None, boundary='reflective')
16:29 INFO    : thetaCore=Uniform(minimum=0.01, maximum=0.3141592653589793, name='theta_core', latex_label='$\\theta_c$', unit=None, boundary='reflective')
16:29 INFO    : thetaCore=Uniform(minimum=0.01, maximum=0.3141592653589793, name='theta_core', latex_label='$\\theta_c$', unit=None, boundary='reflective')
16:29 INFO    : thetaCore=Uniform(minimum=0.01, maximum=0.3141592653589793, name='theta_core', latex_label='$\\theta_c$', unit=None, boundary='reflective')
16:29 INFO    : thetaCore=Uniform(minimum=0.01, maximum=0.3141592653589793, name='theta_core', latex_label='$\\theta_c$', unit=None, boundary='reflective')
16:29 INFO    : log10_n0=Uniform(minimum=-6, maximum=3.0, name='log10_n0', latex_label='$\\log_{10}n_0$', unit=None, boundary='reflective')
16:29 INFO    : log10_E0=Uniform(minimum=47.0, maximum=57.0, name='log10_E0', latex_label='$\\log_{10}E_0$', unit=None, boundary='reflective')
16:29 INFO    : log10_E0=Uniform(minimum=47.0, maximum=57.0, name='log10_E0', latex_label='$\\log_{10}E_0$', unit=None, boundary='reflective')
16:29 INFO    : log10_E0=Uniform(minimum=47.0, maximum=57.0, name='log10_E0', latex_label='$\\log_{10}E_0$', unit=None, boundary='reflective')
16:29 INFO    : log10_E0=Uniform(minimum=47.0, maximum=57.0, name='log10_E0', latex_label='$\\log_{10}E_0$', unit=None, boundary='reflective')
16:29 INFO    : log10_n0=Uniform(minimum=-6, maximum=3.0, name='log10_n0', latex_label='$\\log_{10}n_0$', unit=None, boundary='reflective')
16:29 INFO    : log10_n0=Uniform(minimum=-6, maximum=3.0, name='log10_n0', latex_label='$\\log_{10}n_0$', unit=None, boundary='reflective')
16:29 INFO    : thetaCore=Uniform(minimum=0.01, maximum=0.3141592653589793, name='theta_core', latex_label='$\\theta_c$', unit=None, boundary='reflective')
16:29 INFO    : thetaCore=Uniform(minimum=0.01, maximum=0.3141592653589793, name='theta_core', latex_label='$\\theta_c$', unit=None, boundary='reflective')
16:29 INFO    : thetaCore=Uniform(minimum=0.01, maximum=0.3141592653589793, name='theta_core', latex_label='$\\theta_c$', unit=None, boundary='reflective')
16:29 INFO    : log10_n0=Uniform(minimum=-6, maximum=3.0, name='log10_n0', latex_label='$\\log_{10}n_0$', unit=None, boundary='reflective')
16:29 INFO    : p=Uniform(minimum=2.01, maximum=3.0, name='p', latex_label='$p$', unit=None, boundary=None)
16:29 INFO    : p=Uniform(minimum=2.01, maximum=3.0, name='p', latex_label='$p$', unit=None, boundary=None)
16:29 INFO    : thetaCore=Uniform(minimum=0.01, maximum=0.3141592653589793, name='theta_core', latex_label='$\\theta_c$', unit=None, boundary='reflective')
16:29 INFO    : p=Uniform(minimum=2.01, maximum=3.0, name='p', latex_label='$p$', unit=None, boundary=None)
16:29 INFO    : log10_n0=Uniform(minimum=-6, maximum=3.0, name='log10_n0', latex_label='$\\log_{10}n_0$', unit=None, boundary='reflective')
16:29 INFO    : thetaCore=Uniform(minimum=0.01, maximum=0.3141592653589793, name='theta_core', latex_label='$\\theta_c$', unit=None, boundary='reflective')
16:29 INFO    : log10_epsilon_B=Uniform(minimum=-10, maximum=0, name='log10_epsilon_B', latex_label='$\\log_{10}\\epsilon_B$', unit=None, boundary='reflective')
16:29 INFO    : log10_n0=Uniform(minimum=-6, maximum=3.0, name='log10_n0', latex_label='$\\log_{10}n_0$', unit=None, boundary='reflective')
16:29 INFO    : thetaCore=Uniform(minimum=0.01, maximum=0.3141592653589793, name='theta_core', latex_label='$\\theta_c$', unit=None, boundary='reflective')
16:29 INFO    : log10_n0=Uniform(minimum=-6, maximum=3.0, name='log10_n0', latex_label='$\\log_{10}n_0$', unit=None, boundary='reflective')
16:29 INFO    : thetaCore=Uniform(minimum=0.01, maximum=0.3141592653589793, name='theta_core', latex_label='$\\theta_c$', unit=None, boundary='reflective')
16:29 INFO    : log10_n0=Uniform(minimum=-6, maximum=3.0, name='log10_n0', latex_label='$\\log_{10}n_0$', unit=None, boundary='reflective')
16:29 INFO    : thetaCore=Uniform(minimum=0.01, maximum=0.3141592653589793, name='theta_core', latex_label='$\\theta_c$', unit=None, boundary='reflective')
16:29 INFO    : thetaCore=Uniform(minimum=0.01, maximum=0.3141592653589793, name='theta_core', latex_label='$\\theta_c$', unit=None, boundary='reflective')
16:29 INFO    : thetaCore=Uniform(minimum=0.01, maximum=0.3141592653589793, name='theta_core', latex_label='$\\theta_c$', unit=None, boundary='reflective')
16:29 INFO    : log10_n0=Uniform(minimum=-6, maximum=3.0, name='log10_n0', latex_label='$\\log_{10}n_0$', unit=None, boundary='reflective')
16:29 INFO    : thetaCore=Uniform(minimum=0.01, maximum=0.3141592653589793, name='theta_core', latex_label='$\\theta_c$', unit=None, boundary='reflective')
16:29 INFO    : log10_n0=Uniform(minimum=-6, maximum=3.0, name='log10_n0', latex_label='$\\log_{10}n_0$', unit=None, boundary='reflective')
16:29 INFO    : p=Uniform(minimum=2.01, maximum=3.0, name='p', latex_label='$p$', unit=None, boundary=None)
16:29 INFO    : log10_n0=Uniform(minimum=-6, maximum=3.0, name='log10_n0', latex_label='$\\log_{10}n_0$', unit=None, boundary='reflective')
16:29 INFO    : timeshift=0.0
16:29 INFO    : thetaCore=Uniform(minimum=0.01, maximum=0.3141592653589793, name='theta_core', latex_label='$\\theta_c$', unit=None, boundary='reflective')
16:29 INFO    : thetaCore=Uniform(minimum=0.01, maximum=0.3141592653589793, name='theta_core', latex_label='$\\theta_c$', unit=None, boundary='reflective')
16:29 INFO    : thetaCore=Uniform(minimum=0.01, maximum=0.3141592653589793, name='theta_core', latex_label='$\\theta_c$', unit=None, boundary='reflective')
16:29 INFO    : p=Uniform(minimum=2.01, maximum=3.0, name='p', latex_label='$p$', unit=None, boundary=None)
16:29 INFO    : thetaCore=Uniform(minimum=0.01, maximum=0.3141592653589793, name='theta_core', latex_label='$\\theta_c$', unit=None, boundary='reflective')
16:29 INFO    : luminosity_distance=1981.0
16:29 INFO    : p=Uniform(minimum=2.01, maximum=3.0, name='p', latex_label='$p$', unit=None, boundary=None)
16:29 INFO    : log10_n0=Uniform(minimum=-6, maximum=3.0, name='log10_n0', latex_label='$\\log_{10}n_0$', unit=None, boundary='reflective')
16:29 INFO    : log10_n0=Uniform(minimum=-6, maximum=3.0, name='log10_n0', latex_label='$\\log_{10}n_0$', unit=None, boundary='reflective')
16:29 INFO    : p=Uniform(minimum=2.01, maximum=3.0, name='p', latex_label='$p$', unit=None, boundary=None)
16:29 INFO    : log10_n0=Uniform(minimum=-6, maximum=3.0, name='log10_n0', latex_label='$\\log_{10}n_0$', unit=None, boundary='reflective')
16:29 INFO    : log10_epsilon_e=Uniform(minimum=-5, maximum=0, name='log10_epsilon_e', latex_label='$\\log_{10}\\epsilon_e$', unit=None, boundary='reflective')
16:29 INFO    : log10_epsilon_e=Uniform(minimum=-5, maximum=0, name='log10_epsilon_e', latex_label='$\\log_{10}\\epsilon_e$', unit=None, boundary='reflective')
16:29 INFO    : log10_epsilon_e=Uniform(minimum=-5, maximum=0, name='log10_epsilon_e', latex_label='$\\log_{10}\\epsilon_e$', unit=None, boundary='reflective')
16:29 INFO    : log10_n0=Uniform(minimum=-6, maximum=3.0, name='log10_n0', latex_label='$\\log_{10}n_0$', unit=None, boundary='reflective')
16:29 INFO    : Ebv=0.0
16:29 INFO    : log10_n0=Uniform(minimum=-6, maximum=3.0, name='log10_n0', latex_label='$\\log_{10}n_0$', unit=None, boundary='reflective')
16:29 INFO    : p=Uniform(minimum=2.01, maximum=3.0, name='p', latex_label='$p$', unit=None, boundary=None)
16:29 INFO    : p=Uniform(minimum=2.01, maximum=3.0, name='p', latex_label='$p$', unit=None, boundary=None)
16:29 INFO    : log10_n0=Uniform(minimum=-6, maximum=3.0, name='log10_n0', latex_label='$\\log_{10}n_0$', unit=None, boundary='reflective')
16:29 INFO    : p=Uniform(minimum=2.01, maximum=3.0, name='p', latex_label='$p$', unit=None, boundary=None)
16:29 INFO    : p=Uniform(minimum=2.01, maximum=3.0, name='p', latex_label='$p$', unit=None, boundary=None)
16:29 INFO    : log10_n0=Uniform(minimum=-6, maximum=3.0, name='log10_n0', latex_label='$\\log_{10}n_0$', unit=None, boundary='reflective')
16:29 INFO    : p=Uniform(minimum=2.01, maximum=3.0, name='p', latex_label='$p$', unit=None, boundary=None)
16:29 INFO    : log10_epsilon_e=Uniform(minimum=-5, maximum=0, name='log10_epsilon_e', latex_label='$\\log_{10}\\epsilon_e$', unit=None, boundary='reflective')
16:29 INFO    : p=Uniform(minimum=2.01, maximum=3.0, name='p', latex_label='$p$', unit=None, boundary=None)
16:29 INFO    : log10_n0=Uniform(minimum=-6, maximum=3.0, name='log10_n0', latex_label='$\\log_{10}n_0$', unit=None, boundary='reflective')
16:29 INFO    : Analysis likelihood class: <class 'nmma.em.likelihood.OpticalLightCurve'>
16:29 INFO    : p=Uniform(minimum=2.01, maximum=3.0, name='p', latex_label='$p$', unit=None, boundary=None)
16:29 INFO    : log10_n0=Uniform(minimum=-6, maximum=3.0, name='log10_n0', latex_label='$\\log_{10}n_0$', unit=None, boundary='reflective')
16:29 INFO    : log10_n0=Uniform(minimum=-6, maximum=3.0, name='log10_n0', latex_label='$\\log_{10}n_0$', unit=None, boundary='reflective')
16:29 INFO    : log10_n0=Uniform(minimum=-6, maximum=3.0, name='log10_n0', latex_label='$\\log_{10}n_0$', unit=None, boundary='reflective')
16:29 INFO    : log10_n0=Uniform(minimum=-6, maximum=3.0, name='log10_n0', latex_label='$\\log_{10}n_0$', unit=None, boundary='reflective')
16:29 INFO    : log10_n0=Uniform(minimum=-6, maximum=3.0, name='log10_n0', latex_label='$\\log_{10}n_0$', unit=None, boundary='reflective')
16:29 INFO    : log10_n0=Uniform(minimum=-6, maximum=3.0, name='log10_n0', latex_label='$\\log_{10}n_0$', unit=None, boundary='reflective')
16:29 INFO    : log10_epsilon_e=Uniform(minimum=-5, maximum=0, name='log10_epsilon_e', latex_label='$\\log_{10}\\epsilon_e$', unit=None, boundary='reflective')
16:29 INFO    : Analysis likelihood noise evidence: 0.0
16:29 INFO    : log10_epsilon_e=Uniform(minimum=-5, maximum=0, name='log10_epsilon_e', latex_label='$\\log_{10}\\epsilon_e$', unit=None, boundary='reflective')
16:29 INFO    : p=Uniform(minimum=2.01, maximum=3.0, name='p', latex_label='$p$', unit=None, boundary=None)
16:29 INFO    : log10_n0=Uniform(minimum=-6, maximum=3.0, name='log10_n0', latex_label='$\\log_{10}n_0$', unit=None, boundary='reflective')
16:29 INFO    : p=Uniform(minimum=2.01, maximum=3.0, name='p', latex_label='$p$', unit=None, boundary=None)
16:29 INFO    : log10_epsilon_e=Uniform(minimum=-5, maximum=0, name='log10_epsilon_e', latex_label='$\\log_{10}\\epsilon_e$', unit=None, boundary='reflective')
16:29 INFO    : log10_epsilon_B=Uniform(minimum=-10, maximum=0, name='log10_epsilon_B', latex_label='$\\log_{10}\\epsilon_B$', unit=None, boundary='reflective')
16:29 INFO    : log10_epsilon_B=Uniform(minimum=-10, maximum=0, name='log10_epsilon_B', latex_label='$\\log_{10}\\epsilon_B$', unit=None, boundary='reflective')
16:29 INFO    : p=Uniform(minimum=2.01, maximum=3.0, name='p', latex_label='$p$', unit=None, boundary=None)
16:29 INFO    : log10_epsilon_B=Uniform(minimum=-10, maximum=0, name='log10_epsilon_B', latex_label='$\\log_{10}\\epsilon_B$', unit=None, boundary='reflective')
16:29 INFO    : p=Uniform(minimum=2.01, maximum=3.0, name='p', latex_label='$p$', unit=None, boundary=None)
16:29 INFO    : p=Uniform(minimum=2.01, maximum=3.0, name='p', latex_label='$p$', unit=None, boundary=None)
16:29 INFO    : log10_epsilon_e=Uniform(minimum=-5, maximum=0, name='log10_epsilon_e', latex_label='$\\log_{10}\\epsilon_e$', unit=None, boundary='reflective')
16:29 INFO    : log10_epsilon_e=Uniform(minimum=-5, maximum=0, name='log10_epsilon_e', latex_label='$\\log_{10}\\epsilon_e$', unit=None, boundary='reflective')
16:29 INFO    : p=Uniform(minimum=2.01, maximum=3.0, name='p', latex_label='$p$', unit=None, boundary=None)
16:29 INFO    : log10_epsilon_e=Uniform(minimum=-5, maximum=0, name='log10_epsilon_e', latex_label='$\\log_{10}\\epsilon_e$', unit=None, boundary='reflective')
16:29 INFO    : log10_epsilon_e=Uniform(minimum=-5, maximum=0, name='log10_epsilon_e', latex_label='$\\log_{10}\\epsilon_e$', unit=None, boundary='reflective')
16:29 INFO    : timeshift=0.0
16:29 INFO    : log10_epsilon_B=Uniform(minimum=-10, maximum=0, name='log10_epsilon_B', latex_label='$\\log_{10}\\epsilon_B$', unit=None, boundary='reflective')
16:29 INFO    : timeshift=0.0
16:29 INFO    : timeshift=0.0
16:29 INFO    : log10_epsilon_e=Uniform(minimum=-5, maximum=0, name='log10_epsilon_e', latex_label='$\\log_{10}\\epsilon_e$', unit=None, boundary='reflective')
16:29 INFO    : p=Uniform(minimum=2.01, maximum=3.0, name='p', latex_label='$p$', unit=None, boundary=None)
16:29 INFO    : log10_epsilon_e=Uniform(minimum=-5, maximum=0, name='log10_epsilon_e', latex_label='$\\log_{10}\\epsilon_e$', unit=None, boundary='reflective')
16:29 INFO    : log10_epsilon_e=Uniform(minimum=-5, maximum=0, name='log10_epsilon_e', latex_label='$\\log_{10}\\epsilon_e$', unit=None, boundary='reflective')
16:29 INFO    : p=Uniform(minimum=2.01, maximum=3.0, name='p', latex_label='$p$', unit=None, boundary=None)
16:29 INFO    : p=Uniform(minimum=2.01, maximum=3.0, name='p', latex_label='$p$', unit=None, boundary=None)
16:29 INFO    : luminosity_distance=1981.0
16:29 INFO    : p=Uniform(minimum=2.01, maximum=3.0, name='p', latex_label='$p$', unit=None, boundary=None)
16:29 INFO    : luminosity_distance=1981.0
16:29 INFO    : log10_epsilon_B=Uniform(minimum=-10, maximum=0, name='log10_epsilon_B', latex_label='$\\log_{10}\\epsilon_B$', unit=None, boundary='reflective')
16:29 INFO    : luminosity_distance=1981.0
16:29 INFO    : p=Uniform(minimum=2.01, maximum=3.0, name='p', latex_label='$p$', unit=None, boundary=None)
16:29 INFO    : p=Uniform(minimum=2.01, maximum=3.0, name='p', latex_label='$p$', unit=None, boundary=None)
16:29 INFO    : timeshift=0.0
16:29 INFO    : p=Uniform(minimum=2.01, maximum=3.0, name='p', latex_label='$p$', unit=None, boundary=None)
16:29 INFO    : p=Uniform(minimum=2.01, maximum=3.0, name='p', latex_label='$p$', unit=None, boundary=None)
16:29 INFO    : log10_epsilon_B=Uniform(minimum=-10, maximum=0, name='log10_epsilon_B', latex_label='$\\log_{10}\\epsilon_B$', unit=None, boundary='reflective')
16:29 INFO    : log10_epsilon_e=Uniform(minimum=-5, maximum=0, name='log10_epsilon_e', latex_label='$\\log_{10}\\epsilon_e$', unit=None, boundary='reflective')
16:29 INFO    : Ebv=0.0
16:29 INFO    : log10_epsilon_B=Uniform(minimum=-10, maximum=0, name='log10_epsilon_B', latex_label='$\\log_{10}\\epsilon_B$', unit=None, boundary='reflective')
16:29 INFO    : log10_epsilon_e=Uniform(minimum=-5, maximum=0, name='log10_epsilon_e', latex_label='$\\log_{10}\\epsilon_e$', unit=None, boundary='reflective')
16:29 INFO    : Ebv=0.0
16:29 INFO    : p=Uniform(minimum=2.01, maximum=3.0, name='p', latex_label='$p$', unit=None, boundary=None)
16:29 INFO    : Ebv=0.0
16:29 INFO    : timeshift=0.0
16:29 INFO    : log10_epsilon_e=Uniform(minimum=-5, maximum=0, name='log10_epsilon_e', latex_label='$\\log_{10}\\epsilon_e$', unit=None, boundary='reflective')
16:29 INFO    : luminosity_distance=1981.0
16:29 INFO    : log10_epsilon_e=Uniform(minimum=-5, maximum=0, name='log10_epsilon_e', latex_label='$\\log_{10}\\epsilon_e$', unit=None, boundary='reflective')
16:29 INFO    : log10_epsilon_B=Uniform(minimum=-10, maximum=0, name='log10_epsilon_B', latex_label='$\\log_{10}\\epsilon_B$', unit=None, boundary='reflective')
16:29 INFO    : log10_epsilon_e=Uniform(minimum=-5, maximum=0, name='log10_epsilon_e', latex_label='$\\log_{10}\\epsilon_e$', unit=None, boundary='reflective')
16:29 INFO    : log10_epsilon_B=Uniform(minimum=-10, maximum=0, name='log10_epsilon_B', latex_label='$\\log_{10}\\epsilon_B$', unit=None, boundary='reflective')
16:29 INFO    : log10_epsilon_e=Uniform(minimum=-5, maximum=0, name='log10_epsilon_e', latex_label='$\\log_{10}\\epsilon_e$', unit=None, boundary='reflective')
16:29 INFO    : log10_epsilon_B=Uniform(minimum=-10, maximum=0, name='log10_epsilon_B', latex_label='$\\log_{10}\\epsilon_B$', unit=None, boundary='reflective')
16:29 INFO    : log10_epsilon_B=Uniform(minimum=-10, maximum=0, name='log10_epsilon_B', latex_label='$\\log_{10}\\epsilon_B$', unit=None, boundary='reflective')
16:29 INFO    : timeshift=0.0
16:29 INFO    : Analysis likelihood class: <class 'nmma.em.likelihood.OpticalLightCurve'>
16:29 INFO    : timeshift=0.0
16:29 INFO    : Analysis likelihood class: <class 'nmma.em.likelihood.OpticalLightCurve'>
16:29 INFO    : log10_epsilon_B=Uniform(minimum=-10, maximum=0, name='log10_epsilon_B', latex_label='$\\log_{10}\\epsilon_B$', unit=None, boundary='reflective')
16:29 INFO    : luminosity_distance=1981.0
16:29 INFO    : log10_epsilon_B=Uniform(minimum=-10, maximum=0, name='log10_epsilon_B', latex_label='$\\log_{10}\\epsilon_B$', unit=None, boundary='reflective')
16:29 INFO    : Ebv=0.0
16:29 INFO    : log10_epsilon_B=Uniform(minimum=-10, maximum=0, name='log10_epsilon_B', latex_label='$\\log_{10}\\epsilon_B$', unit=None, boundary='reflective')
16:29 INFO    : log10_epsilon_e=Uniform(minimum=-5, maximum=0, name='log10_epsilon_e', latex_label='$\\log_{10}\\epsilon_e$', unit=None, boundary='reflective')
16:29 INFO    : Analysis likelihood class: <class 'nmma.em.likelihood.OpticalLightCurve'>
16:29 INFO    : log10_epsilon_e=Uniform(minimum=-5, maximum=0, name='log10_epsilon_e', latex_label='$\\log_{10}\\epsilon_e$', unit=None, boundary='reflective')
16:29 INFO    : timeshift=0.0
16:29 INFO    : timeshift=0.0
16:29 INFO    : timeshift=0.0
16:29 INFO    : luminosity_distance=1981.0
16:29 INFO    : timeshift=0.0
16:29 INFO    : luminosity_distance=1981.0
16:29 INFO    : Analysis likelihood noise evidence: 0.0
16:29 INFO    : Analysis likelihood noise evidence: 0.0
16:29 INFO    : log10_epsilon_e=Uniform(minimum=-5, maximum=0, name='log10_epsilon_e', latex_label='$\\log_{10}\\epsilon_e$', unit=None, boundary='reflective')
16:29 INFO    : Ebv=0.0
16:29 INFO    : timeshift=0.0
16:29 INFO    : timeshift=0.0
16:29 INFO    : log10_epsilon_e=Uniform(minimum=-5, maximum=0, name='log10_epsilon_e', latex_label='$\\log_{10}\\epsilon_e$', unit=None, boundary='reflective')
16:29 INFO    : Analysis likelihood class: <class 'nmma.em.likelihood.OpticalLightCurve'>
16:29 INFO    : timeshift=0.0
16:29 INFO    : log10_epsilon_e=Uniform(minimum=-5, maximum=0, name='log10_epsilon_e', latex_label='$\\log_{10}\\epsilon_e$', unit=None, boundary='reflective')
16:29 INFO    : log10_epsilon_e=Uniform(minimum=-5, maximum=0, name='log10_epsilon_e', latex_label='$\\log_{10}\\epsilon_e$', unit=None, boundary='reflective')
16:29 INFO    : luminosity_distance=1981.0
16:29 INFO    : log10_epsilon_e=Uniform(minimum=-5, maximum=0, name='log10_epsilon_e', latex_label='$\\log_{10}\\epsilon_e$', unit=None, boundary='reflective')
16:29 INFO    : luminosity_distance=1981.0
16:29 INFO    : Analysis likelihood noise evidence: 0.0
16:29 INFO    : luminosity_distance=1981.0
16:29 INFO    : Ebv=0.0
16:29 INFO    : luminosity_distance=1981.0
16:29 INFO    : log10_epsilon_e=Uniform(minimum=-5, maximum=0, name='log10_epsilon_e', latex_label='$\\log_{10}\\epsilon_e$', unit=None, boundary='reflective')
16:29 INFO    : Ebv=0.0
16:29 INFO    : log10_epsilon_B=Uniform(minimum=-10, maximum=0, name='log10_epsilon_B', latex_label='$\\log_{10}\\epsilon_B$', unit=None, boundary='reflective')
16:29 INFO    : log10_epsilon_B=Uniform(minimum=-10, maximum=0, name='log10_epsilon_B', latex_label='$\\log_{10}\\epsilon_B$', unit=None, boundary='reflective')
16:29 INFO    : log10_epsilon_e=Uniform(minimum=-5, maximum=0, name='log10_epsilon_e', latex_label='$\\log_{10}\\epsilon_e$', unit=None, boundary='reflective')
16:29 INFO    : luminosity_distance=1981.0
16:29 INFO    : luminosity_distance=1981.0
16:29 INFO    : Analysis likelihood class: <class 'nmma.em.likelihood.OpticalLightCurve'>
16:29 INFO    : log10_epsilon_B=Uniform(minimum=-10, maximum=0, name='log10_epsilon_B', latex_label='$\\log_{10}\\epsilon_B$', unit=None, boundary='reflective')
16:29 INFO    : log10_epsilon_B=Uniform(minimum=-10, maximum=0, name='log10_epsilon_B', latex_label='$\\log_{10}\\epsilon_B$', unit=None, boundary='reflective')
16:29 INFO    : Analysis likelihood noise evidence: 0.0
16:29 INFO    : luminosity_distance=1981.0
16:29 INFO    : log10_epsilon_B=Uniform(minimum=-10, maximum=0, name='log10_epsilon_B', latex_label='$\\log_{10}\\epsilon_B$', unit=None, boundary='reflective')
16:29 INFO    : log10_epsilon_B=Uniform(minimum=-10, maximum=0, name='log10_epsilon_B', latex_label='$\\log_{10}\\epsilon_B$', unit=None, boundary='reflective')
16:29 INFO    : Ebv=0.0
16:29 INFO    : Ebv=0.0
16:29 INFO    : Ebv=0.0
16:29 INFO    : Ebv=0.0
16:29 INFO    : Analysis likelihood class: <class 'nmma.em.likelihood.OpticalLightCurve'>
16:29 INFO    : Analysis likelihood class: <class 'nmma.em.likelihood.OpticalLightCurve'>
16:29 INFO    : timeshift=0.0
16:29 INFO    : timeshift=0.0
16:29 INFO    : Ebv=0.0
16:29 INFO    : log10_epsilon_B=Uniform(minimum=-10, maximum=0, name='log10_epsilon_B', latex_label='$\\log_{10}\\epsilon_B$', unit=None, boundary='reflective')
16:29 INFO    : Ebv=0.0
16:29 INFO    : log10_epsilon_B=Uniform(minimum=-10, maximum=0, name='log10_epsilon_B', latex_label='$\\log_{10}\\epsilon_B$', unit=None, boundary='reflective')
16:29 INFO    : Analysis likelihood noise evidence: 0.0
16:29 INFO    : timeshift=0.0
16:29 INFO    : timeshift=0.0
16:29 INFO    : Ebv=0.0
16:29 INFO    : timeshift=0.0
16:29 INFO    : timeshift=0.0
16:29 INFO    : Analysis likelihood class: <class 'nmma.em.likelihood.OpticalLightCurve'>
16:29 INFO    : Analysis likelihood class: <class 'nmma.em.likelihood.OpticalLightCurve'>
16:29 INFO    : Analysis likelihood class: <class 'nmma.em.likelihood.OpticalLightCurve'>
16:29 INFO    : Analysis likelihood class: <class 'nmma.em.likelihood.OpticalLightCurve'>
16:29 INFO    : Analysis likelihood noise evidence: 0.0
16:29 INFO    : luminosity_distance=1981.0
16:29 INFO    : log10_epsilon_B=Uniform(minimum=-10, maximum=0, name='log10_epsilon_B', latex_label='$\\log_{10}\\epsilon_B$', unit=None, boundary='reflective')
16:29 INFO    : Analysis likelihood noise evidence: 0.0
16:29 INFO    : luminosity_distance=1981.0
16:29 INFO    : timeshift=0.0
16:29 INFO    : Analysis likelihood class: <class 'nmma.em.likelihood.OpticalLightCurve'>
16:29 INFO    : Analysis likelihood class: <class 'nmma.em.likelihood.OpticalLightCurve'>
16:29 INFO    : luminosity_distance=1981.0
16:29 INFO    : timeshift=0.0
16:29 INFO    : luminosity_distance=1981.0
16:29 INFO    : log10_epsilon_B=Uniform(minimum=-10, maximum=0, name='log10_epsilon_B', latex_label='$\\log_{10}\\epsilon_B$', unit=None, boundary='reflective')
16:29 INFO    : luminosity_distance=1981.0
16:29 INFO    : Analysis likelihood class: <class 'nmma.em.likelihood.OpticalLightCurve'>
16:29 INFO    : luminosity_distance=1981.0
16:29 INFO    : Analysis likelihood noise evidence: 0.0
16:29 INFO    : log10_epsilon_B=Uniform(minimum=-10, maximum=0, name='log10_epsilon_B', latex_label='$\\log_{10}\\epsilon_B$', unit=None, boundary='reflective')
16:29 INFO    : Analysis likelihood noise evidence: 0.0
16:29 INFO    : Ebv=0.0
16:29 INFO    : Analysis likelihood noise evidence: 0.0
16:29 INFO    : log10_epsilon_B=Uniform(minimum=-10, maximum=0, name='log10_epsilon_B', latex_label='$\\log_{10}\\epsilon_B$', unit=None, boundary='reflective')
16:29 INFO    : log10_epsilon_B=Uniform(minimum=-10, maximum=0, name='log10_epsilon_B', latex_label='$\\log_{10}\\epsilon_B$', unit=None, boundary='reflective')
16:29 INFO    : Analysis likelihood noise evidence: 0.0
16:29 INFO    : log10_epsilon_B=Uniform(minimum=-10, maximum=0, name='log10_epsilon_B', latex_label='$\\log_{10}\\epsilon_B$', unit=None, boundary='reflective')
16:29 INFO    : log10_epsilon_B=Uniform(minimum=-10, maximum=0, name='log10_epsilon_B', latex_label='$\\log_{10}\\epsilon_B$', unit=None, boundary='reflective')
16:29 INFO    : timeshift=0.0
16:29 INFO    : Ebv=0.0
16:29 INFO    : luminosity_distance=1981.0
16:29 INFO    : Ebv=0.0
16:29 INFO    : Analysis likelihood noise evidence: 0.0
16:29 INFO    : Analysis likelihood noise evidence: 0.0
16:29 INFO    : Ebv=0.0
16:29 INFO    : luminosity_distance=1981.0
16:29 INFO    : Ebv=0.0
16:29 INFO    : Ebv=0.0
16:29 INFO    : timeshift=0.0
16:29 INFO    : Analysis likelihood noise evidence: 0.0
16:29 INFO    : timeshift=0.0
16:29 INFO    : Analysis likelihood class: <class 'nmma.em.likelihood.OpticalLightCurve'>
16:29 INFO    : timeshift=0.0
16:29 INFO    : timeshift=0.0
16:29 INFO    : Ebv=0.0
16:29 INFO    : timeshift=0.0
16:29 INFO    : luminosity_distance=1981.0
16:29 INFO    : timeshift=0.0
16:29 INFO    : Analysis likelihood class: <class 'nmma.em.likelihood.OpticalLightCurve'>
16:29 INFO    : Analysis likelihood class: <class 'nmma.em.likelihood.OpticalLightCurve'>
16:29 INFO    : Ebv=0.0
16:29 INFO    : Analysis likelihood class: <class 'nmma.em.likelihood.OpticalLightCurve'>
16:29 INFO    : Analysis likelihood class: <class 'nmma.em.likelihood.OpticalLightCurve'>
16:29 INFO    : Analysis likelihood class: <class 'nmma.em.likelihood.OpticalLightCurve'>
16:29 INFO    : luminosity_distance=1981.0
16:29 INFO    : luminosity_distance=1981.0
16:29 INFO    : luminosity_distance=1981.0
16:29 INFO    : Analysis likelihood noise evidence: 0.0
16:29 INFO    : luminosity_distance=1981.0
16:29 INFO    : Analysis likelihood class: <class 'nmma.em.likelihood.OpticalLightCurve'>
16:29 INFO    : Ebv=0.0
16:29 INFO    : luminosity_distance=1981.0
16:29 INFO    : luminosity_distance=1981.0
16:29 INFO    : Analysis likelihood noise evidence: 0.0
16:29 INFO    : Analysis likelihood noise evidence: 0.0
16:29 INFO    : Analysis likelihood noise evidence: 0.0
16:29 INFO    : Analysis likelihood noise evidence: 0.0
16:29 INFO    : Analysis likelihood class: <class 'nmma.em.likelihood.OpticalLightCurve'>
16:29 INFO    : Ebv=0.0
16:29 INFO    : Ebv=0.0
16:29 INFO    : Analysis likelihood noise evidence: 0.0
16:29 INFO    : Ebv=0.0
16:29 INFO    : Ebv=0.0
16:29 INFO    : Analysis likelihood noise evidence: 0.0
16:29 INFO    : Ebv=0.0
16:29 INFO    : Ebv=0.0
16:29 INFO    : Analysis likelihood class: <class 'nmma.em.likelihood.OpticalLightCurve'>
16:29 INFO    : Analysis likelihood class: <class 'nmma.em.likelihood.OpticalLightCurve'>
16:29 INFO    : Analysis likelihood noise evidence: 0.0
16:29 INFO    : Analysis likelihood class: <class 'nmma.em.likelihood.OpticalLightCurve'>
16:29 INFO    : Analysis likelihood class: <class 'nmma.em.likelihood.OpticalLightCurve'>
16:29 INFO    : Analysis likelihood class: <class 'nmma.em.likelihood.OpticalLightCurve'>
16:29 INFO    : Analysis likelihood class: <class 'nmma.em.likelihood.OpticalLightCurve'>
16:29 INFO    : Analysis likelihood class: <class 'nmma.em.likelihood.OpticalLightCurve'>
16:29 INFO    : Analysis likelihood noise evidence: 0.0
16:29 INFO    : Analysis likelihood noise evidence: 0.0
16:29 INFO    : Analysis likelihood noise evidence: 0.0
16:29 INFO    : Analysis likelihood noise evidence: 0.0
16:29 INFO    : Analysis likelihood noise evidence: 0.0
16:29 INFO    : Analysis likelihood noise evidence: 0.0
16:29 INFO    : Analysis likelihood noise evidence: 0.0
16:29 INFO    : Analysis priors:
16:29 INFO    : em_syserr=LogUniform(minimum=0.01, maximum=2.0, name='em_syserr', latex_label='$\\sigma$', unit=None, boundary=None)
16:29 INFO    : inclination_EM=Uniform(minimum=0.0, maximum=0.7853981633974483, name='inclination_EM', latex_label='$\\iota$', unit=None, boundary=None)
16:29 INFO    : log10_E0=Uniform(minimum=47.0, maximum=57.0, name='log10_E0', latex_label='$\\log_{10}E_0$', unit=None, boundary='reflective')
16:29 INFO    : thetaCore=Uniform(minimum=0.01, maximum=0.3141592653589793, name='theta_core', latex_label='$\\theta_c$', unit=None, boundary='reflective')
16:29 INFO    : log10_n0=Uniform(minimum=-6, maximum=3.0, name='log10_n0', latex_label='$\\log_{10}n_0$', unit=None, boundary='reflective')
16:29 INFO    : p=Uniform(minimum=2.01, maximum=3.0, name='p', latex_label='$p$', unit=None, boundary=None)
16:29 INFO    : log10_epsilon_e=Uniform(minimum=-5, maximum=0, name='log10_epsilon_e', latex_label='$\\log_{10}\\epsilon_e$', unit=None, boundary='reflective')
16:29 INFO    : log10_epsilon_B=Uniform(minimum=-10, maximum=0, name='log10_epsilon_B', latex_label='$\\log_{10}\\epsilon_B$', unit=None, boundary='reflective')
16:29 INFO    : timeshift=0.0
16:29 INFO    : luminosity_distance=1981.0
16:29 INFO    : Ebv=0.0
16:29 INFO    : Analysis likelihood class: <class 'nmma.em.likelihood.OpticalLightCurve'>
16:29 INFO    : Analysis likelihood noise evidence: 0.0
16:29 INFO    : Analysis priors:
16:29 INFO    : em_syserr=LogUniform(minimum=0.01, maximum=2.0, name='em_syserr', latex_label='$\\sigma$', unit=None, boundary=None)
16:29 INFO    : inclination_EM=Uniform(minimum=0.0, maximum=0.7853981633974483, name='inclination_EM', latex_label='$\\iota$', unit=None, boundary=None)
16:29 INFO    : log10_E0=Uniform(minimum=47.0, maximum=57.0, name='log10_E0', latex_label='$\\log_{10}E_0$', unit=None, boundary='reflective')
16:29 INFO    : thetaCore=Uniform(minimum=0.01, maximum=0.3141592653589793, name='theta_core', latex_label='$\\theta_c$', unit=None, boundary='reflective')
16:29 INFO    : log10_n0=Uniform(minimum=-6, maximum=3.0, name='log10_n0', latex_label='$\\log_{10}n_0$', unit=None, boundary='reflective')
16:29 INFO    : p=Uniform(minimum=2.01, maximum=3.0, name='p', latex_label='$p$', unit=None, boundary=None)
16:29 INFO    : log10_epsilon_e=Uniform(minimum=-5, maximum=0, name='log10_epsilon_e', latex_label='$\\log_{10}\\epsilon_e$', unit=None, boundary='reflective')
16:29 INFO    : log10_epsilon_B=Uniform(minimum=-10, maximum=0, name='log10_epsilon_B', latex_label='$\\log_{10}\\epsilon_B$', unit=None, boundary='reflective')
16:29 INFO    : timeshift=0.0
16:29 INFO    : luminosity_distance=1981.0
16:29 INFO    : Ebv=0.0
16:29 INFO    : Analysis likelihood class: <class 'nmma.em.likelihood.OpticalLightCurve'>
16:29 INFO    : Analysis likelihood noise evidence: 0.0
16:30 INFO    : Single likelihood evaluation took 5.021e-01 s
16:30 WARNING : Supplied argument 'queue_size' not an argument of 'Pymultinest', removing.
16:30 WARNING : Supplied argument 'check_point_delta_t' not an argument of 'Pymultinest', removing.
16:30 INFO    : Using sampler Pymultinest with kwargs {'importance_nested_sampling': False, 'resume': True, 'verbose': True, 'sampling_efficiency': 'parameter', 'n_live_points': 2048, 'n_params': 8, 'n_clustering_params': None, 'wrapped_params': None, 'multimodal': True, 'const_efficiency_mode': False, 'evidence_tolerance': 0.5, 'n_iter_before_update': 100, 'null_log_evidence': -1e+90, 'max_modes': 100, 'mode_tolerance': -1e+90, 'seed': 42, 'context': 0, 'write_output': True, 'log_zero': -1e+100, 'max_iter': 0, 'init_MPI': False, 'dump_callback': <bound method Pymultinest._dump_callback of <bilby.core.sampler.pymultinest.Pymultinest object at 0x1555045cdb80>>}
16:30 INFO    : Temporary directory incompatible with MPI, will run in original directory
16:30 INFO    : Using output file outdirGRBtophat32cores/pm_GRB230812B/
16:30 INFO    : Single likelihood evaluation took 5.203e-01 s
16:30 WARNING : Supplied argument 'queue_size' not an argument of 'Pymultinest', removing.
16:30 WARNING : Supplied argument 'check_point_delta_t' not an argument of 'Pymultinest', removing.
16:30 INFO    : Using sampler Pymultinest with kwargs {'importance_nested_sampling': False, 'resume': True, 'verbose': True, 'sampling_efficiency': 'parameter', 'n_live_points': 2048, 'n_params': 8, 'n_clustering_params': None, 'wrapped_params': None, 'multimodal': True, 'const_efficiency_mode': False, 'evidence_tolerance': 0.5, 'n_iter_before_update': 100, 'null_log_evidence': -1e+90, 'max_modes': 100, 'mode_tolerance': -1e+90, 'seed': 42, 'context': 0, 'write_output': True, 'log_zero': -1e+100, 'max_iter': 0, 'init_MPI': False, 'dump_callback': <bound method Pymultinest._dump_callback of <bilby.core.sampler.pymultinest.Pymultinest object at 0x1555085cfd90>>}
16:30 INFO    : Temporary directory incompatible with MPI, will run in original directory
16:30 INFO    : Using output file outdirGRBtophat32cores/pm_GRB230812B/
16:30 INFO    : Single likelihood evaluation took 5.354e-01 s
16:30 WARNING : Supplied argument 'queue_size' not an argument of 'Pymultinest', removing.
16:30 WARNING : Supplied argument 'check_point_delta_t' not an argument of 'Pymultinest', removing.
16:30 INFO    : Using sampler Pymultinest with kwargs {'importance_nested_sampling': False, 'resume': True, 'verbose': True, 'sampling_efficiency': 'parameter', 'n_live_points': 2048, 'n_params': 8, 'n_clustering_params': None, 'wrapped_params': None, 'multimodal': True, 'const_efficiency_mode': False, 'evidence_tolerance': 0.5, 'n_iter_before_update': 100, 'null_log_evidence': -1e+90, 'max_modes': 100, 'mode_tolerance': -1e+90, 'seed': 42, 'context': 0, 'write_output': True, 'log_zero': -1e+100, 'max_iter': 0, 'init_MPI': False, 'dump_callback': <bound method Pymultinest._dump_callback of <bilby.core.sampler.pymultinest.Pymultinest object at 0x1555045d2af0>>}
16:30 INFO    : Temporary directory incompatible with MPI, will run in original directory
16:30 INFO    : Using output file outdirGRBtophat32cores/pm_GRB230812B/
16:30 INFO    : Single likelihood evaluation took 5.501e-01 s
16:30 INFO    : Single likelihood evaluation took 5.491e-01 s
16:30 WARNING : Supplied argument 'queue_size' not an argument of 'Pymultinest', removing.
16:30 WARNING : Supplied argument 'check_point_delta_t' not an argument of 'Pymultinest', removing.
16:30 INFO    : Using sampler Pymultinest with kwargs {'importance_nested_sampling': False, 'resume': True, 'verbose': True, 'sampling_efficiency': 'parameter', 'n_live_points': 2048, 'n_params': 8, 'n_clustering_params': None, 'wrapped_params': None, 'multimodal': True, 'const_efficiency_mode': False, 'evidence_tolerance': 0.5, 'n_iter_before_update': 100, 'null_log_evidence': -1e+90, 'max_modes': 100, 'mode_tolerance': -1e+90, 'seed': 42, 'context': 0, 'write_output': True, 'log_zero': -1e+100, 'max_iter': 0, 'init_MPI': False, 'dump_callback': <bound method Pymultinest._dump_callback of <bilby.core.sampler.pymultinest.Pymultinest object at 0x1555085cfa90>>}
16:30 INFO    : Temporary directory incompatible with MPI, will run in original directory
16:30 INFO    : Using output file outdirGRBtophat32cores/pm_GRB230812B/
16:30 INFO    : Single likelihood evaluation took 5.503e-01 s
16:30 WARNING : Supplied argument 'queue_size' not an argument of 'Pymultinest', removing.
16:30 WARNING : Supplied argument 'check_point_delta_t' not an argument of 'Pymultinest', removing.
16:30 INFO    : Using sampler Pymultinest with kwargs {'importance_nested_sampling': False, 'resume': True, 'verbose': True, 'sampling_efficiency': 'parameter', 'n_live_points': 2048, 'n_params': 8, 'n_clustering_params': None, 'wrapped_params': None, 'multimodal': True, 'const_efficiency_mode': False, 'evidence_tolerance': 0.5, 'n_iter_before_update': 100, 'null_log_evidence': -1e+90, 'max_modes': 100, 'mode_tolerance': -1e+90, 'seed': 42, 'context': 0, 'write_output': True, 'log_zero': -1e+100, 'max_iter': 0, 'init_MPI': False, 'dump_callback': <bound method Pymultinest._dump_callback of <bilby.core.sampler.pymultinest.Pymultinest object at 0x1555045cccd0>>}
16:30 INFO    : Temporary directory incompatible with MPI, will run in original directory
16:30 INFO    : Using output file outdirGRBtophat32cores/pm_GRB230812B/
16:30 INFO    : Single likelihood evaluation took 5.547e-01 s
16:30 INFO    : Single likelihood evaluation took 5.599e-01 s
16:30 WARNING : Supplied argument 'queue_size' not an argument of 'Pymultinest', removing.
16:30 WARNING : Supplied argument 'check_point_delta_t' not an argument of 'Pymultinest', removing.
16:30 INFO    : Using sampler Pymultinest with kwargs {'importance_nested_sampling': False, 'resume': True, 'verbose': True, 'sampling_efficiency': 'parameter', 'n_live_points': 2048, 'n_params': 8, 'n_clustering_params': None, 'wrapped_params': None, 'multimodal': True, 'const_efficiency_mode': False, 'evidence_tolerance': 0.5, 'n_iter_before_update': 100, 'null_log_evidence': -1e+90, 'max_modes': 100, 'mode_tolerance': -1e+90, 'seed': 42, 'context': 0, 'write_output': True, 'log_zero': -1e+100, 'max_iter': 0, 'init_MPI': False, 'dump_callback': <bound method Pymultinest._dump_callback of <bilby.core.sampler.pymultinest.Pymultinest object at 0x1555085cdf10>>}
16:30 INFO    : Temporary directory incompatible with MPI, will run in original directory
16:30 INFO    : Using output file outdirGRBtophat32cores/pm_GRB230812B/
16:30 WARNING : Supplied argument 'queue_size' not an argument of 'Pymultinest', removing.
16:30 WARNING : Supplied argument 'check_point_delta_t' not an argument of 'Pymultinest', removing.
16:30 INFO    : Using sampler Pymultinest with kwargs {'importance_nested_sampling': False, 'resume': True, 'verbose': True, 'sampling_efficiency': 'parameter', 'n_live_points': 2048, 'n_params': 8, 'n_clustering_params': None, 'wrapped_params': None, 'multimodal': True, 'const_efficiency_mode': False, 'evidence_tolerance': 0.5, 'n_iter_before_update': 100, 'null_log_evidence': -1e+90, 'max_modes': 100, 'mode_tolerance': -1e+90, 'seed': 42, 'context': 0, 'write_output': True, 'log_zero': -1e+100, 'max_iter': 0, 'init_MPI': False, 'dump_callback': <bound method Pymultinest._dump_callback of <bilby.core.sampler.pymultinest.Pymultinest object at 0x1555045d2e80>>}
16:30 INFO    : Temporary directory incompatible with MPI, will run in original directory
16:30 INFO    : Using output file outdirGRBtophat32cores/pm_GRB230812B/
16:30 WARNING : Supplied argument 'queue_size' not an argument of 'Pymultinest', removing.
16:30 WARNING : Supplied argument 'check_point_delta_t' not an argument of 'Pymultinest', removing.
16:30 INFO    : Using sampler Pymultinest with kwargs {'importance_nested_sampling': False, 'resume': True, 'verbose': True, 'sampling_efficiency': 'parameter', 'n_live_points': 2048, 'n_params': 8, 'n_clustering_params': None, 'wrapped_params': None, 'multimodal': True, 'const_efficiency_mode': False, 'evidence_tolerance': 0.5, 'n_iter_before_update': 100, 'null_log_evidence': -1e+90, 'max_modes': 100, 'mode_tolerance': -1e+90, 'seed': 42, 'context': 0, 'write_output': True, 'log_zero': -1e+100, 'max_iter': 0, 'init_MPI': False, 'dump_callback': <bound method Pymultinest._dump_callback of <bilby.core.sampler.pymultinest.Pymultinest object at 0x1555085cfbe0>>}
16:30 INFO    : Temporary directory incompatible with MPI, will run in original directory
16:30 INFO    : Using output file outdirGRBtophat32cores/pm_GRB230812B/
16:30 INFO    : Single likelihood evaluation took 5.642e-01 s
16:30 INFO    : Single likelihood evaluation took 5.662e-01 s
16:30 INFO    : Single likelihood evaluation took 5.549e-01 s
16:30 WARNING : Supplied argument 'queue_size' not an argument of 'Pymultinest', removing.
16:30 WARNING : Supplied argument 'check_point_delta_t' not an argument of 'Pymultinest', removing.
16:30 INFO    : Using sampler Pymultinest with kwargs {'importance_nested_sampling': False, 'resume': True, 'verbose': True, 'sampling_efficiency': 'parameter', 'n_live_points': 2048, 'n_params': 8, 'n_clustering_params': None, 'wrapped_params': None, 'multimodal': True, 'const_efficiency_mode': False, 'evidence_tolerance': 0.5, 'n_iter_before_update': 100, 'null_log_evidence': -1e+90, 'max_modes': 100, 'mode_tolerance': -1e+90, 'seed': 42, 'context': 0, 'write_output': True, 'log_zero': -1e+100, 'max_iter': 0, 'init_MPI': False, 'dump_callback': <bound method Pymultinest._dump_callback of <bilby.core.sampler.pymultinest.Pymultinest object at 0x1555085cff70>>}
16:30 INFO    : Temporary directory incompatible with MPI, will run in original directory
16:30 INFO    : Using output file outdirGRBtophat32cores/pm_GRB230812B/
16:30 WARNING : Supplied argument 'queue_size' not an argument of 'Pymultinest', removing.
16:30 WARNING : Supplied argument 'check_point_delta_t' not an argument of 'Pymultinest', removing.
16:30 INFO    : Using sampler Pymultinest with kwargs {'importance_nested_sampling': False, 'resume': True, 'verbose': True, 'sampling_efficiency': 'parameter', 'n_live_points': 2048, 'n_params': 8, 'n_clustering_params': None, 'wrapped_params': None, 'multimodal': True, 'const_efficiency_mode': False, 'evidence_tolerance': 0.5, 'n_iter_before_update': 100, 'null_log_evidence': -1e+90, 'max_modes': 100, 'mode_tolerance': -1e+90, 'seed': 42, 'context': 0, 'write_output': True, 'log_zero': -1e+100, 'max_iter': 0, 'init_MPI': False, 'dump_callback': <bound method Pymultinest._dump_callback of <bilby.core.sampler.pymultinest.Pymultinest object at 0x1555085caf70>>}
16:30 INFO    : Temporary directory incompatible with MPI, will run in original directory
16:30 INFO    : Using output file outdirGRBtophat32cores/pm_GRB230812B/
16:30 WARNING : Supplied argument 'queue_size' not an argument of 'Pymultinest', removing.
16:30 WARNING : Supplied argument 'check_point_delta_t' not an argument of 'Pymultinest', removing.
16:30 INFO    : Using sampler Pymultinest with kwargs {'importance_nested_sampling': False, 'resume': True, 'verbose': True, 'sampling_efficiency': 'parameter', 'n_live_points': 2048, 'n_params': 8, 'n_clustering_params': None, 'wrapped_params': None, 'multimodal': True, 'const_efficiency_mode': False, 'evidence_tolerance': 0.5, 'n_iter_before_update': 100, 'null_log_evidence': -1e+90, 'max_modes': 100, 'mode_tolerance': -1e+90, 'seed': 42, 'context': 0, 'write_output': True, 'log_zero': -1e+100, 'max_iter': 0, 'init_MPI': False, 'dump_callback': <bound method Pymultinest._dump_callback of <bilby.core.sampler.pymultinest.Pymultinest object at 0x1555045ccc40>>}
16:30 INFO    : Temporary directory incompatible with MPI, will run in original directory
16:30 INFO    : Using output file outdirGRBtophat32cores/pm_GRB230812B/
16:30 INFO    : Single likelihood evaluation took 5.715e-01 s
16:30 INFO    : Single likelihood evaluation took 5.749e-01 s
16:30 WARNING : Supplied argument 'queue_size' not an argument of 'Pymultinest', removing.
16:30 WARNING : Supplied argument 'check_point_delta_t' not an argument of 'Pymultinest', removing.
16:30 INFO    : Using sampler Pymultinest with kwargs {'importance_nested_sampling': False, 'resume': True, 'verbose': True, 'sampling_efficiency': 'parameter', 'n_live_points': 2048, 'n_params': 8, 'n_clustering_params': None, 'wrapped_params': None, 'multimodal': True, 'const_efficiency_mode': False, 'evidence_tolerance': 0.5, 'n_iter_before_update': 100, 'null_log_evidence': -1e+90, 'max_modes': 100, 'mode_tolerance': -1e+90, 'seed': 42, 'context': 0, 'write_output': True, 'log_zero': -1e+100, 'max_iter': 0, 'init_MPI': False, 'dump_callback': <bound method Pymultinest._dump_callback of <bilby.core.sampler.pymultinest.Pymultinest object at 0x1555045c9be0>>}
16:30 INFO    : Temporary directory incompatible with MPI, will run in original directory
16:30 INFO    : Using output file outdirGRBtophat32cores/pm_GRB230812B/
16:30 INFO    : Single likelihood evaluation took 5.784e-01 s
16:30 INFO    : Single likelihood evaluation took 5.833e-01 s
16:30 WARNING : Supplied argument 'queue_size' not an argument of 'Pymultinest', removing.
16:30 WARNING : Supplied argument 'check_point_delta_t' not an argument of 'Pymultinest', removing.
16:30 INFO    : Using sampler Pymultinest with kwargs {'importance_nested_sampling': False, 'resume': True, 'verbose': True, 'sampling_efficiency': 'parameter', 'n_live_points': 2048, 'n_params': 8, 'n_clustering_params': None, 'wrapped_params': None, 'multimodal': True, 'const_efficiency_mode': False, 'evidence_tolerance': 0.5, 'n_iter_before_update': 100, 'null_log_evidence': -1e+90, 'max_modes': 100, 'mode_tolerance': -1e+90, 'seed': 42, 'context': 0, 'write_output': True, 'log_zero': -1e+100, 'max_iter': 0, 'init_MPI': False, 'dump_callback': <bound method Pymultinest._dump_callback of <bilby.core.sampler.pymultinest.Pymultinest object at 0x1555085d4c40>>}
16:30 INFO    : Temporary directory incompatible with MPI, will run in original directory
16:30 INFO    : Using output file outdirGRBtophat32cores/pm_GRB230812B/
16:30 WARNING : Supplied argument 'queue_size' not an argument of 'Pymultinest', removing.
16:30 WARNING : Supplied argument 'check_point_delta_t' not an argument of 'Pymultinest', removing.
16:30 INFO    : Using sampler Pymultinest with kwargs {'importance_nested_sampling': False, 'resume': True, 'verbose': True, 'sampling_efficiency': 'parameter', 'n_live_points': 2048, 'n_params': 8, 'n_clustering_params': None, 'wrapped_params': None, 'multimodal': True, 'const_efficiency_mode': False, 'evidence_tolerance': 0.5, 'n_iter_before_update': 100, 'null_log_evidence': -1e+90, 'max_modes': 100, 'mode_tolerance': -1e+90, 'seed': 42, 'context': 0, 'write_output': True, 'log_zero': -1e+100, 'max_iter': 0, 'init_MPI': False, 'dump_callback': <bound method Pymultinest._dump_callback of <bilby.core.sampler.pymultinest.Pymultinest object at 0x1555085ceb50>>}
16:30 INFO    : Temporary directory incompatible with MPI, will run in original directory
16:30 INFO    : Using output file outdirGRBtophat32cores/pm_GRB230812B/
16:30 INFO    : Single likelihood evaluation took 5.838e-01 s
16:30 WARNING : Supplied argument 'queue_size' not an argument of 'Pymultinest', removing.
16:30 WARNING : Supplied argument 'check_point_delta_t' not an argument of 'Pymultinest', removing.
16:30 INFO    : Using sampler Pymultinest with kwargs {'importance_nested_sampling': False, 'resume': True, 'verbose': True, 'sampling_efficiency': 'parameter', 'n_live_points': 2048, 'n_params': 8, 'n_clustering_params': None, 'wrapped_params': None, 'multimodal': True, 'const_efficiency_mode': False, 'evidence_tolerance': 0.5, 'n_iter_before_update': 100, 'null_log_evidence': -1e+90, 'max_modes': 100, 'mode_tolerance': -1e+90, 'seed': 42, 'context': 0, 'write_output': True, 'log_zero': -1e+100, 'max_iter': 0, 'init_MPI': False, 'dump_callback': <bound method Pymultinest._dump_callback of <bilby.core.sampler.pymultinest.Pymultinest object at 0x1555045cdf10>>}
16:30 INFO    : Temporary directory incompatible with MPI, will run in original directory
16:30 INFO    : Using output file outdirGRBtophat32cores/pm_GRB230812B/
16:30 WARNING : Supplied argument 'queue_size' not an argument of 'Pymultinest', removing.
16:30 WARNING : Supplied argument 'check_point_delta_t' not an argument of 'Pymultinest', removing.
16:30 INFO    : Using sampler Pymultinest with kwargs {'importance_nested_sampling': False, 'resume': True, 'verbose': True, 'sampling_efficiency': 'parameter', 'n_live_points': 2048, 'n_params': 8, 'n_clustering_params': None, 'wrapped_params': None, 'multimodal': True, 'const_efficiency_mode': False, 'evidence_tolerance': 0.5, 'n_iter_before_update': 100, 'null_log_evidence': -1e+90, 'max_modes': 100, 'mode_tolerance': -1e+90, 'seed': 42, 'context': 0, 'write_output': True, 'log_zero': -1e+100, 'max_iter': 0, 'init_MPI': False, 'dump_callback': <bound method Pymultinest._dump_callback of <bilby.core.sampler.pymultinest.Pymultinest object at 0x1555045cab50>>}
16:30 INFO    : Temporary directory incompatible with MPI, will run in original directory
16:30 INFO    : Using output file outdirGRBtophat32cores/pm_GRB230812B/
16:30 INFO    : Single likelihood evaluation took 5.881e-01 s
16:30 WARNING : Supplied argument 'queue_size' not an argument of 'Pymultinest', removing.
16:30 WARNING : Supplied argument 'check_point_delta_t' not an argument of 'Pymultinest', removing.
16:30 INFO    : Using sampler Pymultinest with kwargs {'importance_nested_sampling': False, 'resume': True, 'verbose': True, 'sampling_efficiency': 'parameter', 'n_live_points': 2048, 'n_params': 8, 'n_clustering_params': None, 'wrapped_params': None, 'multimodal': True, 'const_efficiency_mode': False, 'evidence_tolerance': 0.5, 'n_iter_before_update': 100, 'null_log_evidence': -1e+90, 'max_modes': 100, 'mode_tolerance': -1e+90, 'seed': 42, 'context': 0, 'write_output': True, 'log_zero': -1e+100, 'max_iter': 0, 'init_MPI': False, 'dump_callback': <bound method Pymultinest._dump_callback of <bilby.core.sampler.pymultinest.Pymultinest object at 0x1555045d5a60>>}
16:30 INFO    : Temporary directory incompatible with MPI, will run in original directory
16:30 INFO    : Using output file outdirGRBtophat32cores/pm_GRB230812B/
16:30 INFO    : Single likelihood evaluation took 5.953e-01 s
16:30 INFO    : Single likelihood evaluation took 5.955e-01 s
16:30 WARNING : Supplied argument 'queue_size' not an argument of 'Pymultinest', removing.
16:30 WARNING : Supplied argument 'check_point_delta_t' not an argument of 'Pymultinest', removing.
16:30 INFO    : Using sampler Pymultinest with kwargs {'importance_nested_sampling': False, 'resume': True, 'verbose': True, 'sampling_efficiency': 'parameter', 'n_live_points': 2048, 'n_params': 8, 'n_clustering_params': None, 'wrapped_params': None, 'multimodal': True, 'const_efficiency_mode': False, 'evidence_tolerance': 0.5, 'n_iter_before_update': 100, 'null_log_evidence': -1e+90, 'max_modes': 100, 'mode_tolerance': -1e+90, 'seed': 42, 'context': 0, 'write_output': True, 'log_zero': -1e+100, 'max_iter': 0, 'init_MPI': False, 'dump_callback': <bound method Pymultinest._dump_callback of <bilby.core.sampler.pymultinest.Pymultinest object at 0x1555085d1f70>>}
16:30 INFO    : Temporary directory incompatible with MPI, will run in original directory
16:30 INFO    : Using output file outdirGRBtophat32cores/pm_GRB230812B/
16:30 INFO    : Single likelihood evaluation took 5.972e-01 s
16:30 WARNING : Supplied argument 'queue_size' not an argument of 'Pymultinest', removing.
16:30 WARNING : Supplied argument 'check_point_delta_t' not an argument of 'Pymultinest', removing.
16:30 INFO    : Using sampler Pymultinest with kwargs {'importance_nested_sampling': False, 'resume': True, 'verbose': True, 'sampling_efficiency': 'parameter', 'n_live_points': 2048, 'n_params': 8, 'n_clustering_params': None, 'wrapped_params': None, 'multimodal': True, 'const_efficiency_mode': False, 'evidence_tolerance': 0.5, 'n_iter_before_update': 100, 'null_log_evidence': -1e+90, 'max_modes': 100, 'mode_tolerance': -1e+90, 'seed': 42, 'context': 0, 'write_output': True, 'log_zero': -1e+100, 'max_iter': 0, 'init_MPI': False, 'dump_callback': <bound method Pymultinest._dump_callback of <bilby.core.sampler.pymultinest.Pymultinest object at 0x15553fbe1af0>>}
16:30 INFO    : Temporary directory incompatible with MPI, will run in original directory
16:30 INFO    : Using output file outdirGRBtophat32cores/pm_GRB230812B/
16:30 WARNING : Supplied argument 'queue_size' not an argument of 'Pymultinest', removing.
16:30 WARNING : Supplied argument 'check_point_delta_t' not an argument of 'Pymultinest', removing.
16:30 INFO    : Using sampler Pymultinest with kwargs {'importance_nested_sampling': False, 'resume': True, 'verbose': True, 'sampling_efficiency': 'parameter', 'n_live_points': 2048, 'n_params': 8, 'n_clustering_params': None, 'wrapped_params': None, 'multimodal': True, 'const_efficiency_mode': False, 'evidence_tolerance': 0.5, 'n_iter_before_update': 100, 'null_log_evidence': -1e+90, 'max_modes': 100, 'mode_tolerance': -1e+90, 'seed': 42, 'context': 0, 'write_output': True, 'log_zero': -1e+100, 'max_iter': 0, 'init_MPI': False, 'dump_callback': <bound method Pymultinest._dump_callback of <bilby.core.sampler.pymultinest.Pymultinest object at 0x1555045d0d90>>}
16:30 INFO    : Temporary directory incompatible with MPI, will run in original directory
16:30 INFO    : Using output file outdirGRBtophat32cores/pm_GRB230812B/
16:30 INFO    : Single likelihood evaluation took 6.048e-01 s
16:30 INFO    : Single likelihood evaluation took 5.889e-01 s
16:30 WARNING : Supplied argument 'queue_size' not an argument of 'Pymultinest', removing.
16:30 WARNING : Supplied argument 'check_point_delta_t' not an argument of 'Pymultinest', removing.
16:30 INFO    : Using sampler Pymultinest with kwargs {'importance_nested_sampling': False, 'resume': True, 'verbose': True, 'sampling_efficiency': 'parameter', 'n_live_points': 2048, 'n_params': 8, 'n_clustering_params': None, 'wrapped_params': None, 'multimodal': True, 'const_efficiency_mode': False, 'evidence_tolerance': 0.5, 'n_iter_before_update': 100, 'null_log_evidence': -1e+90, 'max_modes': 100, 'mode_tolerance': -1e+90, 'seed': 42, 'context': 0, 'write_output': True, 'log_zero': -1e+100, 'max_iter': 0, 'init_MPI': False, 'dump_callback': <bound method Pymultinest._dump_callback of <bilby.core.sampler.pymultinest.Pymultinest object at 0x1555045cef70>>}
16:30 INFO    : Temporary directory incompatible with MPI, will run in original directory
16:30 INFO    : Using output file outdirGRBtophat32cores/pm_GRB230812B/
16:30 INFO    : Single likelihood evaluation took 6.104e-01 s
16:30 WARNING : Supplied argument 'queue_size' not an argument of 'Pymultinest', removing.
16:30 WARNING : Supplied argument 'check_point_delta_t' not an argument of 'Pymultinest', removing.
16:30 INFO    : Using sampler Pymultinest with kwargs {'importance_nested_sampling': False, 'resume': True, 'verbose': True, 'sampling_efficiency': 'parameter', 'n_live_points': 2048, 'n_params': 8, 'n_clustering_params': None, 'wrapped_params': None, 'multimodal': True, 'const_efficiency_mode': False, 'evidence_tolerance': 0.5, 'n_iter_before_update': 100, 'null_log_evidence': -1e+90, 'max_modes': 100, 'mode_tolerance': -1e+90, 'seed': 42, 'context': 0, 'write_output': True, 'log_zero': -1e+100, 'max_iter': 0, 'init_MPI': False, 'dump_callback': <bound method Pymultinest._dump_callback of <bilby.core.sampler.pymultinest.Pymultinest object at 0x1555085c8b80>>}
16:30 INFO    : Temporary directory incompatible with MPI, will run in original directory
16:30 INFO    : Using output file outdirGRBtophat32cores/pm_GRB230812B/
16:30 INFO    : Single likelihood evaluation took 6.095e-01 s
16:30 INFO    : Single likelihood evaluation took 6.115e-01 s
16:30 WARNING : Supplied argument 'queue_size' not an argument of 'Pymultinest', removing.
16:30 WARNING : Supplied argument 'check_point_delta_t' not an argument of 'Pymultinest', removing.
16:30 INFO    : Using sampler Pymultinest with kwargs {'importance_nested_sampling': False, 'resume': True, 'verbose': True, 'sampling_efficiency': 'parameter', 'n_live_points': 2048, 'n_params': 8, 'n_clustering_params': None, 'wrapped_params': None, 'multimodal': True, 'const_efficiency_mode': False, 'evidence_tolerance': 0.5, 'n_iter_before_update': 100, 'null_log_evidence': -1e+90, 'max_modes': 100, 'mode_tolerance': -1e+90, 'seed': 42, 'context': 0, 'write_output': True, 'log_zero': -1e+100, 'max_iter': 0, 'init_MPI': False, 'dump_callback': <bound method Pymultinest._dump_callback of <bilby.core.sampler.pymultinest.Pymultinest object at 0x1555085d2f10>>}
16:30 INFO    : Temporary directory incompatible with MPI, will run in original directory
16:30 INFO    : Using output file outdirGRBtophat32cores/pm_GRB230812B/
16:30 INFO    : Single likelihood evaluation took 6.101e-01 s
16:30 WARNING : Supplied argument 'queue_size' not an argument of 'Pymultinest', removing.
16:30 WARNING : Supplied argument 'check_point_delta_t' not an argument of 'Pymultinest', removing.
16:30 INFO    : Using sampler Pymultinest with kwargs {'importance_nested_sampling': False, 'resume': True, 'verbose': True, 'sampling_efficiency': 'parameter', 'n_live_points': 2048, 'n_params': 8, 'n_clustering_params': None, 'wrapped_params': None, 'multimodal': True, 'const_efficiency_mode': False, 'evidence_tolerance': 0.5, 'n_iter_before_update': 100, 'null_log_evidence': -1e+90, 'max_modes': 100, 'mode_tolerance': -1e+90, 'seed': 42, 'context': 0, 'write_output': True, 'log_zero': -1e+100, 'max_iter': 0, 'init_MPI': False, 'dump_callback': <bound method Pymultinest._dump_callback of <bilby.core.sampler.pymultinest.Pymultinest object at 0x1555085d2f70>>}
16:30 INFO    : Temporary directory incompatible with MPI, will run in original directory
16:30 INFO    : Using output file outdirGRBtophat32cores/pm_GRB230812B/
16:30 WARNING : Supplied argument 'queue_size' not an argument of 'Pymultinest', removing.
16:30 WARNING : Supplied argument 'check_point_delta_t' not an argument of 'Pymultinest', removing.
16:30 INFO    : Using sampler Pymultinest with kwargs {'importance_nested_sampling': False, 'resume': True, 'verbose': True, 'sampling_efficiency': 'parameter', 'n_live_points': 2048, 'n_params': 8, 'n_clustering_params': None, 'wrapped_params': None, 'multimodal': True, 'const_efficiency_mode': False, 'evidence_tolerance': 0.5, 'n_iter_before_update': 100, 'null_log_evidence': -1e+90, 'max_modes': 100, 'mode_tolerance': -1e+90, 'seed': 42, 'context': 0, 'write_output': True, 'log_zero': -1e+100, 'max_iter': 0, 'init_MPI': False, 'dump_callback': <bound method Pymultinest._dump_callback of <bilby.core.sampler.pymultinest.Pymultinest object at 0x155554476040>>}
16:30 INFO    : Temporary directory incompatible with MPI, will run in original directory
16:30 INFO    : Using output file outdirGRBtophat32cores/pm_GRB230812B/
16:30 WARNING : Supplied argument 'queue_size' not an argument of 'Pymultinest', removing.
16:30 WARNING : Supplied argument 'check_point_delta_t' not an argument of 'Pymultinest', removing.
16:30 INFO    : Using sampler Pymultinest with kwargs {'importance_nested_sampling': False, 'resume': True, 'verbose': True, 'sampling_efficiency': 'parameter', 'n_live_points': 2048, 'n_params': 8, 'n_clustering_params': None, 'wrapped_params': None, 'multimodal': True, 'const_efficiency_mode': False, 'evidence_tolerance': 0.5, 'n_iter_before_update': 100, 'null_log_evidence': -1e+90, 'max_modes': 100, 'mode_tolerance': -1e+90, 'seed': 42, 'context': 0, 'write_output': True, 'log_zero': -1e+100, 'max_iter': 0, 'init_MPI': False, 'dump_callback': <bound method Pymultinest._dump_callback of <bilby.core.sampler.pymultinest.Pymultinest object at 0x1555045ceeb0>>}
16:30 INFO    : Temporary directory incompatible with MPI, will run in original directory
16:30 INFO    : Using output file outdirGRBtophat32cores/pm_GRB230812B/
16:30 INFO    : Single likelihood evaluation took 6.371e-01 s
16:30 INFO    : Single likelihood evaluation took 6.376e-01 s
16:30 INFO    : Single likelihood evaluation took 6.339e-01 s
16:30 WARNING : Supplied argument 'queue_size' not an argument of 'Pymultinest', removing.
16:30 WARNING : Supplied argument 'check_point_delta_t' not an argument of 'Pymultinest', removing.
16:30 INFO    : Using sampler Pymultinest with kwargs {'importance_nested_sampling': False, 'resume': True, 'verbose': True, 'sampling_efficiency': 'parameter', 'n_live_points': 2048, 'n_params': 8, 'n_clustering_params': None, 'wrapped_params': None, 'multimodal': True, 'const_efficiency_mode': False, 'evidence_tolerance': 0.5, 'n_iter_before_update': 100, 'null_log_evidence': -1e+90, 'max_modes': 100, 'mode_tolerance': -1e+90, 'seed': 42, 'context': 0, 'write_output': True, 'log_zero': -1e+100, 'max_iter': 0, 'init_MPI': False, 'dump_callback': <bound method Pymultinest._dump_callback of <bilby.core.sampler.pymultinest.Pymultinest object at 0x1555045d0b80>>}
16:30 INFO    : Temporary directory incompatible with MPI, will run in original directory
16:30 INFO    : Using output file outdirGRBtophat32cores/pm_GRB230812B/
16:30 INFO    : Single likelihood evaluation took 6.411e-01 s
16:30 WARNING : Supplied argument 'queue_size' not an argument of 'Pymultinest', removing.
16:30 WARNING : Supplied argument 'check_point_delta_t' not an argument of 'Pymultinest', removing.
16:30 INFO    : Using sampler Pymultinest with kwargs {'importance_nested_sampling': False, 'resume': True, 'verbose': True, 'sampling_efficiency': 'parameter', 'n_live_points': 2048, 'n_params': 8, 'n_clustering_params': None, 'wrapped_params': None, 'multimodal': True, 'const_efficiency_mode': False, 'evidence_tolerance': 0.5, 'n_iter_before_update': 100, 'null_log_evidence': -1e+90, 'max_modes': 100, 'mode_tolerance': -1e+90, 'seed': 42, 'context': 0, 'write_output': True, 'log_zero': -1e+100, 'max_iter': 0, 'init_MPI': False, 'dump_callback': <bound method Pymultinest._dump_callback of <bilby.core.sampler.pymultinest.Pymultinest object at 0x1555045ceca0>>}
16:30 INFO    : Temporary directory incompatible with MPI, will run in original directory
16:30 INFO    : Using output file outdirGRBtophat32cores/pm_GRB230812B/
16:30 WARNING : Supplied argument 'queue_size' not an argument of 'Pymultinest', removing.
16:30 WARNING : Supplied argument 'check_point_delta_t' not an argument of 'Pymultinest', removing.
16:30 INFO    : Using sampler Pymultinest with kwargs {'importance_nested_sampling': False, 'resume': True, 'verbose': True, 'sampling_efficiency': 'parameter', 'n_live_points': 2048, 'n_params': 8, 'n_clustering_params': None, 'wrapped_params': None, 'multimodal': True, 'const_efficiency_mode': False, 'evidence_tolerance': 0.5, 'n_iter_before_update': 100, 'null_log_evidence': -1e+90, 'max_modes': 100, 'mode_tolerance': -1e+90, 'seed': 42, 'context': 0, 'write_output': True, 'log_zero': -1e+100, 'max_iter': 0, 'init_MPI': False, 'dump_callback': <bound method Pymultinest._dump_callback of <bilby.core.sampler.pymultinest.Pymultinest object at 0x1555085cce80>>}
16:30 INFO    : Temporary directory incompatible with MPI, will run in original directory
16:30 INFO    : Using output file outdirGRBtophat32cores/pm_GRB230812B/
16:30 WARNING : Supplied argument 'queue_size' not an argument of 'Pymultinest', removing.
16:30 WARNING : Supplied argument 'check_point_delta_t' not an argument of 'Pymultinest', removing.
16:30 INFO    : Using sampler Pymultinest with kwargs {'importance_nested_sampling': False, 'resume': True, 'verbose': True, 'sampling_efficiency': 'parameter', 'n_live_points': 2048, 'n_params': 8, 'n_clustering_params': None, 'wrapped_params': None, 'multimodal': True, 'const_efficiency_mode': False, 'evidence_tolerance': 0.5, 'n_iter_before_update': 100, 'null_log_evidence': -1e+90, 'max_modes': 100, 'mode_tolerance': -1e+90, 'seed': 42, 'context': 0, 'write_output': True, 'log_zero': -1e+100, 'max_iter': 0, 'init_MPI': False, 'dump_callback': <bound method Pymultinest._dump_callback of <bilby.core.sampler.pymultinest.Pymultinest object at 0x1555045cbf70>>}
16:30 INFO    : Temporary directory incompatible with MPI, will run in original directory
16:30 INFO    : Using output file outdirGRBtophat32cores/pm_GRB230812B/
16:30 INFO    : Single likelihood evaluation took 6.806e-01 s
16:30 WARNING : Supplied argument 'queue_size' not an argument of 'Pymultinest', removing.
16:30 WARNING : Supplied argument 'check_point_delta_t' not an argument of 'Pymultinest', removing.
16:30 INFO    : Using sampler Pymultinest with kwargs {'importance_nested_sampling': False, 'resume': True, 'verbose': True, 'sampling_efficiency': 'parameter', 'n_live_points': 2048, 'n_params': 8, 'n_clustering_params': None, 'wrapped_params': None, 'multimodal': True, 'const_efficiency_mode': False, 'evidence_tolerance': 0.5, 'n_iter_before_update': 100, 'null_log_evidence': -1e+90, 'max_modes': 100, 'mode_tolerance': -1e+90, 'seed': 42, 'context': 0, 'write_output': True, 'log_zero': -1e+100, 'max_iter': 0, 'init_MPI': False, 'dump_callback': <bound method Pymultinest._dump_callback of <bilby.core.sampler.pymultinest.Pymultinest object at 0x1555085d2eb0>>}
16:30 INFO    : Temporary directory incompatible with MPI, will run in original directory
16:30 INFO    : Using output file outdirGRBtophat32cores/pm_GRB230812B/
16:30 INFO    : Single likelihood evaluation took 6.899e-01 s
16:30 WARNING : Supplied argument 'queue_size' not an argument of 'Pymultinest', removing.
16:30 WARNING : Supplied argument 'check_point_delta_t' not an argument of 'Pymultinest', removing.
16:30 INFO    : Using sampler Pymultinest with kwargs {'importance_nested_sampling': False, 'resume': True, 'verbose': True, 'sampling_efficiency': 'parameter', 'n_live_points': 2048, 'n_params': 8, 'n_clustering_params': None, 'wrapped_params': None, 'multimodal': True, 'const_efficiency_mode': False, 'evidence_tolerance': 0.5, 'n_iter_before_update': 100, 'null_log_evidence': -1e+90, 'max_modes': 100, 'mode_tolerance': -1e+90, 'seed': 42, 'context': 0, 'write_output': True, 'log_zero': -1e+100, 'max_iter': 0, 'init_MPI': False, 'dump_callback': <bound method Pymultinest._dump_callback of <bilby.core.sampler.pymultinest.Pymultinest object at 0x1555085cdee0>>}
16:30 INFO    : Temporary directory incompatible with MPI, will run in original directory
16:30 INFO    : Using output file outdirGRBtophat32cores/pm_GRB230812B/
19:26 INFO    : Sampling time: 2:55:45.925125
19:26 INFO    : Sampling time: 2:55:50.073641
19:26 INFO    : Sampling time: 2:55:49.119752
19:26 INFO    : Sampling time: 2:55:47.484253
19:26 INFO    : Sampling time: 2:55:47.660591
19:26 INFO    : Sampling time: 2:55:50.867997
19:26 INFO    : Sampling time: 2:55:40.959167
19:26 INFO    : Sampling time: 2:55:39.876527
19:26 INFO    : Sampling time: 2:55:46.325260
19:26 INFO    : Sampling time: 2:55:48.603885
19:26 INFO    : Sampling time: 2:55:51.743356
19:26 INFO    : Sampling time: 2:55:49.209364
19:26 INFO    : Sampling time: 2:55:49.752537
19:26 INFO    : Sampling time: 2:55:47.217963
19:26 INFO    : Sampling time: 2:55:45.019306
19:26 INFO    : Sampling time: 2:55:46.560345
19:26 INFO    : Sampling time: 2:55:44.148511
19:26 INFO    : Sampling time: 2:55:44.628156
19:26 INFO    : Sampling time: 2:55:37.556095
19:26 INFO    : Sampling time: 2:55:43.983659
19:26 INFO    : Sampling time: 2:55:35.453389
19:26 INFO    : Sampling time: 2:55:53.701395
19:26 INFO    : Sampling time: 2:55:48.029008
19:26 INFO    : Sampling time: 2:55:47.040543
19:26 INFO    : Sampling time: 2:55:49.884875
19:26 INFO    : Sampling time: 2:55:40.076096
19:26 INFO    : Sampling time: 2:55:42.738343
19:26 INFO    : Sampling time: 2:55:50.734089
19:26 INFO    : Sampling time: 2:55:45.445720
19:26 INFO    : Sampling time: 2:55:54.249511
19:26 INFO    : Sampling time: 2:55:39.468395
19:26 INFO    : Sampling time: 2:55:45.894235
19:26 ERROR   : 

Saving the data has failed with the following message:
[Errno 116] Stale file handle
Data has been dumped to outdirGRBtophat32cores/GRB230812B_result.pkl.


19:26 ERROR   : 

Saving the data has failed with the following message:
[Errno 116] Stale file handle
Data has been dumped to outdirGRBtophat32cores/GRB230812B_result.pkl.


19:26 INFO    : Summary of results:
nsamples: 14936
ln_noise_evidence:  0.000
ln_evidence: -90.928 +/-  0.088
ln_bayes_factor: -90.928 +/-  0.088

19:26 INFO    : Writing samples file to /home/thussenot/GRB230812B/Fullrun1/00GRB/Tophat/outdirGRBtophat32cores/GRB230812B_posterior_samples.dat
19:26 INFO    : Summary of results:
nsamples: 14936
ln_noise_evidence:  0.000
ln_evidence: -90.928 +/-  0.088
ln_bayes_factor: -90.928 +/-  0.088

19:26 INFO    : Writing samples file to /home/thussenot/GRB230812B/Fullrun1/00GRB/Tophat/outdirGRBtophat32cores/GRB230812B_posterior_samples.dat
19:26 INFO    : Summary of results:
nsamples: 14936
ln_noise_evidence:  0.000
ln_evidence: -90.928 +/-  0.088
ln_bayes_factor: -90.928 +/-  0.088

19:26 INFO    : Summary of results:
nsamples: 14936
ln_noise_evidence:  0.000
ln_evidence: -90.928 +/-  0.088
ln_bayes_factor: -90.928 +/-  0.088

19:26 INFO    : Summary of results:
nsamples: 14936
ln_noise_evidence:  0.000
ln_evidence: -90.928 +/-  0.088
ln_bayes_factor: -90.928 +/-  0.088

19:26 INFO    : Writing samples file to /home/thussenot/GRB230812B/Fullrun1/00GRB/Tophat/outdirGRBtophat32cores/GRB230812B_posterior_samples.dat
19:26 INFO    : Writing samples file to /home/thussenot/GRB230812B/Fullrun1/00GRB/Tophat/outdirGRBtophat32cores/GRB230812B_posterior_samples.dat
19:26 INFO    : Writing samples file to /home/thussenot/GRB230812B/Fullrun1/00GRB/Tophat/outdirGRBtophat32cores/GRB230812B_posterior_samples.dat
19:26 INFO    : Summary of results:
nsamples: 14936
ln_noise_evidence:  0.000
ln_evidence: -90.928 +/-  0.088
ln_bayes_factor: -90.928 +/-  0.088

19:26 INFO    : Writing samples file to /home/thussenot/GRB230812B/Fullrun1/00GRB/Tophat/outdirGRBtophat32cores/GRB230812B_posterior_samples.dat
19:26 INFO    : Summary of results:
nsamples: 14936
ln_noise_evidence:  0.000
ln_evidence: -90.928 +/-  0.088
ln_bayes_factor: -90.928 +/-  0.088

19:26 INFO    : Summary of results:
nsamples: 14936
ln_noise_evidence:  0.000
ln_evidence: -90.928 +/-  0.088
ln_bayes_factor: -90.928 +/-  0.088

19:26 INFO    : Writing samples file to /home/thussenot/GRB230812B/Fullrun1/00GRB/Tophat/outdirGRBtophat32cores/GRB230812B_posterior_samples.dat
19:26 INFO    : Writing samples file to /home/thussenot/GRB230812B/Fullrun1/00GRB/Tophat/outdirGRBtophat32cores/GRB230812B_posterior_samples.dat
19:26 INFO    : Summary of results:
nsamples: 14936
ln_noise_evidence:  0.000
ln_evidence: -90.928 +/-  0.088
ln_bayes_factor: -90.928 +/-  0.088

19:26 INFO    : Writing samples file to /home/thussenot/GRB230812B/Fullrun1/00GRB/Tophat/outdirGRBtophat32cores/GRB230812B_posterior_samples.dat
19:26 INFO    : Summary of results:
nsamples: 14936
ln_noise_evidence:  0.000
ln_evidence: -90.928 +/-  0.088
ln_bayes_factor: -90.928 +/-  0.088

19:26 INFO    : Writing samples file to /home/thussenot/GRB230812B/Fullrun1/00GRB/Tophat/outdirGRBtophat32cores/GRB230812B_posterior_samples.dat
19:26 INFO    : Summary of results:
nsamples: 14936
ln_noise_evidence:  0.000
ln_evidence: -90.928 +/-  0.088
ln_bayes_factor: -90.928 +/-  0.088

19:26 INFO    : Writing samples file to /home/thussenot/GRB230812B/Fullrun1/00GRB/Tophat/outdirGRBtophat32cores/GRB230812B_posterior_samples.dat
19:26 INFO    : Summary of results:
nsamples: 14936
ln_noise_evidence:  0.000
ln_evidence: -90.928 +/-  0.088
ln_bayes_factor: -90.928 +/-  0.088

19:26 INFO    : Writing samples file to /home/thussenot/GRB230812B/Fullrun1/00GRB/Tophat/outdirGRBtophat32cores/GRB230812B_posterior_samples.dat
19:26 INFO    : Summary of results:
nsamples: 14936
ln_noise_evidence:  0.000
ln_evidence: -90.928 +/-  0.088
ln_bayes_factor: -90.928 +/-  0.088

19:26 INFO    : Writing samples file to /home/thussenot/GRB230812B/Fullrun1/00GRB/Tophat/outdirGRBtophat32cores/GRB230812B_posterior_samples.dat
