10:04 INFO    : Running for label 'GRB230812B', output will be saved to 'outdirGRBtophat32cores'
10:04 INFO    : Running for label 'GRB230812B', output will be saved to 'outdirGRBtophat32cores'
10:04 INFO    : Running for label 'GRB230812B', output will be saved to 'outdirGRBtophat32cores'
10:04 INFO    : Running for label 'GRB230812B', output will be saved to 'outdirGRBtophat32cores'
10:04 INFO    : Running for label 'GRB230812B', output will be saved to 'outdirGRBtophat32cores'
10:04 INFO    : Running for label 'GRB230812B', output will be saved to 'outdirGRBtophat32cores'
10:04 INFO    : Running for label 'GRB230812B', output will be saved to 'outdirGRBtophat32cores'
10:04 INFO    : Running for label 'GRB230812B', output will be saved to 'outdirGRBtophat32cores'
10:04 INFO    : Running for label 'GRB230812B', output will be saved to 'outdirGRBtophat32cores'
10:04 INFO    : Running for label 'GRB230812B', output will be saved to 'outdirGRBtophat32cores'
10:04 INFO    : Running for label 'GRB230812B', output will be saved to 'outdirGRBtophat32cores'
10:04 INFO    : Running for label 'GRB230812B', output will be saved to 'outdirGRBtophat32cores'
10:04 INFO    : Running for label 'GRB230812B', output will be saved to 'outdirGRBtophat32cores'
10:04 INFO    : Running for label 'GRB230812B', output will be saved to 'outdirGRBtophat32cores'
10:04 INFO    : Running for label 'GRB230812B', output will be saved to 'outdirGRBtophat32cores'
10:04 INFO    : Running for label 'GRB230812B', output will be saved to 'outdirGRBtophat32cores'
10:04 INFO    : Running for label 'GRB230812B', output will be saved to 'outdirGRBtophat32cores'
10:04 INFO    : Running for label 'GRB230812B', output will be saved to 'outdirGRBtophat32cores'
10:04 INFO    : Running for label 'GRB230812B', output will be saved to 'outdirGRBtophat32cores'
10:04 INFO    : Running for label 'GRB230812B', output will be saved to 'outdirGRBtophat32cores'
10:04 INFO    : Running for label 'GRB230812B', output will be saved to 'outdirGRBtophat32cores'
10:04 INFO    : Running for label 'GRB230812B', output will be saved to 'outdirGRBtophat32cores'
10:04 INFO    : Running for label 'GRB230812B', output will be saved to 'outdirGRBtophat32cores'
10:04 INFO    : Running for label 'GRB230812B', output will be saved to 'outdirGRBtophat32cores'
10:04 INFO    : Running for label 'GRB230812B', output will be saved to 'outdirGRBtophat32cores'
10:04 INFO    : Running for label 'GRB230812B', output will be saved to 'outdirGRBtophat32cores'
10:04 INFO    : Running for label 'GRB230812B', output will be saved to 'outdirGRBtophat32cores'
10:04 INFO    : Running for label 'GRB230812B', output will be saved to 'outdirGRBtophat32cores'
10:04 INFO    : Running for label 'GRB230812B', output will be saved to 'outdirGRBtophat32cores'
10:04 INFO    : Running for label 'GRB230812B', output will be saved to 'outdirGRBtophat32cores'
10:04 INFO    : Running for label 'GRB230812B', output will be saved to 'outdirGRBtophat32cores'
10:04 INFO    : Running for label 'GRB230812B', output will be saved to 'outdirGRBtophat32cores'
10:04 INFO    : Analysis priors:
10:04 INFO    : Analysis priors:
10:04 INFO    : Analysis priors:
10:04 INFO    : Analysis priors:
10:04 INFO    : Analysis priors:
10:04 INFO    : Analysis priors:
10:04 INFO    : Analysis priors:
10:04 INFO    : Analysis priors:
10:04 INFO    : Analysis priors:
10:04 INFO    : Analysis priors:
10:04 INFO    : Analysis priors:
10:04 INFO    : Analysis priors:
10:04 INFO    : Analysis priors:
10:04 INFO    : Analysis priors:
10:04 INFO    : em_syserr=LogUniform(minimum=0.01, maximum=2.0, name='em_syserr', latex_label='$\\sigma$', unit=None, boundary=None)
10:04 INFO    : Analysis priors:
10:04 INFO    : Analysis priors:
10:04 INFO    : Analysis priors:
10:04 INFO    : Analysis priors:
10:04 INFO    : Analysis priors:
10:04 INFO    : Analysis priors:
10:04 INFO    : Analysis priors:
10:04 INFO    : Analysis priors:
10:04 INFO    : Analysis priors:
10:04 INFO    : em_syserr=LogUniform(minimum=0.01, maximum=2.0, name='em_syserr', latex_label='$\\sigma$', unit=None, boundary=None)
10:04 INFO    : Analysis priors:
10:04 INFO    : Analysis priors:
10:04 INFO    : Analysis priors:
10:04 INFO    : em_syserr=LogUniform(minimum=0.01, maximum=2.0, name='em_syserr', latex_label='$\\sigma$', unit=None, boundary=None)
10:04 INFO    : inclination_EM=Uniform(minimum=0.0, maximum=0.7853981633974483, name='inclination_EM', latex_label='$\\iota$', unit=None, boundary=None)
10:04 INFO    : em_syserr=LogUniform(minimum=0.01, maximum=2.0, name='em_syserr', latex_label='$\\sigma$', unit=None, boundary=None)
10:04 INFO    : em_syserr=LogUniform(minimum=0.01, maximum=2.0, name='em_syserr', latex_label='$\\sigma$', unit=None, boundary=None)
10:04 INFO    : Analysis priors:
10:04 INFO    : em_syserr=LogUniform(minimum=0.01, maximum=2.0, name='em_syserr', latex_label='$\\sigma$', unit=None, boundary=None)
10:04 INFO    : em_syserr=LogUniform(minimum=0.01, maximum=2.0, name='em_syserr', latex_label='$\\sigma$', unit=None, boundary=None)
10:04 INFO    : em_syserr=LogUniform(minimum=0.01, maximum=2.0, name='em_syserr', latex_label='$\\sigma$', unit=None, boundary=None)
10:04 INFO    : Analysis priors:
10:04 INFO    : Analysis priors:
10:04 INFO    : inclination_EM=Uniform(minimum=0.0, maximum=0.7853981633974483, name='inclination_EM', latex_label='$\\iota$', unit=None, boundary=None)
10:04 INFO    : em_syserr=LogUniform(minimum=0.01, maximum=2.0, name='em_syserr', latex_label='$\\sigma$', unit=None, boundary=None)
10:04 INFO    : log10_E0=Uniform(minimum=47.0, maximum=57.0, name='log10_E0', latex_label='$\\log_{10}E_0$', unit=None, boundary='reflective')
10:04 INFO    : em_syserr=LogUniform(minimum=0.01, maximum=2.0, name='em_syserr', latex_label='$\\sigma$', unit=None, boundary=None)
10:04 INFO    : em_syserr=LogUniform(minimum=0.01, maximum=2.0, name='em_syserr', latex_label='$\\sigma$', unit=None, boundary=None)
10:04 INFO    : em_syserr=LogUniform(minimum=0.01, maximum=2.0, name='em_syserr', latex_label='$\\sigma$', unit=None, boundary=None)
10:04 INFO    : em_syserr=LogUniform(minimum=0.01, maximum=2.0, name='em_syserr', latex_label='$\\sigma$', unit=None, boundary=None)
10:04 INFO    : em_syserr=LogUniform(minimum=0.01, maximum=2.0, name='em_syserr', latex_label='$\\sigma$', unit=None, boundary=None)
10:04 INFO    : em_syserr=LogUniform(minimum=0.01, maximum=2.0, name='em_syserr', latex_label='$\\sigma$', unit=None, boundary=None)
10:04 INFO    : inclination_EM=Uniform(minimum=0.0, maximum=0.7853981633974483, name='inclination_EM', latex_label='$\\iota$', unit=None, boundary=None)
10:04 INFO    : em_syserr=LogUniform(minimum=0.01, maximum=2.0, name='em_syserr', latex_label='$\\sigma$', unit=None, boundary=None)
10:04 INFO    : em_syserr=LogUniform(minimum=0.01, maximum=2.0, name='em_syserr', latex_label='$\\sigma$', unit=None, boundary=None)
10:04 INFO    : inclination_EM=Uniform(minimum=0.0, maximum=0.7853981633974483, name='inclination_EM', latex_label='$\\iota$', unit=None, boundary=None)
10:04 INFO    : inclination_EM=Uniform(minimum=0.0, maximum=0.7853981633974483, name='inclination_EM', latex_label='$\\iota$', unit=None, boundary=None)
10:04 INFO    : em_syserr=LogUniform(minimum=0.01, maximum=2.0, name='em_syserr', latex_label='$\\sigma$', unit=None, boundary=None)
10:04 INFO    : inclination_EM=Uniform(minimum=0.0, maximum=0.7853981633974483, name='inclination_EM', latex_label='$\\iota$', unit=None, boundary=None)
10:04 INFO    : inclination_EM=Uniform(minimum=0.0, maximum=0.7853981633974483, name='inclination_EM', latex_label='$\\iota$', unit=None, boundary=None)
10:04 INFO    : em_syserr=LogUniform(minimum=0.01, maximum=2.0, name='em_syserr', latex_label='$\\sigma$', unit=None, boundary=None)
10:04 INFO    : inclination_EM=Uniform(minimum=0.0, maximum=0.7853981633974483, name='inclination_EM', latex_label='$\\iota$', unit=None, boundary=None)
10:04 INFO    : log10_E0=Uniform(minimum=47.0, maximum=57.0, name='log10_E0', latex_label='$\\log_{10}E_0$', unit=None, boundary='reflective')
10:04 INFO    : em_syserr=LogUniform(minimum=0.01, maximum=2.0, name='em_syserr', latex_label='$\\sigma$', unit=None, boundary=None)
10:04 INFO    : em_syserr=LogUniform(minimum=0.01, maximum=2.0, name='em_syserr', latex_label='$\\sigma$', unit=None, boundary=None)
10:04 INFO    : em_syserr=LogUniform(minimum=0.01, maximum=2.0, name='em_syserr', latex_label='$\\sigma$', unit=None, boundary=None)
10:04 INFO    : thetaCore=Uniform(minimum=0.01, maximum=0.3141592653589793, name='theta_core', latex_label='$\\theta_c$', unit=None, boundary='reflective')
10:04 INFO    : em_syserr=LogUniform(minimum=0.01, maximum=2.0, name='em_syserr', latex_label='$\\sigma$', unit=None, boundary=None)
10:04 INFO    : inclination_EM=Uniform(minimum=0.0, maximum=0.7853981633974483, name='inclination_EM', latex_label='$\\iota$', unit=None, boundary=None)
10:04 INFO    : em_syserr=LogUniform(minimum=0.01, maximum=2.0, name='em_syserr', latex_label='$\\sigma$', unit=None, boundary=None)
10:04 INFO    : em_syserr=LogUniform(minimum=0.01, maximum=2.0, name='em_syserr', latex_label='$\\sigma$', unit=None, boundary=None)
10:04 INFO    : em_syserr=LogUniform(minimum=0.01, maximum=2.0, name='em_syserr', latex_label='$\\sigma$', unit=None, boundary=None)
10:04 INFO    : log10_E0=Uniform(minimum=47.0, maximum=57.0, name='log10_E0', latex_label='$\\log_{10}E_0$', unit=None, boundary='reflective')
10:04 INFO    : inclination_EM=Uniform(minimum=0.0, maximum=0.7853981633974483, name='inclination_EM', latex_label='$\\iota$', unit=None, boundary=None)
10:04 INFO    : inclination_EM=Uniform(minimum=0.0, maximum=0.7853981633974483, name='inclination_EM', latex_label='$\\iota$', unit=None, boundary=None)
10:04 INFO    : inclination_EM=Uniform(minimum=0.0, maximum=0.7853981633974483, name='inclination_EM', latex_label='$\\iota$', unit=None, boundary=None)
10:04 INFO    : log10_E0=Uniform(minimum=47.0, maximum=57.0, name='log10_E0', latex_label='$\\log_{10}E_0$', unit=None, boundary='reflective')
10:04 INFO    : log10_E0=Uniform(minimum=47.0, maximum=57.0, name='log10_E0', latex_label='$\\log_{10}E_0$', unit=None, boundary='reflective')
10:04 INFO    : inclination_EM=Uniform(minimum=0.0, maximum=0.7853981633974483, name='inclination_EM', latex_label='$\\iota$', unit=None, boundary=None)
10:04 INFO    : inclination_EM=Uniform(minimum=0.0, maximum=0.7853981633974483, name='inclination_EM', latex_label='$\\iota$', unit=None, boundary=None)
10:04 INFO    : inclination_EM=Uniform(minimum=0.0, maximum=0.7853981633974483, name='inclination_EM', latex_label='$\\iota$', unit=None, boundary=None)
10:04 INFO    : log10_E0=Uniform(minimum=47.0, maximum=57.0, name='log10_E0', latex_label='$\\log_{10}E_0$', unit=None, boundary='reflective')
10:04 INFO    : log10_E0=Uniform(minimum=47.0, maximum=57.0, name='log10_E0', latex_label='$\\log_{10}E_0$', unit=None, boundary='reflective')
10:04 INFO    : inclination_EM=Uniform(minimum=0.0, maximum=0.7853981633974483, name='inclination_EM', latex_label='$\\iota$', unit=None, boundary=None)
10:04 INFO    : inclination_EM=Uniform(minimum=0.0, maximum=0.7853981633974483, name='inclination_EM', latex_label='$\\iota$', unit=None, boundary=None)
10:04 INFO    : em_syserr=LogUniform(minimum=0.01, maximum=2.0, name='em_syserr', latex_label='$\\sigma$', unit=None, boundary=None)
10:04 INFO    : em_syserr=LogUniform(minimum=0.01, maximum=2.0, name='em_syserr', latex_label='$\\sigma$', unit=None, boundary=None)
10:04 INFO    : log10_E0=Uniform(minimum=47.0, maximum=57.0, name='log10_E0', latex_label='$\\log_{10}E_0$', unit=None, boundary='reflective')
10:04 INFO    : thetaCore=Uniform(minimum=0.01, maximum=0.3141592653589793, name='theta_core', latex_label='$\\theta_c$', unit=None, boundary='reflective')
10:04 INFO    : inclination_EM=Uniform(minimum=0.0, maximum=0.7853981633974483, name='inclination_EM', latex_label='$\\iota$', unit=None, boundary=None)
10:04 INFO    : inclination_EM=Uniform(minimum=0.0, maximum=0.7853981633974483, name='inclination_EM', latex_label='$\\iota$', unit=None, boundary=None)
10:04 INFO    : log10_n0=Uniform(minimum=-6, maximum=3.0, name='log10_n0', latex_label='$\\log_{10}n_0$', unit=None, boundary='reflective')
10:04 INFO    : em_syserr=LogUniform(minimum=0.01, maximum=2.0, name='em_syserr', latex_label='$\\sigma$', unit=None, boundary=None)
10:04 INFO    : inclination_EM=Uniform(minimum=0.0, maximum=0.7853981633974483, name='inclination_EM', latex_label='$\\iota$', unit=None, boundary=None)
10:04 INFO    : inclination_EM=Uniform(minimum=0.0, maximum=0.7853981633974483, name='inclination_EM', latex_label='$\\iota$', unit=None, boundary=None)
10:04 INFO    : log10_E0=Uniform(minimum=47.0, maximum=57.0, name='log10_E0', latex_label='$\\log_{10}E_0$', unit=None, boundary='reflective')
10:04 INFO    : inclination_EM=Uniform(minimum=0.0, maximum=0.7853981633974483, name='inclination_EM', latex_label='$\\iota$', unit=None, boundary=None)
10:04 INFO    : inclination_EM=Uniform(minimum=0.0, maximum=0.7853981633974483, name='inclination_EM', latex_label='$\\iota$', unit=None, boundary=None)
10:04 INFO    : thetaCore=Uniform(minimum=0.01, maximum=0.3141592653589793, name='theta_core', latex_label='$\\theta_c$', unit=None, boundary='reflective')
10:04 INFO    : thetaCore=Uniform(minimum=0.01, maximum=0.3141592653589793, name='theta_core', latex_label='$\\theta_c$', unit=None, boundary='reflective')
10:04 INFO    : thetaCore=Uniform(minimum=0.01, maximum=0.3141592653589793, name='theta_core', latex_label='$\\theta_c$', unit=None, boundary='reflective')
10:04 INFO    : log10_E0=Uniform(minimum=47.0, maximum=57.0, name='log10_E0', latex_label='$\\log_{10}E_0$', unit=None, boundary='reflective')
10:04 INFO    : log10_E0=Uniform(minimum=47.0, maximum=57.0, name='log10_E0', latex_label='$\\log_{10}E_0$', unit=None, boundary='reflective')
10:04 INFO    : log10_E0=Uniform(minimum=47.0, maximum=57.0, name='log10_E0', latex_label='$\\log_{10}E_0$', unit=None, boundary='reflective')
10:04 INFO    : inclination_EM=Uniform(minimum=0.0, maximum=0.7853981633974483, name='inclination_EM', latex_label='$\\iota$', unit=None, boundary=None)
10:04 INFO    : log10_E0=Uniform(minimum=47.0, maximum=57.0, name='log10_E0', latex_label='$\\log_{10}E_0$', unit=None, boundary='reflective')
10:04 INFO    : log10_E0=Uniform(minimum=47.0, maximum=57.0, name='log10_E0', latex_label='$\\log_{10}E_0$', unit=None, boundary='reflective')
10:04 INFO    : inclination_EM=Uniform(minimum=0.0, maximum=0.7853981633974483, name='inclination_EM', latex_label='$\\iota$', unit=None, boundary=None)
10:04 INFO    : inclination_EM=Uniform(minimum=0.0, maximum=0.7853981633974483, name='inclination_EM', latex_label='$\\iota$', unit=None, boundary=None)
10:04 INFO    : log10_E0=Uniform(minimum=47.0, maximum=57.0, name='log10_E0', latex_label='$\\log_{10}E_0$', unit=None, boundary='reflective')
10:04 INFO    : thetaCore=Uniform(minimum=0.01, maximum=0.3141592653589793, name='theta_core', latex_label='$\\theta_c$', unit=None, boundary='reflective')
10:04 INFO    : log10_E0=Uniform(minimum=47.0, maximum=57.0, name='log10_E0', latex_label='$\\log_{10}E_0$', unit=None, boundary='reflective')
10:04 INFO    : log10_n0=Uniform(minimum=-6, maximum=3.0, name='log10_n0', latex_label='$\\log_{10}n_0$', unit=None, boundary='reflective')
10:04 INFO    : thetaCore=Uniform(minimum=0.01, maximum=0.3141592653589793, name='theta_core', latex_label='$\\theta_c$', unit=None, boundary='reflective')
10:04 INFO    : log10_E0=Uniform(minimum=47.0, maximum=57.0, name='log10_E0', latex_label='$\\log_{10}E_0$', unit=None, boundary='reflective')
10:04 INFO    : p=Uniform(minimum=2.01, maximum=3.0, name='p', latex_label='$p$', unit=None, boundary=None)
10:04 INFO    : thetaCore=Uniform(minimum=0.01, maximum=0.3141592653589793, name='theta_core', latex_label='$\\theta_c$', unit=None, boundary='reflective')
10:04 INFO    : log10_E0=Uniform(minimum=47.0, maximum=57.0, name='log10_E0', latex_label='$\\log_{10}E_0$', unit=None, boundary='reflective')
10:04 INFO    : log10_E0=Uniform(minimum=47.0, maximum=57.0, name='log10_E0', latex_label='$\\log_{10}E_0$', unit=None, boundary='reflective')
10:04 INFO    : inclination_EM=Uniform(minimum=0.0, maximum=0.7853981633974483, name='inclination_EM', latex_label='$\\iota$', unit=None, boundary=None)
10:04 INFO    : log10_E0=Uniform(minimum=47.0, maximum=57.0, name='log10_E0', latex_label='$\\log_{10}E_0$', unit=None, boundary='reflective')
10:04 INFO    : inclination_EM=Uniform(minimum=0.0, maximum=0.7853981633974483, name='inclination_EM', latex_label='$\\iota$', unit=None, boundary=None)
10:04 INFO    : log10_E0=Uniform(minimum=47.0, maximum=57.0, name='log10_E0', latex_label='$\\log_{10}E_0$', unit=None, boundary='reflective')
10:04 INFO    : inclination_EM=Uniform(minimum=0.0, maximum=0.7853981633974483, name='inclination_EM', latex_label='$\\iota$', unit=None, boundary=None)
10:04 INFO    : log10_E0=Uniform(minimum=47.0, maximum=57.0, name='log10_E0', latex_label='$\\log_{10}E_0$', unit=None, boundary='reflective')
10:04 INFO    : thetaCore=Uniform(minimum=0.01, maximum=0.3141592653589793, name='theta_core', latex_label='$\\theta_c$', unit=None, boundary='reflective')
10:04 INFO    : log10_n0=Uniform(minimum=-6, maximum=3.0, name='log10_n0', latex_label='$\\log_{10}n_0$', unit=None, boundary='reflective')
10:04 INFO    : log10_E0=Uniform(minimum=47.0, maximum=57.0, name='log10_E0', latex_label='$\\log_{10}E_0$', unit=None, boundary='reflective')
10:04 INFO    : log10_n0=Uniform(minimum=-6, maximum=3.0, name='log10_n0', latex_label='$\\log_{10}n_0$', unit=None, boundary='reflective')
10:04 INFO    : log10_n0=Uniform(minimum=-6, maximum=3.0, name='log10_n0', latex_label='$\\log_{10}n_0$', unit=None, boundary='reflective')
10:04 INFO    : thetaCore=Uniform(minimum=0.01, maximum=0.3141592653589793, name='theta_core', latex_label='$\\theta_c$', unit=None, boundary='reflective')
10:04 INFO    : thetaCore=Uniform(minimum=0.01, maximum=0.3141592653589793, name='theta_core', latex_label='$\\theta_c$', unit=None, boundary='reflective')
10:04 INFO    : thetaCore=Uniform(minimum=0.01, maximum=0.3141592653589793, name='theta_core', latex_label='$\\theta_c$', unit=None, boundary='reflective')
10:04 INFO    : log10_E0=Uniform(minimum=47.0, maximum=57.0, name='log10_E0', latex_label='$\\log_{10}E_0$', unit=None, boundary='reflective')
10:04 INFO    : thetaCore=Uniform(minimum=0.01, maximum=0.3141592653589793, name='theta_core', latex_label='$\\theta_c$', unit=None, boundary='reflective')
10:04 INFO    : log10_n0=Uniform(minimum=-6, maximum=3.0, name='log10_n0', latex_label='$\\log_{10}n_0$', unit=None, boundary='reflective')
10:04 INFO    : log10_E0=Uniform(minimum=47.0, maximum=57.0, name='log10_E0', latex_label='$\\log_{10}E_0$', unit=None, boundary='reflective')
10:04 INFO    : p=Uniform(minimum=2.01, maximum=3.0, name='p', latex_label='$p$', unit=None, boundary=None)
10:04 INFO    : thetaCore=Uniform(minimum=0.01, maximum=0.3141592653589793, name='theta_core', latex_label='$\\theta_c$', unit=None, boundary='reflective')
10:04 INFO    : thetaCore=Uniform(minimum=0.01, maximum=0.3141592653589793, name='theta_core', latex_label='$\\theta_c$', unit=None, boundary='reflective')
10:04 INFO    : log10_epsilon_e=Uniform(minimum=-5, maximum=0, name='log10_epsilon_e', latex_label='$\\log_{10}\\epsilon_e$', unit=None, boundary='reflective')
10:04 INFO    : thetaCore=Uniform(minimum=0.01, maximum=0.3141592653589793, name='theta_core', latex_label='$\\theta_c$', unit=None, boundary='reflective')
10:04 INFO    : log10_E0=Uniform(minimum=47.0, maximum=57.0, name='log10_E0', latex_label='$\\log_{10}E_0$', unit=None, boundary='reflective')
10:04 INFO    : log10_n0=Uniform(minimum=-6, maximum=3.0, name='log10_n0', latex_label='$\\log_{10}n_0$', unit=None, boundary='reflective')
10:04 INFO    : log10_n0=Uniform(minimum=-6, maximum=3.0, name='log10_n0', latex_label='$\\log_{10}n_0$', unit=None, boundary='reflective')
10:04 INFO    : thetaCore=Uniform(minimum=0.01, maximum=0.3141592653589793, name='theta_core', latex_label='$\\theta_c$', unit=None, boundary='reflective')
10:04 INFO    : thetaCore=Uniform(minimum=0.01, maximum=0.3141592653589793, name='theta_core', latex_label='$\\theta_c$', unit=None, boundary='reflective')
10:04 INFO    : thetaCore=Uniform(minimum=0.01, maximum=0.3141592653589793, name='theta_core', latex_label='$\\theta_c$', unit=None, boundary='reflective')
10:04 INFO    : thetaCore=Uniform(minimum=0.01, maximum=0.3141592653589793, name='theta_core', latex_label='$\\theta_c$', unit=None, boundary='reflective')
10:04 INFO    : thetaCore=Uniform(minimum=0.01, maximum=0.3141592653589793, name='theta_core', latex_label='$\\theta_c$', unit=None, boundary='reflective')
10:04 INFO    : log10_E0=Uniform(minimum=47.0, maximum=57.0, name='log10_E0', latex_label='$\\log_{10}E_0$', unit=None, boundary='reflective')
10:04 INFO    : log10_E0=Uniform(minimum=47.0, maximum=57.0, name='log10_E0', latex_label='$\\log_{10}E_0$', unit=None, boundary='reflective')
10:04 INFO    : p=Uniform(minimum=2.01, maximum=3.0, name='p', latex_label='$p$', unit=None, boundary=None)
10:04 INFO    : thetaCore=Uniform(minimum=0.01, maximum=0.3141592653589793, name='theta_core', latex_label='$\\theta_c$', unit=None, boundary='reflective')
10:04 INFO    : log10_E0=Uniform(minimum=47.0, maximum=57.0, name='log10_E0', latex_label='$\\log_{10}E_0$', unit=None, boundary='reflective')
10:04 INFO    : log10_n0=Uniform(minimum=-6, maximum=3.0, name='log10_n0', latex_label='$\\log_{10}n_0$', unit=None, boundary='reflective')
10:04 INFO    : p=Uniform(minimum=2.01, maximum=3.0, name='p', latex_label='$p$', unit=None, boundary=None)
10:04 INFO    : thetaCore=Uniform(minimum=0.01, maximum=0.3141592653589793, name='theta_core', latex_label='$\\theta_c$', unit=None, boundary='reflective')
10:04 INFO    : p=Uniform(minimum=2.01, maximum=3.0, name='p', latex_label='$p$', unit=None, boundary=None)
10:04 INFO    : p=Uniform(minimum=2.01, maximum=3.0, name='p', latex_label='$p$', unit=None, boundary=None)
10:04 INFO    : log10_n0=Uniform(minimum=-6, maximum=3.0, name='log10_n0', latex_label='$\\log_{10}n_0$', unit=None, boundary='reflective')
10:04 INFO    : log10_n0=Uniform(minimum=-6, maximum=3.0, name='log10_n0', latex_label='$\\log_{10}n_0$', unit=None, boundary='reflective')
10:04 INFO    : log10_n0=Uniform(minimum=-6, maximum=3.0, name='log10_n0', latex_label='$\\log_{10}n_0$', unit=None, boundary='reflective')
10:04 INFO    : thetaCore=Uniform(minimum=0.01, maximum=0.3141592653589793, name='theta_core', latex_label='$\\theta_c$', unit=None, boundary='reflective')
10:04 INFO    : log10_n0=Uniform(minimum=-6, maximum=3.0, name='log10_n0', latex_label='$\\log_{10}n_0$', unit=None, boundary='reflective')
10:04 INFO    : log10_n0=Uniform(minimum=-6, maximum=3.0, name='log10_n0', latex_label='$\\log_{10}n_0$', unit=None, boundary='reflective')
10:04 INFO    : log10_epsilon_e=Uniform(minimum=-5, maximum=0, name='log10_epsilon_e', latex_label='$\\log_{10}\\epsilon_e$', unit=None, boundary='reflective')
10:04 INFO    : log10_epsilon_B=Uniform(minimum=-10, maximum=0, name='log10_epsilon_B', latex_label='$\\log_{10}\\epsilon_B$', unit=None, boundary='reflective')
10:04 INFO    : thetaCore=Uniform(minimum=0.01, maximum=0.3141592653589793, name='theta_core', latex_label='$\\theta_c$', unit=None, boundary='reflective')
10:04 INFO    : log10_n0=Uniform(minimum=-6, maximum=3.0, name='log10_n0', latex_label='$\\log_{10}n_0$', unit=None, boundary='reflective')
10:04 INFO    : log10_n0=Uniform(minimum=-6, maximum=3.0, name='log10_n0', latex_label='$\\log_{10}n_0$', unit=None, boundary='reflective')
10:04 INFO    : p=Uniform(minimum=2.01, maximum=3.0, name='p', latex_label='$p$', unit=None, boundary=None)
10:04 INFO    : log10_n0=Uniform(minimum=-6, maximum=3.0, name='log10_n0', latex_label='$\\log_{10}n_0$', unit=None, boundary='reflective')
10:04 INFO    : p=Uniform(minimum=2.01, maximum=3.0, name='p', latex_label='$p$', unit=None, boundary=None)
10:04 INFO    : thetaCore=Uniform(minimum=0.01, maximum=0.3141592653589793, name='theta_core', latex_label='$\\theta_c$', unit=None, boundary='reflective')
10:04 INFO    : log10_n0=Uniform(minimum=-6, maximum=3.0, name='log10_n0', latex_label='$\\log_{10}n_0$', unit=None, boundary='reflective')
10:04 INFO    : log10_n0=Uniform(minimum=-6, maximum=3.0, name='log10_n0', latex_label='$\\log_{10}n_0$', unit=None, boundary='reflective')
10:04 INFO    : log10_n0=Uniform(minimum=-6, maximum=3.0, name='log10_n0', latex_label='$\\log_{10}n_0$', unit=None, boundary='reflective')
10:04 INFO    : timeshift=0.0
10:04 INFO    : log10_n0=Uniform(minimum=-6, maximum=3.0, name='log10_n0', latex_label='$\\log_{10}n_0$', unit=None, boundary='reflective')
10:04 INFO    : thetaCore=Uniform(minimum=0.01, maximum=0.3141592653589793, name='theta_core', latex_label='$\\theta_c$', unit=None, boundary='reflective')
10:04 INFO    : log10_epsilon_e=Uniform(minimum=-5, maximum=0, name='log10_epsilon_e', latex_label='$\\log_{10}\\epsilon_e$', unit=None, boundary='reflective')
10:04 INFO    : thetaCore=Uniform(minimum=0.01, maximum=0.3141592653589793, name='theta_core', latex_label='$\\theta_c$', unit=None, boundary='reflective')
10:04 INFO    : log10_epsilon_e=Uniform(minimum=-5, maximum=0, name='log10_epsilon_e', latex_label='$\\log_{10}\\epsilon_e$', unit=None, boundary='reflective')
10:04 INFO    : log10_epsilon_e=Uniform(minimum=-5, maximum=0, name='log10_epsilon_e', latex_label='$\\log_{10}\\epsilon_e$', unit=None, boundary='reflective')
10:04 INFO    : log10_n0=Uniform(minimum=-6, maximum=3.0, name='log10_n0', latex_label='$\\log_{10}n_0$', unit=None, boundary='reflective')
10:04 INFO    : luminosity_distance=1981.0
10:04 INFO    : thetaCore=Uniform(minimum=0.01, maximum=0.3141592653589793, name='theta_core', latex_label='$\\theta_c$', unit=None, boundary='reflective')
10:04 INFO    : p=Uniform(minimum=2.01, maximum=3.0, name='p', latex_label='$p$', unit=None, boundary=None)
10:04 INFO    : log10_n0=Uniform(minimum=-6, maximum=3.0, name='log10_n0', latex_label='$\\log_{10}n_0$', unit=None, boundary='reflective')
10:04 INFO    : log10_epsilon_e=Uniform(minimum=-5, maximum=0, name='log10_epsilon_e', latex_label='$\\log_{10}\\epsilon_e$', unit=None, boundary='reflective')
10:04 INFO    : p=Uniform(minimum=2.01, maximum=3.0, name='p', latex_label='$p$', unit=None, boundary=None)
10:04 INFO    : log10_n0=Uniform(minimum=-6, maximum=3.0, name='log10_n0', latex_label='$\\log_{10}n_0$', unit=None, boundary='reflective')
10:04 INFO    : log10_epsilon_B=Uniform(minimum=-10, maximum=0, name='log10_epsilon_B', latex_label='$\\log_{10}\\epsilon_B$', unit=None, boundary='reflective')
10:04 INFO    : p=Uniform(minimum=2.01, maximum=3.0, name='p', latex_label='$p$', unit=None, boundary=None)
10:04 INFO    : p=Uniform(minimum=2.01, maximum=3.0, name='p', latex_label='$p$', unit=None, boundary=None)
10:04 INFO    : p=Uniform(minimum=2.01, maximum=3.0, name='p', latex_label='$p$', unit=None, boundary=None)
10:04 INFO    : Ebv=0.0
10:04 INFO    : p=Uniform(minimum=2.01, maximum=3.0, name='p', latex_label='$p$', unit=None, boundary=None)
10:04 INFO    : p=Uniform(minimum=2.01, maximum=3.0, name='p', latex_label='$p$', unit=None, boundary=None)
10:04 INFO    : log10_epsilon_e=Uniform(minimum=-5, maximum=0, name='log10_epsilon_e', latex_label='$\\log_{10}\\epsilon_e$', unit=None, boundary='reflective')
10:04 INFO    : log10_n0=Uniform(minimum=-6, maximum=3.0, name='log10_n0', latex_label='$\\log_{10}n_0$', unit=None, boundary='reflective')
10:04 INFO    : p=Uniform(minimum=2.01, maximum=3.0, name='p', latex_label='$p$', unit=None, boundary=None)
10:04 INFO    : log10_epsilon_e=Uniform(minimum=-5, maximum=0, name='log10_epsilon_e', latex_label='$\\log_{10}\\epsilon_e$', unit=None, boundary='reflective')
10:04 INFO    : p=Uniform(minimum=2.01, maximum=3.0, name='p', latex_label='$p$', unit=None, boundary=None)
10:04 INFO    : log10_n0=Uniform(minimum=-6, maximum=3.0, name='log10_n0', latex_label='$\\log_{10}n_0$', unit=None, boundary='reflective')
10:04 INFO    : timeshift=0.0
10:04 INFO    : p=Uniform(minimum=2.01, maximum=3.0, name='p', latex_label='$p$', unit=None, boundary=None)
10:04 INFO    : p=Uniform(minimum=2.01, maximum=3.0, name='p', latex_label='$p$', unit=None, boundary=None)
10:04 INFO    : Analysis likelihood class: <class 'nmma.em.likelihood.OpticalLightCurve'>
10:04 INFO    : p=Uniform(minimum=2.01, maximum=3.0, name='p', latex_label='$p$', unit=None, boundary=None)
10:04 INFO    : p=Uniform(minimum=2.01, maximum=3.0, name='p', latex_label='$p$', unit=None, boundary=None)
10:04 INFO    : log10_epsilon_B=Uniform(minimum=-10, maximum=0, name='log10_epsilon_B', latex_label='$\\log_{10}\\epsilon_B$', unit=None, boundary='reflective')
10:04 INFO    : log10_epsilon_B=Uniform(minimum=-10, maximum=0, name='log10_epsilon_B', latex_label='$\\log_{10}\\epsilon_B$', unit=None, boundary='reflective')
10:04 INFO    : log10_n0=Uniform(minimum=-6, maximum=3.0, name='log10_n0', latex_label='$\\log_{10}n_0$', unit=None, boundary='reflective')
10:04 INFO    : luminosity_distance=1981.0
10:04 INFO    : log10_epsilon_B=Uniform(minimum=-10, maximum=0, name='log10_epsilon_B', latex_label='$\\log_{10}\\epsilon_B$', unit=None, boundary='reflective')
10:04 INFO    : log10_n0=Uniform(minimum=-6, maximum=3.0, name='log10_n0', latex_label='$\\log_{10}n_0$', unit=None, boundary='reflective')
10:04 INFO    : Analysis likelihood noise evidence: 0.0
10:04 INFO    : p=Uniform(minimum=2.01, maximum=3.0, name='p', latex_label='$p$', unit=None, boundary=None)
10:04 INFO    : log10_n0=Uniform(minimum=-6, maximum=3.0, name='log10_n0', latex_label='$\\log_{10}n_0$', unit=None, boundary='reflective')
10:04 INFO    : log10_epsilon_e=Uniform(minimum=-5, maximum=0, name='log10_epsilon_e', latex_label='$\\log_{10}\\epsilon_e$', unit=None, boundary='reflective')
10:04 INFO    : Ebv=0.0
10:04 INFO    : timeshift=0.0
10:04 INFO    : log10_epsilon_B=Uniform(minimum=-10, maximum=0, name='log10_epsilon_B', latex_label='$\\log_{10}\\epsilon_B$', unit=None, boundary='reflective')
10:04 INFO    : p=Uniform(minimum=2.01, maximum=3.0, name='p', latex_label='$p$', unit=None, boundary=None)
10:04 INFO    : p=Uniform(minimum=2.01, maximum=3.0, name='p', latex_label='$p$', unit=None, boundary=None)
10:04 INFO    : log10_epsilon_e=Uniform(minimum=-5, maximum=0, name='log10_epsilon_e', latex_label='$\\log_{10}\\epsilon_e$', unit=None, boundary='reflective')
10:04 INFO    : timeshift=0.0
10:04 INFO    : timeshift=0.0
10:04 INFO    : Analysis priors:
10:04 INFO    : log10_epsilon_e=Uniform(minimum=-5, maximum=0, name='log10_epsilon_e', latex_label='$\\log_{10}\\epsilon_e$', unit=None, boundary='reflective')
10:04 INFO    : log10_epsilon_e=Uniform(minimum=-5, maximum=0, name='log10_epsilon_e', latex_label='$\\log_{10}\\epsilon_e$', unit=None, boundary='reflective')
10:04 INFO    : log10_epsilon_B=Uniform(minimum=-10, maximum=0, name='log10_epsilon_B', latex_label='$\\log_{10}\\epsilon_B$', unit=None, boundary='reflective')
10:04 INFO    : log10_epsilon_e=Uniform(minimum=-5, maximum=0, name='log10_epsilon_e', latex_label='$\\log_{10}\\epsilon_e$', unit=None, boundary='reflective')
10:04 INFO    : log10_epsilon_e=Uniform(minimum=-5, maximum=0, name='log10_epsilon_e', latex_label='$\\log_{10}\\epsilon_e$', unit=None, boundary='reflective')
10:04 INFO    : Analysis likelihood class: <class 'nmma.em.likelihood.OpticalLightCurve'>
10:04 INFO    : luminosity_distance=1981.0
10:04 INFO    : log10_epsilon_e=Uniform(minimum=-5, maximum=0, name='log10_epsilon_e', latex_label='$\\log_{10}\\epsilon_e$', unit=None, boundary='reflective')
10:04 INFO    : p=Uniform(minimum=2.01, maximum=3.0, name='p', latex_label='$p$', unit=None, boundary=None)
10:04 INFO    : log10_epsilon_e=Uniform(minimum=-5, maximum=0, name='log10_epsilon_e', latex_label='$\\log_{10}\\epsilon_e$', unit=None, boundary='reflective')
10:04 INFO    : log10_epsilon_B=Uniform(minimum=-10, maximum=0, name='log10_epsilon_B', latex_label='$\\log_{10}\\epsilon_B$', unit=None, boundary='reflective')
10:04 INFO    : timeshift=0.0
10:04 INFO    : log10_epsilon_e=Uniform(minimum=-5, maximum=0, name='log10_epsilon_e', latex_label='$\\log_{10}\\epsilon_e$', unit=None, boundary='reflective')
10:04 INFO    : luminosity_distance=1981.0
10:04 INFO    : log10_epsilon_e=Uniform(minimum=-5, maximum=0, name='log10_epsilon_e', latex_label='$\\log_{10}\\epsilon_e$', unit=None, boundary='reflective')
10:04 INFO    : luminosity_distance=1981.0
10:04 INFO    : log10_epsilon_e=Uniform(minimum=-5, maximum=0, name='log10_epsilon_e', latex_label='$\\log_{10}\\epsilon_e$', unit=None, boundary='reflective')
10:04 INFO    : p=Uniform(minimum=2.01, maximum=3.0, name='p', latex_label='$p$', unit=None, boundary=None)
10:04 INFO    : timeshift=0.0
10:04 INFO    : Ebv=0.0
10:04 INFO    : Analysis likelihood noise evidence: 0.0
10:04 INFO    : log10_epsilon_e=Uniform(minimum=-5, maximum=0, name='log10_epsilon_e', latex_label='$\\log_{10}\\epsilon_e$', unit=None, boundary='reflective')
10:04 INFO    : log10_epsilon_e=Uniform(minimum=-5, maximum=0, name='log10_epsilon_e', latex_label='$\\log_{10}\\epsilon_e$', unit=None, boundary='reflective')
10:04 INFO    : p=Uniform(minimum=2.01, maximum=3.0, name='p', latex_label='$p$', unit=None, boundary=None)
10:04 INFO    : Ebv=0.0
10:04 INFO    : luminosity_distance=1981.0
10:04 INFO    : timeshift=0.0
10:04 INFO    : p=Uniform(minimum=2.01, maximum=3.0, name='p', latex_label='$p$', unit=None, boundary=None)
10:04 INFO    : Ebv=0.0
10:04 INFO    : luminosity_distance=1981.0
10:04 INFO    : log10_epsilon_B=Uniform(minimum=-10, maximum=0, name='log10_epsilon_B', latex_label='$\\log_{10}\\epsilon_B$', unit=None, boundary='reflective')
10:04 INFO    : log10_epsilon_e=Uniform(minimum=-5, maximum=0, name='log10_epsilon_e', latex_label='$\\log_{10}\\epsilon_e$', unit=None, boundary='reflective')
10:04 INFO    : log10_epsilon_e=Uniform(minimum=-5, maximum=0, name='log10_epsilon_e', latex_label='$\\log_{10}\\epsilon_e$', unit=None, boundary='reflective')
10:04 INFO    : Analysis likelihood class: <class 'nmma.em.likelihood.OpticalLightCurve'>
10:04 INFO    : log10_epsilon_e=Uniform(minimum=-5, maximum=0, name='log10_epsilon_e', latex_label='$\\log_{10}\\epsilon_e$', unit=None, boundary='reflective')
10:04 INFO    : Analysis likelihood class: <class 'nmma.em.likelihood.OpticalLightCurve'>
10:04 INFO    : Ebv=0.0
10:04 INFO    : log10_epsilon_B=Uniform(minimum=-10, maximum=0, name='log10_epsilon_B', latex_label='$\\log_{10}\\epsilon_B$', unit=None, boundary='reflective')
10:04 INFO    : luminosity_distance=1981.0
10:04 INFO    : log10_epsilon_B=Uniform(minimum=-10, maximum=0, name='log10_epsilon_B', latex_label='$\\log_{10}\\epsilon_B$', unit=None, boundary='reflective')
10:04 INFO    : Ebv=0.0
10:04 INFO    : Analysis likelihood class: <class 'nmma.em.likelihood.OpticalLightCurve'>
10:04 INFO    : log10_epsilon_B=Uniform(minimum=-10, maximum=0, name='log10_epsilon_B', latex_label='$\\log_{10}\\epsilon_B$', unit=None, boundary='reflective')
10:04 INFO    : log10_epsilon_B=Uniform(minimum=-10, maximum=0, name='log10_epsilon_B', latex_label='$\\log_{10}\\epsilon_B$', unit=None, boundary='reflective')
10:04 INFO    : log10_epsilon_B=Uniform(minimum=-10, maximum=0, name='log10_epsilon_B', latex_label='$\\log_{10}\\epsilon_B$', unit=None, boundary='reflective')
10:04 INFO    : log10_epsilon_B=Uniform(minimum=-10, maximum=0, name='log10_epsilon_B', latex_label='$\\log_{10}\\epsilon_B$', unit=None, boundary='reflective')
10:04 INFO    : Analysis likelihood noise evidence: 0.0
10:04 INFO    : log10_epsilon_B=Uniform(minimum=-10, maximum=0, name='log10_epsilon_B', latex_label='$\\log_{10}\\epsilon_B$', unit=None, boundary='reflective')
10:04 INFO    : timeshift=0.0
10:04 INFO    : log10_epsilon_B=Uniform(minimum=-10, maximum=0, name='log10_epsilon_B', latex_label='$\\log_{10}\\epsilon_B$', unit=None, boundary='reflective')
10:04 INFO    : log10_epsilon_e=Uniform(minimum=-5, maximum=0, name='log10_epsilon_e', latex_label='$\\log_{10}\\epsilon_e$', unit=None, boundary='reflective')
10:04 INFO    : Analysis likelihood noise evidence: 0.0
10:04 INFO    : Ebv=0.0
10:04 INFO    : Analysis likelihood class: <class 'nmma.em.likelihood.OpticalLightCurve'>
10:04 INFO    : log10_epsilon_B=Uniform(minimum=-10, maximum=0, name='log10_epsilon_B', latex_label='$\\log_{10}\\epsilon_B$', unit=None, boundary='reflective')
10:04 INFO    : Analysis likelihood class: <class 'nmma.em.likelihood.OpticalLightCurve'>
10:04 INFO    : timeshift=0.0
10:04 INFO    : timeshift=0.0
10:04 INFO    : Analysis likelihood noise evidence: 0.0
10:04 INFO    : timeshift=0.0
10:04 INFO    : log10_epsilon_e=Uniform(minimum=-5, maximum=0, name='log10_epsilon_e', latex_label='$\\log_{10}\\epsilon_e$', unit=None, boundary='reflective')
10:04 INFO    : timeshift=0.0
10:04 INFO    : log10_epsilon_B=Uniform(minimum=-10, maximum=0, name='log10_epsilon_B', latex_label='$\\log_{10}\\epsilon_B$', unit=None, boundary='reflective')
10:04 INFO    : timeshift=0.0
10:04 INFO    : log10_epsilon_B=Uniform(minimum=-10, maximum=0, name='log10_epsilon_B', latex_label='$\\log_{10}\\epsilon_B$', unit=None, boundary='reflective')
10:04 INFO    : timeshift=0.0
10:04 INFO    : timeshift=0.0
10:04 INFO    : log10_epsilon_B=Uniform(minimum=-10, maximum=0, name='log10_epsilon_B', latex_label='$\\log_{10}\\epsilon_B$', unit=None, boundary='reflective')
10:04 INFO    : luminosity_distance=1981.0
10:04 INFO    : timeshift=0.0
10:04 INFO    : log10_epsilon_e=Uniform(minimum=-5, maximum=0, name='log10_epsilon_e', latex_label='$\\log_{10}\\epsilon_e$', unit=None, boundary='reflective')
10:04 INFO    : Analysis likelihood noise evidence: 0.0
10:04 INFO    : log10_epsilon_e=Uniform(minimum=-5, maximum=0, name='log10_epsilon_e', latex_label='$\\log_{10}\\epsilon_e$', unit=None, boundary='reflective')
10:04 INFO    : Analysis likelihood class: <class 'nmma.em.likelihood.OpticalLightCurve'>
10:04 INFO    : Analysis likelihood noise evidence: 0.0
10:04 INFO    : luminosity_distance=1981.0
10:04 INFO    : timeshift=0.0
10:04 INFO    : log10_epsilon_B=Uniform(minimum=-10, maximum=0, name='log10_epsilon_B', latex_label='$\\log_{10}\\epsilon_B$', unit=None, boundary='reflective')
10:04 INFO    : luminosity_distance=1981.0
10:04 INFO    : luminosity_distance=1981.0
10:04 INFO    : log10_epsilon_B=Uniform(minimum=-10, maximum=0, name='log10_epsilon_B', latex_label='$\\log_{10}\\epsilon_B$', unit=None, boundary='reflective')
10:04 INFO    : luminosity_distance=1981.0
10:04 INFO    : luminosity_distance=1981.0
10:04 INFO    : timeshift=0.0
10:04 INFO    : log10_epsilon_B=Uniform(minimum=-10, maximum=0, name='log10_epsilon_B', latex_label='$\\log_{10}\\epsilon_B$', unit=None, boundary='reflective')
10:04 INFO    : timeshift=0.0
10:04 INFO    : luminosity_distance=1981.0
10:04 INFO    : luminosity_distance=1981.0
10:04 INFO    : Ebv=0.0
10:04 INFO    : timeshift=0.0
10:04 INFO    : luminosity_distance=1981.0
10:04 INFO    : em_syserr=LogUniform(minimum=0.01, maximum=2.0, name='em_syserr', latex_label='$\\sigma$', unit=None, boundary=None)
10:04 INFO    : Analysis likelihood noise evidence: 0.0
10:04 INFO    : Ebv=0.0
10:04 INFO    : luminosity_distance=1981.0
10:04 INFO    : Ebv=0.0
10:04 INFO    : timeshift=0.0
10:04 INFO    : Ebv=0.0
10:04 INFO    : log10_epsilon_B=Uniform(minimum=-10, maximum=0, name='log10_epsilon_B', latex_label='$\\log_{10}\\epsilon_B$', unit=None, boundary='reflective')
10:04 INFO    : Ebv=0.0
10:04 INFO    : Ebv=0.0
10:04 INFO    : timeshift=0.0
10:04 INFO    : luminosity_distance=1981.0
10:04 INFO    : Ebv=0.0
10:04 INFO    : luminosity_distance=1981.0
10:04 INFO    : timeshift=0.0
10:04 INFO    : Ebv=0.0
10:04 INFO    : luminosity_distance=1981.0
10:04 INFO    : Ebv=0.0
10:04 INFO    : Analysis likelihood class: <class 'nmma.em.likelihood.OpticalLightCurve'>
10:04 INFO    : Ebv=0.0
10:04 INFO    : luminosity_distance=1981.0
10:04 INFO    : Analysis likelihood class: <class 'nmma.em.likelihood.OpticalLightCurve'>
10:04 INFO    : Analysis likelihood class: <class 'nmma.em.likelihood.OpticalLightCurve'>
10:04 INFO    : Analysis likelihood class: <class 'nmma.em.likelihood.OpticalLightCurve'>
10:04 INFO    : log10_epsilon_B=Uniform(minimum=-10, maximum=0, name='log10_epsilon_B', latex_label='$\\log_{10}\\epsilon_B$', unit=None, boundary='reflective')
10:04 INFO    : Analysis likelihood class: <class 'nmma.em.likelihood.OpticalLightCurve'>
10:04 INFO    : Ebv=0.0
10:04 INFO    : luminosity_distance=1981.0
10:04 INFO    : Ebv=0.0
10:04 INFO    : log10_epsilon_B=Uniform(minimum=-10, maximum=0, name='log10_epsilon_B', latex_label='$\\log_{10}\\epsilon_B$', unit=None, boundary='reflective')
10:04 INFO    : Analysis likelihood class: <class 'nmma.em.likelihood.OpticalLightCurve'>
10:04 INFO    : timeshift=0.0
10:04 INFO    : Analysis likelihood class: <class 'nmma.em.likelihood.OpticalLightCurve'>
10:04 INFO    : log10_epsilon_B=Uniform(minimum=-10, maximum=0, name='log10_epsilon_B', latex_label='$\\log_{10}\\epsilon_B$', unit=None, boundary='reflective')
10:04 INFO    : Ebv=0.0
10:04 INFO    : luminosity_distance=1981.0
10:04 INFO    : Analysis likelihood class: <class 'nmma.em.likelihood.OpticalLightCurve'>
10:04 INFO    : Ebv=0.0
10:04 INFO    : Analysis likelihood class: <class 'nmma.em.likelihood.OpticalLightCurve'>
10:04 INFO    : Analysis likelihood noise evidence: 0.0
10:04 INFO    : Analysis likelihood noise evidence: 0.0
10:04 INFO    : Analysis likelihood class: <class 'nmma.em.likelihood.OpticalLightCurve'>
10:04 INFO    : Analysis likelihood class: <class 'nmma.em.likelihood.OpticalLightCurve'>
10:04 INFO    : Analysis likelihood noise evidence: 0.0
10:04 INFO    : timeshift=0.0
10:04 INFO    : Analysis likelihood noise evidence: 0.0
10:04 INFO    : Analysis likelihood noise evidence: 0.0
10:04 INFO    : Ebv=0.0
10:04 INFO    : Analysis likelihood class: <class 'nmma.em.likelihood.OpticalLightCurve'>
10:04 INFO    : timeshift=0.0
10:04 INFO    : timeshift=0.0
10:04 INFO    : Ebv=0.0
10:04 INFO    : Analysis likelihood noise evidence: 0.0
10:04 INFO    : luminosity_distance=1981.0
10:04 INFO    : Analysis likelihood noise evidence: 0.0
10:04 INFO    : Analysis likelihood class: <class 'nmma.em.likelihood.OpticalLightCurve'>
10:04 INFO    : Analysis likelihood noise evidence: 0.0
10:04 INFO    : Analysis likelihood noise evidence: 0.0
10:04 INFO    : inclination_EM=Uniform(minimum=0.0, maximum=0.7853981633974483, name='inclination_EM', latex_label='$\\iota$', unit=None, boundary=None)
10:04 INFO    : Analysis likelihood class: <class 'nmma.em.likelihood.OpticalLightCurve'>
10:04 INFO    : Analysis likelihood noise evidence: 0.0
10:04 INFO    : luminosity_distance=1981.0
10:04 INFO    : Analysis likelihood noise evidence: 0.0
10:04 INFO    : luminosity_distance=1981.0
10:04 INFO    : luminosity_distance=1981.0
10:04 INFO    : Analysis likelihood noise evidence: 0.0
10:04 INFO    : Analysis likelihood class: <class 'nmma.em.likelihood.OpticalLightCurve'>
10:04 INFO    : Ebv=0.0
10:04 INFO    : Analysis likelihood class: <class 'nmma.em.likelihood.OpticalLightCurve'>
10:04 INFO    : Analysis likelihood noise evidence: 0.0
10:04 INFO    : Analysis likelihood noise evidence: 0.0
10:04 INFO    : Ebv=0.0
10:04 INFO    : Ebv=0.0
10:04 INFO    : Ebv=0.0
10:04 INFO    : Analysis likelihood noise evidence: 0.0
10:04 INFO    : Analysis likelihood noise evidence: 0.0
10:04 INFO    : Analysis likelihood class: <class 'nmma.em.likelihood.OpticalLightCurve'>
10:04 INFO    : Analysis likelihood class: <class 'nmma.em.likelihood.OpticalLightCurve'>
10:04 INFO    : Analysis likelihood class: <class 'nmma.em.likelihood.OpticalLightCurve'>
10:04 INFO    : Analysis likelihood class: <class 'nmma.em.likelihood.OpticalLightCurve'>
10:04 INFO    : log10_E0=Uniform(minimum=47.0, maximum=57.0, name='log10_E0', latex_label='$\\log_{10}E_0$', unit=None, boundary='reflective')
10:04 INFO    : Analysis likelihood noise evidence: 0.0
10:04 INFO    : Analysis likelihood noise evidence: 0.0
10:04 INFO    : Analysis likelihood noise evidence: 0.0
10:04 INFO    : Analysis likelihood noise evidence: 0.0
10:04 INFO    : thetaCore=Uniform(minimum=0.01, maximum=0.3141592653589793, name='theta_core', latex_label='$\\theta_c$', unit=None, boundary='reflective')
10:04 INFO    : log10_n0=Uniform(minimum=-6, maximum=3.0, name='log10_n0', latex_label='$\\log_{10}n_0$', unit=None, boundary='reflective')
10:04 INFO    : p=Uniform(minimum=2.01, maximum=3.0, name='p', latex_label='$p$', unit=None, boundary=None)
10:04 INFO    : log10_epsilon_e=Uniform(minimum=-5, maximum=0, name='log10_epsilon_e', latex_label='$\\log_{10}\\epsilon_e$', unit=None, boundary='reflective')
10:04 INFO    : log10_epsilon_B=Uniform(minimum=-10, maximum=0, name='log10_epsilon_B', latex_label='$\\log_{10}\\epsilon_B$', unit=None, boundary='reflective')
10:04 INFO    : timeshift=0.0
10:04 INFO    : luminosity_distance=1981.0
10:04 INFO    : Ebv=0.0
10:04 INFO    : Analysis likelihood class: <class 'nmma.em.likelihood.OpticalLightCurve'>
10:04 INFO    : Analysis likelihood noise evidence: 0.0
10:04 INFO    : Analysis priors:
10:04 INFO    : em_syserr=LogUniform(minimum=0.01, maximum=2.0, name='em_syserr', latex_label='$\\sigma$', unit=None, boundary=None)
10:04 INFO    : inclination_EM=Uniform(minimum=0.0, maximum=0.7853981633974483, name='inclination_EM', latex_label='$\\iota$', unit=None, boundary=None)
10:04 INFO    : log10_E0=Uniform(minimum=47.0, maximum=57.0, name='log10_E0', latex_label='$\\log_{10}E_0$', unit=None, boundary='reflective')
10:04 INFO    : thetaCore=Uniform(minimum=0.01, maximum=0.3141592653589793, name='theta_core', latex_label='$\\theta_c$', unit=None, boundary='reflective')
10:04 INFO    : log10_n0=Uniform(minimum=-6, maximum=3.0, name='log10_n0', latex_label='$\\log_{10}n_0$', unit=None, boundary='reflective')
10:04 INFO    : Analysis priors:
10:04 INFO    : p=Uniform(minimum=2.01, maximum=3.0, name='p', latex_label='$p$', unit=None, boundary=None)
10:04 INFO    : log10_epsilon_e=Uniform(minimum=-5, maximum=0, name='log10_epsilon_e', latex_label='$\\log_{10}\\epsilon_e$', unit=None, boundary='reflective')
10:04 INFO    : log10_epsilon_B=Uniform(minimum=-10, maximum=0, name='log10_epsilon_B', latex_label='$\\log_{10}\\epsilon_B$', unit=None, boundary='reflective')
10:04 INFO    : timeshift=0.0
10:04 INFO    : luminosity_distance=1981.0
10:04 INFO    : Ebv=0.0
10:04 INFO    : em_syserr=LogUniform(minimum=0.01, maximum=2.0, name='em_syserr', latex_label='$\\sigma$', unit=None, boundary=None)
10:04 INFO    : Analysis likelihood class: <class 'nmma.em.likelihood.OpticalLightCurve'>
10:04 INFO    : Analysis likelihood noise evidence: 0.0
10:04 INFO    : inclination_EM=Uniform(minimum=0.0, maximum=0.7853981633974483, name='inclination_EM', latex_label='$\\iota$', unit=None, boundary=None)
10:04 INFO    : log10_E0=Uniform(minimum=47.0, maximum=57.0, name='log10_E0', latex_label='$\\log_{10}E_0$', unit=None, boundary='reflective')
10:04 INFO    : thetaCore=Uniform(minimum=0.01, maximum=0.3141592653589793, name='theta_core', latex_label='$\\theta_c$', unit=None, boundary='reflective')
10:04 INFO    : p=Uniform(minimum=2.01, maximum=3.0, name='p', latex_label='$p$', unit=None, boundary=None)
10:04 INFO    : log10_n0=Uniform(minimum=-6, maximum=3.0, name='log10_n0', latex_label='$\\log_{10}n_0$', unit=None, boundary='reflective')
10:04 INFO    : log10_epsilon_e=Uniform(minimum=-5, maximum=0, name='log10_epsilon_e', latex_label='$\\log_{10}\\epsilon_e$', unit=None, boundary='reflective')
10:04 INFO    : p=Uniform(minimum=2.01, maximum=3.0, name='p', latex_label='$p$', unit=None, boundary=None)
10:04 INFO    : log10_epsilon_B=Uniform(minimum=-10, maximum=0, name='log10_epsilon_B', latex_label='$\\log_{10}\\epsilon_B$', unit=None, boundary='reflective')
10:04 INFO    : timeshift=0.0
10:04 INFO    : log10_epsilon_e=Uniform(minimum=-5, maximum=0, name='log10_epsilon_e', latex_label='$\\log_{10}\\epsilon_e$', unit=None, boundary='reflective')
10:04 INFO    : luminosity_distance=1981.0
10:04 INFO    : Ebv=0.0
10:04 INFO    : log10_epsilon_B=Uniform(minimum=-10, maximum=0, name='log10_epsilon_B', latex_label='$\\log_{10}\\epsilon_B$', unit=None, boundary='reflective')
10:04 INFO    : Analysis likelihood class: <class 'nmma.em.likelihood.OpticalLightCurve'>
10:04 INFO    : timeshift=0.0
10:04 INFO    : Analysis likelihood noise evidence: 0.0
10:04 INFO    : luminosity_distance=1981.0
10:04 INFO    : Ebv=0.0
10:04 INFO    : Analysis likelihood class: <class 'nmma.em.likelihood.OpticalLightCurve'>
10:04 INFO    : Analysis likelihood noise evidence: 0.0
10:05 INFO    : Single likelihood evaluation took 5.585e-01 s
10:05 WARNING : Supplied argument 'queue_size' not an argument of 'Pymultinest', removing.
10:05 WARNING : Supplied argument 'check_point_delta_t' not an argument of 'Pymultinest', removing.
10:05 INFO    : Using sampler Pymultinest with kwargs {'importance_nested_sampling': False, 'resume': True, 'verbose': True, 'sampling_efficiency': 'parameter', 'n_live_points': 2048, 'n_params': 8, 'n_clustering_params': None, 'wrapped_params': None, 'multimodal': True, 'const_efficiency_mode': False, 'evidence_tolerance': 0.5, 'n_iter_before_update': 100, 'null_log_evidence': -1e+90, 'max_modes': 100, 'mode_tolerance': -1e+90, 'seed': 42, 'context': 0, 'write_output': True, 'log_zero': -1e+100, 'max_iter': 0, 'init_MPI': False, 'dump_callback': <bound method Pymultinest._dump_callback of <bilby.core.sampler.pymultinest.Pymultinest object at 0x1555085d2c70>>}
10:05 INFO    : Temporary directory incompatible with MPI, will run in original directory
10:05 INFO    : Using output file outdirGRBtophat32cores/pm_GRB230812B/
10:05 INFO    : Single likelihood evaluation took 5.925e-01 s
10:05 WARNING : Supplied argument 'queue_size' not an argument of 'Pymultinest', removing.
10:05 WARNING : Supplied argument 'check_point_delta_t' not an argument of 'Pymultinest', removing.
10:05 INFO    : Using sampler Pymultinest with kwargs {'importance_nested_sampling': False, 'resume': True, 'verbose': True, 'sampling_efficiency': 'parameter', 'n_live_points': 2048, 'n_params': 8, 'n_clustering_params': None, 'wrapped_params': None, 'multimodal': True, 'const_efficiency_mode': False, 'evidence_tolerance': 0.5, 'n_iter_before_update': 100, 'null_log_evidence': -1e+90, 'max_modes': 100, 'mode_tolerance': -1e+90, 'seed': 42, 'context': 0, 'write_output': True, 'log_zero': -1e+100, 'max_iter': 0, 'init_MPI': False, 'dump_callback': <bound method Pymultinest._dump_callback of <bilby.core.sampler.pymultinest.Pymultinest object at 0x1555045d3c10>>}
10:05 INFO    : Temporary directory incompatible with MPI, will run in original directory
10:05 INFO    : Using output file outdirGRBtophat32cores/pm_GRB230812B/
10:05 INFO    : Single likelihood evaluation took 6.027e-01 s
10:05 WARNING : Supplied argument 'queue_size' not an argument of 'Pymultinest', removing.
10:05 WARNING : Supplied argument 'check_point_delta_t' not an argument of 'Pymultinest', removing.
10:05 INFO    : Using sampler Pymultinest with kwargs {'importance_nested_sampling': False, 'resume': True, 'verbose': True, 'sampling_efficiency': 'parameter', 'n_live_points': 2048, 'n_params': 8, 'n_clustering_params': None, 'wrapped_params': None, 'multimodal': True, 'const_efficiency_mode': False, 'evidence_tolerance': 0.5, 'n_iter_before_update': 100, 'null_log_evidence': -1e+90, 'max_modes': 100, 'mode_tolerance': -1e+90, 'seed': 42, 'context': 0, 'write_output': True, 'log_zero': -1e+100, 'max_iter': 0, 'init_MPI': False, 'dump_callback': <bound method Pymultinest._dump_callback of <bilby.core.sampler.pymultinest.Pymultinest object at 0x1555045caee0>>}
10:05 INFO    : Temporary directory incompatible with MPI, will run in original directory
10:05 INFO    : Using output file outdirGRBtophat32cores/pm_GRB230812B/
10:05 INFO    : Single likelihood evaluation took 6.243e-01 s
10:05 WARNING : Supplied argument 'queue_size' not an argument of 'Pymultinest', removing.
10:05 WARNING : Supplied argument 'check_point_delta_t' not an argument of 'Pymultinest', removing.
10:05 INFO    : Using sampler Pymultinest with kwargs {'importance_nested_sampling': False, 'resume': True, 'verbose': True, 'sampling_efficiency': 'parameter', 'n_live_points': 2048, 'n_params': 8, 'n_clustering_params': None, 'wrapped_params': None, 'multimodal': True, 'const_efficiency_mode': False, 'evidence_tolerance': 0.5, 'n_iter_before_update': 100, 'null_log_evidence': -1e+90, 'max_modes': 100, 'mode_tolerance': -1e+90, 'seed': 42, 'context': 0, 'write_output': True, 'log_zero': -1e+100, 'max_iter': 0, 'init_MPI': False, 'dump_callback': <bound method Pymultinest._dump_callback of <bilby.core.sampler.pymultinest.Pymultinest object at 0x1555045d5a60>>}
10:05 INFO    : Temporary directory incompatible with MPI, will run in original directory
10:05 INFO    : Using output file outdirGRBtophat32cores/pm_GRB230812B/
10:05 INFO    : Single likelihood evaluation took 6.381e-01 s
10:05 WARNING : Supplied argument 'queue_size' not an argument of 'Pymultinest', removing.
10:05 WARNING : Supplied argument 'check_point_delta_t' not an argument of 'Pymultinest', removing.
10:05 INFO    : Using sampler Pymultinest with kwargs {'importance_nested_sampling': False, 'resume': True, 'verbose': True, 'sampling_efficiency': 'parameter', 'n_live_points': 2048, 'n_params': 8, 'n_clustering_params': None, 'wrapped_params': None, 'multimodal': True, 'const_efficiency_mode': False, 'evidence_tolerance': 0.5, 'n_iter_before_update': 100, 'null_log_evidence': -1e+90, 'max_modes': 100, 'mode_tolerance': -1e+90, 'seed': 42, 'context': 0, 'write_output': True, 'log_zero': -1e+100, 'max_iter': 0, 'init_MPI': False, 'dump_callback': <bound method Pymultinest._dump_callback of <bilby.core.sampler.pymultinest.Pymultinest object at 0x1555045d4ee0>>}
10:05 INFO    : Temporary directory incompatible with MPI, will run in original directory
10:05 INFO    : Using output file outdirGRBtophat32cores/pm_GRB230812B/
10:05 INFO    : Single likelihood evaluation took 6.252e-01 s
10:05 WARNING : Supplied argument 'queue_size' not an argument of 'Pymultinest', removing.
10:05 WARNING : Supplied argument 'check_point_delta_t' not an argument of 'Pymultinest', removing.
10:05 INFO    : Using sampler Pymultinest with kwargs {'importance_nested_sampling': False, 'resume': True, 'verbose': True, 'sampling_efficiency': 'parameter', 'n_live_points': 2048, 'n_params': 8, 'n_clustering_params': None, 'wrapped_params': None, 'multimodal': True, 'const_efficiency_mode': False, 'evidence_tolerance': 0.5, 'n_iter_before_update': 100, 'null_log_evidence': -1e+90, 'max_modes': 100, 'mode_tolerance': -1e+90, 'seed': 42, 'context': 0, 'write_output': True, 'log_zero': -1e+100, 'max_iter': 0, 'init_MPI': False, 'dump_callback': <bound method Pymultinest._dump_callback of <bilby.core.sampler.pymultinest.Pymultinest object at 0x1555045d1ee0>>}
10:05 INFO    : Temporary directory incompatible with MPI, will run in original directory
10:05 INFO    : Using output file outdirGRBtophat32cores/pm_GRB230812B/
10:05 INFO    : Single likelihood evaluation took 6.509e-01 s
10:05 INFO    : Single likelihood evaluation took 6.462e-01 s
10:05 WARNING : Supplied argument 'queue_size' not an argument of 'Pymultinest', removing.
10:05 WARNING : Supplied argument 'check_point_delta_t' not an argument of 'Pymultinest', removing.
10:05 INFO    : Using sampler Pymultinest with kwargs {'importance_nested_sampling': False, 'resume': True, 'verbose': True, 'sampling_efficiency': 'parameter', 'n_live_points': 2048, 'n_params': 8, 'n_clustering_params': None, 'wrapped_params': None, 'multimodal': True, 'const_efficiency_mode': False, 'evidence_tolerance': 0.5, 'n_iter_before_update': 100, 'null_log_evidence': -1e+90, 'max_modes': 100, 'mode_tolerance': -1e+90, 'seed': 42, 'context': 0, 'write_output': True, 'log_zero': -1e+100, 'max_iter': 0, 'init_MPI': False, 'dump_callback': <bound method Pymultinest._dump_callback of <bilby.core.sampler.pymultinest.Pymultinest object at 0x1555085ceeb0>>}
10:05 INFO    : Temporary directory incompatible with MPI, will run in original directory
10:05 INFO    : Using output file outdirGRBtophat32cores/pm_GRB230812B/
10:05 INFO    : Single likelihood evaluation took 6.582e-01 s
10:05 INFO    : Single likelihood evaluation took 6.372e-01 s
10:05 WARNING : Supplied argument 'queue_size' not an argument of 'Pymultinest', removing.
10:05 WARNING : Supplied argument 'check_point_delta_t' not an argument of 'Pymultinest', removing.
10:05 INFO    : Using sampler Pymultinest with kwargs {'importance_nested_sampling': False, 'resume': True, 'verbose': True, 'sampling_efficiency': 'parameter', 'n_live_points': 2048, 'n_params': 8, 'n_clustering_params': None, 'wrapped_params': None, 'multimodal': True, 'const_efficiency_mode': False, 'evidence_tolerance': 0.5, 'n_iter_before_update': 100, 'null_log_evidence': -1e+90, 'max_modes': 100, 'mode_tolerance': -1e+90, 'seed': 42, 'context': 0, 'write_output': True, 'log_zero': -1e+100, 'max_iter': 0, 'init_MPI': False, 'dump_callback': <bound method Pymultinest._dump_callback of <bilby.core.sampler.pymultinest.Pymultinest object at 0x1555045cceb0>>}
10:05 INFO    : Temporary directory incompatible with MPI, will run in original directory
10:05 INFO    : Using output file outdirGRBtophat32cores/pm_GRB230812B/
10:05 INFO    : Single likelihood evaluation took 6.654e-01 s
10:05 INFO    : Single likelihood evaluation took 6.609e-01 s
10:05 WARNING : Supplied argument 'queue_size' not an argument of 'Pymultinest', removing.
10:05 WARNING : Supplied argument 'check_point_delta_t' not an argument of 'Pymultinest', removing.
10:05 INFO    : Using sampler Pymultinest with kwargs {'importance_nested_sampling': False, 'resume': True, 'verbose': True, 'sampling_efficiency': 'parameter', 'n_live_points': 2048, 'n_params': 8, 'n_clustering_params': None, 'wrapped_params': None, 'multimodal': True, 'const_efficiency_mode': False, 'evidence_tolerance': 0.5, 'n_iter_before_update': 100, 'null_log_evidence': -1e+90, 'max_modes': 100, 'mode_tolerance': -1e+90, 'seed': 42, 'context': 0, 'write_output': True, 'log_zero': -1e+100, 'max_iter': 0, 'init_MPI': False, 'dump_callback': <bound method Pymultinest._dump_callback of <bilby.core.sampler.pymultinest.Pymultinest object at 0x1555085d4c10>>}
10:05 INFO    : Temporary directory incompatible with MPI, will run in original directory
10:05 INFO    : Using output file outdirGRBtophat32cores/pm_GRB230812B/
10:05 WARNING : Supplied argument 'queue_size' not an argument of 'Pymultinest', removing.
10:05 WARNING : Supplied argument 'check_point_delta_t' not an argument of 'Pymultinest', removing.
10:05 INFO    : Using sampler Pymultinest with kwargs {'importance_nested_sampling': False, 'resume': True, 'verbose': True, 'sampling_efficiency': 'parameter', 'n_live_points': 2048, 'n_params': 8, 'n_clustering_params': None, 'wrapped_params': None, 'multimodal': True, 'const_efficiency_mode': False, 'evidence_tolerance': 0.5, 'n_iter_before_update': 100, 'null_log_evidence': -1e+90, 'max_modes': 100, 'mode_tolerance': -1e+90, 'seed': 42, 'context': 0, 'write_output': True, 'log_zero': -1e+100, 'max_iter': 0, 'init_MPI': False, 'dump_callback': <bound method Pymultinest._dump_callback of <bilby.core.sampler.pymultinest.Pymultinest object at 0x1555045d2ca0>>}
10:05 INFO    : Temporary directory incompatible with MPI, will run in original directory
10:05 INFO    : Using output file outdirGRBtophat32cores/pm_GRB230812B/
10:05 WARNING : Supplied argument 'queue_size' not an argument of 'Pymultinest', removing.
10:05 WARNING : Supplied argument 'check_point_delta_t' not an argument of 'Pymultinest', removing.
10:05 INFO    : Using sampler Pymultinest with kwargs {'importance_nested_sampling': False, 'resume': True, 'verbose': True, 'sampling_efficiency': 'parameter', 'n_live_points': 2048, 'n_params': 8, 'n_clustering_params': None, 'wrapped_params': None, 'multimodal': True, 'const_efficiency_mode': False, 'evidence_tolerance': 0.5, 'n_iter_before_update': 100, 'null_log_evidence': -1e+90, 'max_modes': 100, 'mode_tolerance': -1e+90, 'seed': 42, 'context': 0, 'write_output': True, 'log_zero': -1e+100, 'max_iter': 0, 'init_MPI': False, 'dump_callback': <bound method Pymultinest._dump_callback of <bilby.core.sampler.pymultinest.Pymultinest object at 0x1555045d2e80>>}
10:05 INFO    : Temporary directory incompatible with MPI, will run in original directory
10:05 INFO    : Using output file outdirGRBtophat32cores/pm_GRB230812B/
10:05 INFO    : Single likelihood evaluation took 6.573e-01 s
10:05 WARNING : Supplied argument 'queue_size' not an argument of 'Pymultinest', removing.
10:05 WARNING : Supplied argument 'check_point_delta_t' not an argument of 'Pymultinest', removing.
10:05 INFO    : Using sampler Pymultinest with kwargs {'importance_nested_sampling': False, 'resume': True, 'verbose': True, 'sampling_efficiency': 'parameter', 'n_live_points': 2048, 'n_params': 8, 'n_clustering_params': None, 'wrapped_params': None, 'multimodal': True, 'const_efficiency_mode': False, 'evidence_tolerance': 0.5, 'n_iter_before_update': 100, 'null_log_evidence': -1e+90, 'max_modes': 100, 'mode_tolerance': -1e+90, 'seed': 42, 'context': 0, 'write_output': True, 'log_zero': -1e+100, 'max_iter': 0, 'init_MPI': False, 'dump_callback': <bound method Pymultinest._dump_callback of <bilby.core.sampler.pymultinest.Pymultinest object at 0x1555544f3130>>}
10:05 INFO    : Temporary directory incompatible with MPI, will run in original directory
10:05 INFO    : Using output file outdirGRBtophat32cores/pm_GRB230812B/
10:05 INFO    : Single likelihood evaluation took 6.715e-01 s
10:05 WARNING : Supplied argument 'queue_size' not an argument of 'Pymultinest', removing.
10:05 WARNING : Supplied argument 'check_point_delta_t' not an argument of 'Pymultinest', removing.
10:05 INFO    : Using sampler Pymultinest with kwargs {'importance_nested_sampling': False, 'resume': True, 'verbose': True, 'sampling_efficiency': 'parameter', 'n_live_points': 2048, 'n_params': 8, 'n_clustering_params': None, 'wrapped_params': None, 'multimodal': True, 'const_efficiency_mode': False, 'evidence_tolerance': 0.5, 'n_iter_before_update': 100, 'null_log_evidence': -1e+90, 'max_modes': 100, 'mode_tolerance': -1e+90, 'seed': 42, 'context': 0, 'write_output': True, 'log_zero': -1e+100, 'max_iter': 0, 'init_MPI': False, 'dump_callback': <bound method Pymultinest._dump_callback of <bilby.core.sampler.pymultinest.Pymultinest object at 0x1555045d0f70>>}
10:05 INFO    : Temporary directory incompatible with MPI, will run in original directory
10:05 INFO    : Using output file outdirGRBtophat32cores/pm_GRB230812B/
10:05 WARNING : Supplied argument 'queue_size' not an argument of 'Pymultinest', removing.
10:05 WARNING : Supplied argument 'check_point_delta_t' not an argument of 'Pymultinest', removing.
10:05 INFO    : Using sampler Pymultinest with kwargs {'importance_nested_sampling': False, 'resume': True, 'verbose': True, 'sampling_efficiency': 'parameter', 'n_live_points': 2048, 'n_params': 8, 'n_clustering_params': None, 'wrapped_params': None, 'multimodal': True, 'const_efficiency_mode': False, 'evidence_tolerance': 0.5, 'n_iter_before_update': 100, 'null_log_evidence': -1e+90, 'max_modes': 100, 'mode_tolerance': -1e+90, 'seed': 42, 'context': 0, 'write_output': True, 'log_zero': -1e+100, 'max_iter': 0, 'init_MPI': False, 'dump_callback': <bound method Pymultinest._dump_callback of <bilby.core.sampler.pymultinest.Pymultinest object at 0x1555085d2c70>>}
10:05 INFO    : Temporary directory incompatible with MPI, will run in original directory
10:05 INFO    : Using output file outdirGRBtophat32cores/pm_GRB230812B/
10:05 INFO    : Single likelihood evaluation took 6.817e-01 s
10:05 INFO    : Single likelihood evaluation took 6.809e-01 s
10:06 INFO    : Single likelihood evaluation took 6.840e-01 s
10:06 INFO    : Single likelihood evaluation took 6.885e-01 s
10:06 WARNING : Supplied argument 'queue_size' not an argument of 'Pymultinest', removing.
10:06 WARNING : Supplied argument 'check_point_delta_t' not an argument of 'Pymultinest', removing.
10:06 INFO    : Using sampler Pymultinest with kwargs {'importance_nested_sampling': False, 'resume': True, 'verbose': True, 'sampling_efficiency': 'parameter', 'n_live_points': 2048, 'n_params': 8, 'n_clustering_params': None, 'wrapped_params': None, 'multimodal': True, 'const_efficiency_mode': False, 'evidence_tolerance': 0.5, 'n_iter_before_update': 100, 'null_log_evidence': -1e+90, 'max_modes': 100, 'mode_tolerance': -1e+90, 'seed': 42, 'context': 0, 'write_output': True, 'log_zero': -1e+100, 'max_iter': 0, 'init_MPI': False, 'dump_callback': <bound method Pymultinest._dump_callback of <bilby.core.sampler.pymultinest.Pymultinest object at 0x1555085d4af0>>}
10:06 INFO    : Temporary directory incompatible with MPI, will run in original directory
10:06 INFO    : Using output file outdirGRBtophat32cores/pm_GRB230812B/
10:06 WARNING : Supplied argument 'queue_size' not an argument of 'Pymultinest', removing.
10:06 WARNING : Supplied argument 'check_point_delta_t' not an argument of 'Pymultinest', removing.
10:06 INFO    : Using sampler Pymultinest with kwargs {'importance_nested_sampling': False, 'resume': True, 'verbose': True, 'sampling_efficiency': 'parameter', 'n_live_points': 2048, 'n_params': 8, 'n_clustering_params': None, 'wrapped_params': None, 'multimodal': True, 'const_efficiency_mode': False, 'evidence_tolerance': 0.5, 'n_iter_before_update': 100, 'null_log_evidence': -1e+90, 'max_modes': 100, 'mode_tolerance': -1e+90, 'seed': 42, 'context': 0, 'write_output': True, 'log_zero': -1e+100, 'max_iter': 0, 'init_MPI': False, 'dump_callback': <bound method Pymultinest._dump_callback of <bilby.core.sampler.pymultinest.Pymultinest object at 0x1555045d1c10>>}
10:06 INFO    : Temporary directory incompatible with MPI, will run in original directory
10:06 INFO    : Using output file outdirGRBtophat32cores/pm_GRB230812B/
10:06 INFO    : Single likelihood evaluation took 6.965e-01 s
10:06 INFO    : Single likelihood evaluation took 7.013e-01 s
10:06 WARNING : Supplied argument 'queue_size' not an argument of 'Pymultinest', removing.
10:06 WARNING : Supplied argument 'check_point_delta_t' not an argument of 'Pymultinest', removing.
10:06 INFO    : Using sampler Pymultinest with kwargs {'importance_nested_sampling': False, 'resume': True, 'verbose': True, 'sampling_efficiency': 'parameter', 'n_live_points': 2048, 'n_params': 8, 'n_clustering_params': None, 'wrapped_params': None, 'multimodal': True, 'const_efficiency_mode': False, 'evidence_tolerance': 0.5, 'n_iter_before_update': 100, 'null_log_evidence': -1e+90, 'max_modes': 100, 'mode_tolerance': -1e+90, 'seed': 42, 'context': 0, 'write_output': True, 'log_zero': -1e+100, 'max_iter': 0, 'init_MPI': False, 'dump_callback': <bound method Pymultinest._dump_callback of <bilby.core.sampler.pymultinest.Pymultinest object at 0x1555544f4130>>}
10:06 INFO    : Temporary directory incompatible with MPI, will run in original directory
10:06 INFO    : Using output file outdirGRBtophat32cores/pm_GRB230812B/
10:06 WARNING : Supplied argument 'queue_size' not an argument of 'Pymultinest', removing.
10:06 WARNING : Supplied argument 'check_point_delta_t' not an argument of 'Pymultinest', removing.
10:06 INFO    : Using sampler Pymultinest with kwargs {'importance_nested_sampling': False, 'resume': True, 'verbose': True, 'sampling_efficiency': 'parameter', 'n_live_points': 2048, 'n_params': 8, 'n_clustering_params': None, 'wrapped_params': None, 'multimodal': True, 'const_efficiency_mode': False, 'evidence_tolerance': 0.5, 'n_iter_before_update': 100, 'null_log_evidence': -1e+90, 'max_modes': 100, 'mode_tolerance': -1e+90, 'seed': 42, 'context': 0, 'write_output': True, 'log_zero': -1e+100, 'max_iter': 0, 'init_MPI': False, 'dump_callback': <bound method Pymultinest._dump_callback of <bilby.core.sampler.pymultinest.Pymultinest object at 0x1555085ceaf0>>}
10:06 INFO    : Temporary directory incompatible with MPI, will run in original directory
10:06 INFO    : Using output file outdirGRBtophat32cores/pm_GRB230812B/
10:06 WARNING : Supplied argument 'queue_size' not an argument of 'Pymultinest', removing.
10:06 WARNING : Supplied argument 'check_point_delta_t' not an argument of 'Pymultinest', removing.
10:06 INFO    : Using sampler Pymultinest with kwargs {'importance_nested_sampling': False, 'resume': True, 'verbose': True, 'sampling_efficiency': 'parameter', 'n_live_points': 2048, 'n_params': 8, 'n_clustering_params': None, 'wrapped_params': None, 'multimodal': True, 'const_efficiency_mode': False, 'evidence_tolerance': 0.5, 'n_iter_before_update': 100, 'null_log_evidence': -1e+90, 'max_modes': 100, 'mode_tolerance': -1e+90, 'seed': 42, 'context': 0, 'write_output': True, 'log_zero': -1e+100, 'max_iter': 0, 'init_MPI': False, 'dump_callback': <bound method Pymultinest._dump_callback of <bilby.core.sampler.pymultinest.Pymultinest object at 0x1555544f3130>>}
10:06 INFO    : Temporary directory incompatible with MPI, will run in original directory
10:06 INFO    : Using output file outdirGRBtophat32cores/pm_GRB230812B/
10:06 WARNING : Supplied argument 'queue_size' not an argument of 'Pymultinest', removing.
10:06 WARNING : Supplied argument 'check_point_delta_t' not an argument of 'Pymultinest', removing.
10:06 INFO    : Using sampler Pymultinest with kwargs {'importance_nested_sampling': False, 'resume': True, 'verbose': True, 'sampling_efficiency': 'parameter', 'n_live_points': 2048, 'n_params': 8, 'n_clustering_params': None, 'wrapped_params': None, 'multimodal': True, 'const_efficiency_mode': False, 'evidence_tolerance': 0.5, 'n_iter_before_update': 100, 'null_log_evidence': -1e+90, 'max_modes': 100, 'mode_tolerance': -1e+90, 'seed': 42, 'context': 0, 'write_output': True, 'log_zero': -1e+100, 'max_iter': 0, 'init_MPI': False, 'dump_callback': <bound method Pymultinest._dump_callback of <bilby.core.sampler.pymultinest.Pymultinest object at 0x1555544f3130>>}
10:06 INFO    : Temporary directory incompatible with MPI, will run in original directory
10:06 INFO    : Using output file outdirGRBtophat32cores/pm_GRB230812B/
10:06 INFO    : Single likelihood evaluation took 7.047e-01 s
10:06 INFO    : Single likelihood evaluation took 7.176e-01 s
10:06 WARNING : Supplied argument 'queue_size' not an argument of 'Pymultinest', removing.
10:06 WARNING : Supplied argument 'check_point_delta_t' not an argument of 'Pymultinest', removing.
10:06 INFO    : Using sampler Pymultinest with kwargs {'importance_nested_sampling': False, 'resume': True, 'verbose': True, 'sampling_efficiency': 'parameter', 'n_live_points': 2048, 'n_params': 8, 'n_clustering_params': None, 'wrapped_params': None, 'multimodal': True, 'const_efficiency_mode': False, 'evidence_tolerance': 0.5, 'n_iter_before_update': 100, 'null_log_evidence': -1e+90, 'max_modes': 100, 'mode_tolerance': -1e+90, 'seed': 42, 'context': 0, 'write_output': True, 'log_zero': -1e+100, 'max_iter': 0, 'init_MPI': False, 'dump_callback': <bound method Pymultinest._dump_callback of <bilby.core.sampler.pymultinest.Pymultinest object at 0x1555544f4130>>}
10:06 INFO    : Temporary directory incompatible with MPI, will run in original directory
10:06 INFO    : Using output file outdirGRBtophat32cores/pm_GRB230812B/
10:06 INFO    : Single likelihood evaluation took 7.165e-01 s
10:06 WARNING : Supplied argument 'queue_size' not an argument of 'Pymultinest', removing.
10:06 WARNING : Supplied argument 'check_point_delta_t' not an argument of 'Pymultinest', removing.
10:06 INFO    : Using sampler Pymultinest with kwargs {'importance_nested_sampling': False, 'resume': True, 'verbose': True, 'sampling_efficiency': 'parameter', 'n_live_points': 2048, 'n_params': 8, 'n_clustering_params': None, 'wrapped_params': None, 'multimodal': True, 'const_efficiency_mode': False, 'evidence_tolerance': 0.5, 'n_iter_before_update': 100, 'null_log_evidence': -1e+90, 'max_modes': 100, 'mode_tolerance': -1e+90, 'seed': 42, 'context': 0, 'write_output': True, 'log_zero': -1e+100, 'max_iter': 0, 'init_MPI': False, 'dump_callback': <bound method Pymultinest._dump_callback of <bilby.core.sampler.pymultinest.Pymultinest object at 0x1555045caf70>>}
10:06 INFO    : Temporary directory incompatible with MPI, will run in original directory
10:06 INFO    : Using output file outdirGRBtophat32cores/pm_GRB230812B/
10:06 INFO    : Single likelihood evaluation took 7.217e-01 s
10:06 INFO    : Single likelihood evaluation took 7.141e-01 s
10:06 WARNING : Supplied argument 'queue_size' not an argument of 'Pymultinest', removing.
10:06 WARNING : Supplied argument 'check_point_delta_t' not an argument of 'Pymultinest', removing.
10:06 INFO    : Using sampler Pymultinest with kwargs {'importance_nested_sampling': False, 'resume': True, 'verbose': True, 'sampling_efficiency': 'parameter', 'n_live_points': 2048, 'n_params': 8, 'n_clustering_params': None, 'wrapped_params': None, 'multimodal': True, 'const_efficiency_mode': False, 'evidence_tolerance': 0.5, 'n_iter_before_update': 100, 'null_log_evidence': -1e+90, 'max_modes': 100, 'mode_tolerance': -1e+90, 'seed': 42, 'context': 0, 'write_output': True, 'log_zero': -1e+100, 'max_iter': 0, 'init_MPI': False, 'dump_callback': <bound method Pymultinest._dump_callback of <bilby.core.sampler.pymultinest.Pymultinest object at 0x1555544f31c0>>}
10:06 INFO    : Temporary directory incompatible with MPI, will run in original directory
10:06 INFO    : Using output file outdirGRBtophat32cores/pm_GRB230812B/
10:06 WARNING : Supplied argument 'queue_size' not an argument of 'Pymultinest', removing.
10:06 WARNING : Supplied argument 'check_point_delta_t' not an argument of 'Pymultinest', removing.
10:06 INFO    : Using sampler Pymultinest with kwargs {'importance_nested_sampling': False, 'resume': True, 'verbose': True, 'sampling_efficiency': 'parameter', 'n_live_points': 2048, 'n_params': 8, 'n_clustering_params': None, 'wrapped_params': None, 'multimodal': True, 'const_efficiency_mode': False, 'evidence_tolerance': 0.5, 'n_iter_before_update': 100, 'null_log_evidence': -1e+90, 'max_modes': 100, 'mode_tolerance': -1e+90, 'seed': 42, 'context': 0, 'write_output': True, 'log_zero': -1e+100, 'max_iter': 0, 'init_MPI': False, 'dump_callback': <bound method Pymultinest._dump_callback of <bilby.core.sampler.pymultinest.Pymultinest object at 0x1555045cff10>>}
10:06 INFO    : Temporary directory incompatible with MPI, will run in original directory
10:06 INFO    : Using output file outdirGRBtophat32cores/pm_GRB230812B/
10:06 WARNING : Supplied argument 'queue_size' not an argument of 'Pymultinest', removing.
10:06 WARNING : Supplied argument 'check_point_delta_t' not an argument of 'Pymultinest', removing.
10:06 INFO    : Using sampler Pymultinest with kwargs {'importance_nested_sampling': False, 'resume': True, 'verbose': True, 'sampling_efficiency': 'parameter', 'n_live_points': 2048, 'n_params': 8, 'n_clustering_params': None, 'wrapped_params': None, 'multimodal': True, 'const_efficiency_mode': False, 'evidence_tolerance': 0.5, 'n_iter_before_update': 100, 'null_log_evidence': -1e+90, 'max_modes': 100, 'mode_tolerance': -1e+90, 'seed': 42, 'context': 0, 'write_output': True, 'log_zero': -1e+100, 'max_iter': 0, 'init_MPI': False, 'dump_callback': <bound method Pymultinest._dump_callback of <bilby.core.sampler.pymultinest.Pymultinest object at 0x1555045d2f70>>}
10:06 INFO    : Temporary directory incompatible with MPI, will run in original directory
10:06 INFO    : Using output file outdirGRBtophat32cores/pm_GRB230812B/
10:06 INFO    : Single likelihood evaluation took 7.534e-01 s
10:06 WARNING : Supplied argument 'queue_size' not an argument of 'Pymultinest', removing.
10:06 WARNING : Supplied argument 'check_point_delta_t' not an argument of 'Pymultinest', removing.
10:06 INFO    : Using sampler Pymultinest with kwargs {'importance_nested_sampling': False, 'resume': True, 'verbose': True, 'sampling_efficiency': 'parameter', 'n_live_points': 2048, 'n_params': 8, 'n_clustering_params': None, 'wrapped_params': None, 'multimodal': True, 'const_efficiency_mode': False, 'evidence_tolerance': 0.5, 'n_iter_before_update': 100, 'null_log_evidence': -1e+90, 'max_modes': 100, 'mode_tolerance': -1e+90, 'seed': 42, 'context': 0, 'write_output': True, 'log_zero': -1e+100, 'max_iter': 0, 'init_MPI': False, 'dump_callback': <bound method Pymultinest._dump_callback of <bilby.core.sampler.pymultinest.Pymultinest object at 0x1555085d4f70>>}
10:06 INFO    : Temporary directory incompatible with MPI, will run in original directory
10:06 INFO    : Using output file outdirGRBtophat32cores/pm_GRB230812B/
10:06 INFO    : Single likelihood evaluation took 7.712e-01 s
10:06 INFO    : Single likelihood evaluation took 7.698e-01 s
10:06 WARNING : Supplied argument 'queue_size' not an argument of 'Pymultinest', removing.
10:06 WARNING : Supplied argument 'check_point_delta_t' not an argument of 'Pymultinest', removing.
10:06 INFO    : Using sampler Pymultinest with kwargs {'importance_nested_sampling': False, 'resume': True, 'verbose': True, 'sampling_efficiency': 'parameter', 'n_live_points': 2048, 'n_params': 8, 'n_clustering_params': None, 'wrapped_params': None, 'multimodal': True, 'const_efficiency_mode': False, 'evidence_tolerance': 0.5, 'n_iter_before_update': 100, 'null_log_evidence': -1e+90, 'max_modes': 100, 'mode_tolerance': -1e+90, 'seed': 42, 'context': 0, 'write_output': True, 'log_zero': -1e+100, 'max_iter': 0, 'init_MPI': False, 'dump_callback': <bound method Pymultinest._dump_callback of <bilby.core.sampler.pymultinest.Pymultinest object at 0x1555085d2eb0>>}
10:06 INFO    : Temporary directory incompatible with MPI, will run in original directory
10:06 INFO    : Using output file outdirGRBtophat32cores/pm_GRB230812B/
10:06 INFO    : Single likelihood evaluation took 7.856e-01 s
10:06 WARNING : Supplied argument 'queue_size' not an argument of 'Pymultinest', removing.
10:06 WARNING : Supplied argument 'check_point_delta_t' not an argument of 'Pymultinest', removing.
10:06 INFO    : Using sampler Pymultinest with kwargs {'importance_nested_sampling': False, 'resume': True, 'verbose': True, 'sampling_efficiency': 'parameter', 'n_live_points': 2048, 'n_params': 8, 'n_clustering_params': None, 'wrapped_params': None, 'multimodal': True, 'const_efficiency_mode': False, 'evidence_tolerance': 0.5, 'n_iter_before_update': 100, 'null_log_evidence': -1e+90, 'max_modes': 100, 'mode_tolerance': -1e+90, 'seed': 42, 'context': 0, 'write_output': True, 'log_zero': -1e+100, 'max_iter': 0, 'init_MPI': False, 'dump_callback': <bound method Pymultinest._dump_callback of <bilby.core.sampler.pymultinest.Pymultinest object at 0x155554476040>>}
10:06 INFO    : Temporary directory incompatible with MPI, will run in original directory
10:06 INFO    : Using output file outdirGRBtophat32cores/pm_GRB230812B/
10:06 WARNING : Supplied argument 'queue_size' not an argument of 'Pymultinest', removing.
10:06 WARNING : Supplied argument 'check_point_delta_t' not an argument of 'Pymultinest', removing.
10:06 INFO    : Using sampler Pymultinest with kwargs {'importance_nested_sampling': False, 'resume': True, 'verbose': True, 'sampling_efficiency': 'parameter', 'n_live_points': 2048, 'n_params': 8, 'n_clustering_params': None, 'wrapped_params': None, 'multimodal': True, 'const_efficiency_mode': False, 'evidence_tolerance': 0.5, 'n_iter_before_update': 100, 'null_log_evidence': -1e+90, 'max_modes': 100, 'mode_tolerance': -1e+90, 'seed': 42, 'context': 0, 'write_output': True, 'log_zero': -1e+100, 'max_iter': 0, 'init_MPI': False, 'dump_callback': <bound method Pymultinest._dump_callback of <bilby.core.sampler.pymultinest.Pymultinest object at 0x1555045d5eb0>>}
10:06 INFO    : Temporary directory incompatible with MPI, will run in original directory
10:06 INFO    : Using output file outdirGRBtophat32cores/pm_GRB230812B/
10:06 INFO    : Single likelihood evaluation took 7.988e-01 s
10:06 WARNING : Supplied argument 'queue_size' not an argument of 'Pymultinest', removing.
10:06 WARNING : Supplied argument 'check_point_delta_t' not an argument of 'Pymultinest', removing.
10:06 INFO    : Using sampler Pymultinest with kwargs {'importance_nested_sampling': False, 'resume': True, 'verbose': True, 'sampling_efficiency': 'parameter', 'n_live_points': 2048, 'n_params': 8, 'n_clustering_params': None, 'wrapped_params': None, 'multimodal': True, 'const_efficiency_mode': False, 'evidence_tolerance': 0.5, 'n_iter_before_update': 100, 'null_log_evidence': -1e+90, 'max_modes': 100, 'mode_tolerance': -1e+90, 'seed': 42, 'context': 0, 'write_output': True, 'log_zero': -1e+100, 'max_iter': 0, 'init_MPI': False, 'dump_callback': <bound method Pymultinest._dump_callback of <bilby.core.sampler.pymultinest.Pymultinest object at 0x1555045d1ee0>>}
10:06 INFO    : Temporary directory incompatible with MPI, will run in original directory
10:06 INFO    : Using output file outdirGRBtophat32cores/pm_GRB230812B/
10:06 INFO    : Single likelihood evaluation took 8.028e-01 s
10:06 WARNING : Supplied argument 'queue_size' not an argument of 'Pymultinest', removing.
10:06 WARNING : Supplied argument 'check_point_delta_t' not an argument of 'Pymultinest', removing.
10:06 INFO    : Using sampler Pymultinest with kwargs {'importance_nested_sampling': False, 'resume': True, 'verbose': True, 'sampling_efficiency': 'parameter', 'n_live_points': 2048, 'n_params': 8, 'n_clustering_params': None, 'wrapped_params': None, 'multimodal': True, 'const_efficiency_mode': False, 'evidence_tolerance': 0.5, 'n_iter_before_update': 100, 'null_log_evidence': -1e+90, 'max_modes': 100, 'mode_tolerance': -1e+90, 'seed': 42, 'context': 0, 'write_output': True, 'log_zero': -1e+100, 'max_iter': 0, 'init_MPI': False, 'dump_callback': <bound method Pymultinest._dump_callback of <bilby.core.sampler.pymultinest.Pymultinest object at 0x1555085d2c70>>}
10:06 INFO    : Temporary directory incompatible with MPI, will run in original directory
10:06 INFO    : Using output file outdirGRBtophat32cores/pm_GRB230812B/
10:06 INFO    : Single likelihood evaluation took 8.203e-01 s
10:06 WARNING : Supplied argument 'queue_size' not an argument of 'Pymultinest', removing.
10:06 WARNING : Supplied argument 'check_point_delta_t' not an argument of 'Pymultinest', removing.
10:06 INFO    : Using sampler Pymultinest with kwargs {'importance_nested_sampling': False, 'resume': True, 'verbose': True, 'sampling_efficiency': 'parameter', 'n_live_points': 2048, 'n_params': 8, 'n_clustering_params': None, 'wrapped_params': None, 'multimodal': True, 'const_efficiency_mode': False, 'evidence_tolerance': 0.5, 'n_iter_before_update': 100, 'null_log_evidence': -1e+90, 'max_modes': 100, 'mode_tolerance': -1e+90, 'seed': 42, 'context': 0, 'write_output': True, 'log_zero': -1e+100, 'max_iter': 0, 'init_MPI': False, 'dump_callback': <bound method Pymultinest._dump_callback of <bilby.core.sampler.pymultinest.Pymultinest object at 0x1555085d0e80>>}
10:06 INFO    : Temporary directory incompatible with MPI, will run in original directory
10:06 INFO    : Using output file outdirGRBtophat32cores/pm_GRB230812B/
14:01 INFO    : Sampling time: 3:55:23.008900
14:01 INFO    : Sampling time: 3:55:27.021493
14:01 INFO    : Sampling time: 3:55:24.663813
14:01 INFO    : Sampling time: 3:55:37.755508
14:01 INFO    : Sampling time: 3:55:36.570921
14:01 INFO    : Sampling time: 3:55:39.204527
14:01 INFO    : Sampling time: 3:55:48.933391
14:01 INFO    : Sampling time: 3:55:37.887157
14:01 INFO    : Sampling time: 3:55:32.709091
14:01 INFO    : Sampling time: 3:55:46.234954
14:01 INFO    : Sampling time: 3:55:39.045562
14:01 INFO    : Sampling time: 3:55:44.715705
14:01 INFO    : Sampling time: 3:55:34.883643
14:01 INFO    : Sampling time: 3:55:27.736913
14:01 INFO    : Sampling time: 3:55:35.446506
14:01 INFO    : Sampling time: 3:55:40.142337
14:01 INFO    : Sampling time: 3:55:29.564103
14:01 INFO    : Sampling time: 3:55:35.461248
14:01 INFO    : Sampling time: 3:55:34.183008
14:01 INFO    : Sampling time: 3:55:38.117938
14:01 INFO    : Sampling time: 3:55:39.259173
14:01 INFO    : Sampling time: 3:55:30.690280
14:01 INFO    : Sampling time: 3:55:42.931948
14:01 INFO    : Sampling time: 3:55:36.432662
14:01 INFO    : Sampling time: 3:55:34.909249
14:01 INFO    : Sampling time: 3:55:39.588237
14:01 INFO    : Sampling time: 3:55:26.300828
14:01 INFO    : Sampling time: 3:55:31.270485
14:01 INFO    : Sampling time: 3:55:41.958833
14:01 INFO    : Sampling time: 3:55:25.422323
14:01 INFO    : Sampling time: 3:55:33.385674
14:01 INFO    : Sampling time: 3:55:41.252103
14:01 ERROR   : 

Saving the data has failed with the following message:
[Errno 116] Stale file handle
Data has been dumped to outdirGRBtophat32cores/GRB230812B_result.pkl.


14:01 ERROR   : 

Saving the data has failed with the following message:
[Errno 116] Stale file handle
Data has been dumped to outdirGRBtophat32cores/GRB230812B_result.pkl.


14:01 INFO    : Summary of results:
nsamples: 15223
ln_noise_evidence:  0.000
ln_evidence: -92.730 +/-  0.088
ln_bayes_factor: -92.730 +/-  0.088

14:01 INFO    : Writing samples file to /home/thussenot/GRB230812B/Fullrun2/00GRB/Tophat/outdirGRBtophat32cores/GRB230812B_posterior_samples.dat
14:01 INFO    : Summary of results:
nsamples: 15223
ln_noise_evidence:  0.000
ln_evidence: -92.730 +/-  0.088
ln_bayes_factor: -92.730 +/-  0.088

14:01 INFO    : Writing samples file to /home/thussenot/GRB230812B/Fullrun2/00GRB/Tophat/outdirGRBtophat32cores/GRB230812B_posterior_samples.dat
14:01 INFO    : Summary of results:
nsamples: 15223
ln_noise_evidence:  0.000
ln_evidence: -92.730 +/-  0.088
ln_bayes_factor: -92.730 +/-  0.088

14:01 INFO    : Writing samples file to /home/thussenot/GRB230812B/Fullrun2/00GRB/Tophat/outdirGRBtophat32cores/GRB230812B_posterior_samples.dat
14:01 INFO    : Summary of results:
nsamples: 15223
ln_noise_evidence:  0.000
ln_evidence: -92.730 +/-  0.088
ln_bayes_factor: -92.730 +/-  0.088

14:01 INFO    : Writing samples file to /home/thussenot/GRB230812B/Fullrun2/00GRB/Tophat/outdirGRBtophat32cores/GRB230812B_posterior_samples.dat
14:01 INFO    : Summary of results:
nsamples: 15223
ln_noise_evidence:  0.000
ln_evidence: -92.730 +/-  0.088
ln_bayes_factor: -92.730 +/-  0.088

14:01 INFO    : Summary of results:
nsamples: 15223
ln_noise_evidence:  0.000
ln_evidence: -92.730 +/-  0.088
ln_bayes_factor: -92.730 +/-  0.088

14:01 INFO    : Writing samples file to /home/thussenot/GRB230812B/Fullrun2/00GRB/Tophat/outdirGRBtophat32cores/GRB230812B_posterior_samples.dat
14:01 INFO    : Writing samples file to /home/thussenot/GRB230812B/Fullrun2/00GRB/Tophat/outdirGRBtophat32cores/GRB230812B_posterior_samples.dat
14:01 INFO    : Summary of results:
nsamples: 15223
ln_noise_evidence:  0.000
ln_evidence: -92.730 +/-  0.088
ln_bayes_factor: -92.730 +/-  0.088

14:01 INFO    : Writing samples file to /home/thussenot/GRB230812B/Fullrun2/00GRB/Tophat/outdirGRBtophat32cores/GRB230812B_posterior_samples.dat
14:01 INFO    : Summary of results:
nsamples: 15223
ln_noise_evidence:  0.000
ln_evidence: -92.730 +/-  0.088
ln_bayes_factor: -92.730 +/-  0.088

14:01 INFO    : Writing samples file to /home/thussenot/GRB230812B/Fullrun2/00GRB/Tophat/outdirGRBtophat32cores/GRB230812B_posterior_samples.dat
14:01 INFO    : Summary of results:
nsamples: 15223
ln_noise_evidence:  0.000
ln_evidence: -92.730 +/-  0.088
ln_bayes_factor: -92.730 +/-  0.088

14:01 INFO    : Writing samples file to /home/thussenot/GRB230812B/Fullrun2/00GRB/Tophat/outdirGRBtophat32cores/GRB230812B_posterior_samples.dat
