19:22 INFO    : Running for label 'GRB230812B', output will be saved to 'outdirGRBtophat32cores'
19:22 INFO    : Running for label 'GRB230812B', output will be saved to 'outdirGRBtophat32cores'
19:22 INFO    : Running for label 'GRB230812B', output will be saved to 'outdirGRBtophat32cores'
19:22 INFO    : Running for label 'GRB230812B', output will be saved to 'outdirGRBtophat32cores'
19:22 INFO    : Running for label 'GRB230812B', output will be saved to 'outdirGRBtophat32cores'
19:22 INFO    : Running for label 'GRB230812B', output will be saved to 'outdirGRBtophat32cores'
19:22 INFO    : Running for label 'GRB230812B', output will be saved to 'outdirGRBtophat32cores'
19:22 INFO    : Running for label 'GRB230812B', output will be saved to 'outdirGRBtophat32cores'
19:22 INFO    : Running for label 'GRB230812B', output will be saved to 'outdirGRBtophat32cores'
19:22 INFO    : Running for label 'GRB230812B', output will be saved to 'outdirGRBtophat32cores'
19:22 INFO    : Running for label 'GRB230812B', output will be saved to 'outdirGRBtophat32cores'
19:22 INFO    : Running for label 'GRB230812B', output will be saved to 'outdirGRBtophat32cores'
19:22 INFO    : Running for label 'GRB230812B', output will be saved to 'outdirGRBtophat32cores'
19:22 INFO    : Running for label 'GRB230812B', output will be saved to 'outdirGRBtophat32cores'
19:22 INFO    : Running for label 'GRB230812B', output will be saved to 'outdirGRBtophat32cores'
19:22 INFO    : Running for label 'GRB230812B', output will be saved to 'outdirGRBtophat32cores'
19:22 INFO    : Running for label 'GRB230812B', output will be saved to 'outdirGRBtophat32cores'
19:22 INFO    : Running for label 'GRB230812B', output will be saved to 'outdirGRBtophat32cores'
19:22 INFO    : Running for label 'GRB230812B', output will be saved to 'outdirGRBtophat32cores'
19:22 INFO    : Running for label 'GRB230812B', output will be saved to 'outdirGRBtophat32cores'
19:22 INFO    : Running for label 'GRB230812B', output will be saved to 'outdirGRBtophat32cores'
19:22 INFO    : Running for label 'GRB230812B', output will be saved to 'outdirGRBtophat32cores'
19:22 INFO    : Running for label 'GRB230812B', output will be saved to 'outdirGRBtophat32cores'
19:22 INFO    : Running for label 'GRB230812B', output will be saved to 'outdirGRBtophat32cores'
19:22 INFO    : Running for label 'GRB230812B', output will be saved to 'outdirGRBtophat32cores'
19:22 INFO    : Running for label 'GRB230812B', output will be saved to 'outdirGRBtophat32cores'
19:22 INFO    : Running for label 'GRB230812B', output will be saved to 'outdirGRBtophat32cores'
19:22 INFO    : Running for label 'GRB230812B', output will be saved to 'outdirGRBtophat32cores'
19:22 INFO    : Running for label 'GRB230812B', output will be saved to 'outdirGRBtophat32cores'
19:22 INFO    : Running for label 'GRB230812B', output will be saved to 'outdirGRBtophat32cores'
19:22 INFO    : Running for label 'GRB230812B', output will be saved to 'outdirGRBtophat32cores'
19:22 INFO    : Running for label 'GRB230812B', output will be saved to 'outdirGRBtophat32cores'
19:22 INFO    : Analysis priors:
19:22 INFO    : Analysis priors:
19:22 INFO    : Analysis priors:
19:22 INFO    : Analysis priors:
19:22 INFO    : Analysis priors:
19:22 INFO    : Analysis priors:
19:22 INFO    : Analysis priors:
19:22 INFO    : Analysis priors:
19:22 INFO    : Analysis priors:
19:22 INFO    : Analysis priors:
19:22 INFO    : Analysis priors:
19:22 INFO    : Analysis priors:
19:22 INFO    : Analysis priors:
19:22 INFO    : em_syserr=LogUniform(minimum=0.01, maximum=2.0, name='em_syserr', latex_label='$\\sigma$', unit=None, boundary=None)
19:22 INFO    : Analysis priors:
19:22 INFO    : em_syserr=LogUniform(minimum=0.01, maximum=2.0, name='em_syserr', latex_label='$\\sigma$', unit=None, boundary=None)
19:22 INFO    : em_syserr=LogUniform(minimum=0.01, maximum=2.0, name='em_syserr', latex_label='$\\sigma$', unit=None, boundary=None)
19:22 INFO    : em_syserr=LogUniform(minimum=0.01, maximum=2.0, name='em_syserr', latex_label='$\\sigma$', unit=None, boundary=None)
19:22 INFO    : em_syserr=LogUniform(minimum=0.01, maximum=2.0, name='em_syserr', latex_label='$\\sigma$', unit=None, boundary=None)
19:22 INFO    : em_syserr=LogUniform(minimum=0.01, maximum=2.0, name='em_syserr', latex_label='$\\sigma$', unit=None, boundary=None)
19:22 INFO    : em_syserr=LogUniform(minimum=0.01, maximum=2.0, name='em_syserr', latex_label='$\\sigma$', unit=None, boundary=None)
19:22 INFO    : Analysis priors:
19:22 INFO    : em_syserr=LogUniform(minimum=0.01, maximum=2.0, name='em_syserr', latex_label='$\\sigma$', unit=None, boundary=None)
19:22 INFO    : em_syserr=LogUniform(minimum=0.01, maximum=2.0, name='em_syserr', latex_label='$\\sigma$', unit=None, boundary=None)
19:22 INFO    : em_syserr=LogUniform(minimum=0.01, maximum=2.0, name='em_syserr', latex_label='$\\sigma$', unit=None, boundary=None)
19:22 INFO    : Analysis priors:
19:22 INFO    : em_syserr=LogUniform(minimum=0.01, maximum=2.0, name='em_syserr', latex_label='$\\sigma$', unit=None, boundary=None)
19:22 INFO    : em_syserr=LogUniform(minimum=0.01, maximum=2.0, name='em_syserr', latex_label='$\\sigma$', unit=None, boundary=None)
19:22 INFO    : Analysis priors:
19:22 INFO    : em_syserr=LogUniform(minimum=0.01, maximum=2.0, name='em_syserr', latex_label='$\\sigma$', unit=None, boundary=None)
19:22 INFO    : inclination_EM=nmma.em.prior.ConditionalGaussianIotaGivenThetaCore(minimum=0.0, maximum=0.7853981633974483, name='inclination_EM', N_sigma=1.0, latex_label='$\\iota$', unit=None, boundary=None)
19:22 INFO    : inclination_EM=nmma.em.prior.ConditionalGaussianIotaGivenThetaCore(minimum=0.0, maximum=0.7853981633974483, name='inclination_EM', N_sigma=1.0, latex_label='$\\iota$', unit=None, boundary=None)
19:22 INFO    : inclination_EM=nmma.em.prior.ConditionalGaussianIotaGivenThetaCore(minimum=0.0, maximum=0.7853981633974483, name='inclination_EM', N_sigma=1.0, latex_label='$\\iota$', unit=None, boundary=None)
19:22 INFO    : inclination_EM=nmma.em.prior.ConditionalGaussianIotaGivenThetaCore(minimum=0.0, maximum=0.7853981633974483, name='inclination_EM', N_sigma=1.0, latex_label='$\\iota$', unit=None, boundary=None)
19:22 INFO    : inclination_EM=nmma.em.prior.ConditionalGaussianIotaGivenThetaCore(minimum=0.0, maximum=0.7853981633974483, name='inclination_EM', N_sigma=1.0, latex_label='$\\iota$', unit=None, boundary=None)
19:22 INFO    : inclination_EM=nmma.em.prior.ConditionalGaussianIotaGivenThetaCore(minimum=0.0, maximum=0.7853981633974483, name='inclination_EM', N_sigma=1.0, latex_label='$\\iota$', unit=None, boundary=None)
19:22 INFO    : inclination_EM=nmma.em.prior.ConditionalGaussianIotaGivenThetaCore(minimum=0.0, maximum=0.7853981633974483, name='inclination_EM', N_sigma=1.0, latex_label='$\\iota$', unit=None, boundary=None)
19:22 INFO    : inclination_EM=nmma.em.prior.ConditionalGaussianIotaGivenThetaCore(minimum=0.0, maximum=0.7853981633974483, name='inclination_EM', N_sigma=1.0, latex_label='$\\iota$', unit=None, boundary=None)
19:22 INFO    : inclination_EM=nmma.em.prior.ConditionalGaussianIotaGivenThetaCore(minimum=0.0, maximum=0.7853981633974483, name='inclination_EM', N_sigma=1.0, latex_label='$\\iota$', unit=None, boundary=None)
19:22 INFO    : Analysis priors:
19:22 INFO    : em_syserr=LogUniform(minimum=0.01, maximum=2.0, name='em_syserr', latex_label='$\\sigma$', unit=None, boundary=None)
19:22 INFO    : inclination_EM=nmma.em.prior.ConditionalGaussianIotaGivenThetaCore(minimum=0.0, maximum=0.7853981633974483, name='inclination_EM', N_sigma=1.0, latex_label='$\\iota$', unit=None, boundary=None)
19:22 INFO    : inclination_EM=nmma.em.prior.ConditionalGaussianIotaGivenThetaCore(minimum=0.0, maximum=0.7853981633974483, name='inclination_EM', N_sigma=1.0, latex_label='$\\iota$', unit=None, boundary=None)
19:22 INFO    : Analysis priors:
19:22 INFO    : inclination_EM=nmma.em.prior.ConditionalGaussianIotaGivenThetaCore(minimum=0.0, maximum=0.7853981633974483, name='inclination_EM', N_sigma=1.0, latex_label='$\\iota$', unit=None, boundary=None)
19:22 INFO    : Analysis priors:
19:22 INFO    : log10_E0=Uniform(minimum=47.0, maximum=57.0, name='log10_E0', latex_label='$\\log_{10}E_0$', unit=None, boundary='reflective')
19:22 INFO    : log10_E0=Uniform(minimum=47.0, maximum=57.0, name='log10_E0', latex_label='$\\log_{10}E_0$', unit=None, boundary='reflective')
19:22 INFO    : log10_E0=Uniform(minimum=47.0, maximum=57.0, name='log10_E0', latex_label='$\\log_{10}E_0$', unit=None, boundary='reflective')
19:22 INFO    : log10_E0=Uniform(minimum=47.0, maximum=57.0, name='log10_E0', latex_label='$\\log_{10}E_0$', unit=None, boundary='reflective')
19:22 INFO    : log10_E0=Uniform(minimum=47.0, maximum=57.0, name='log10_E0', latex_label='$\\log_{10}E_0$', unit=None, boundary='reflective')
19:22 INFO    : log10_E0=Uniform(minimum=47.0, maximum=57.0, name='log10_E0', latex_label='$\\log_{10}E_0$', unit=None, boundary='reflective')
19:22 INFO    : em_syserr=LogUniform(minimum=0.01, maximum=2.0, name='em_syserr', latex_label='$\\sigma$', unit=None, boundary=None)
19:22 INFO    : log10_E0=Uniform(minimum=47.0, maximum=57.0, name='log10_E0', latex_label='$\\log_{10}E_0$', unit=None, boundary='reflective')
19:22 INFO    : log10_E0=Uniform(minimum=47.0, maximum=57.0, name='log10_E0', latex_label='$\\log_{10}E_0$', unit=None, boundary='reflective')
19:22 INFO    : log10_E0=Uniform(minimum=47.0, maximum=57.0, name='log10_E0', latex_label='$\\log_{10}E_0$', unit=None, boundary='reflective')
19:22 INFO    : Analysis priors:
19:22 INFO    : Analysis priors:
19:22 INFO    : inclination_EM=nmma.em.prior.ConditionalGaussianIotaGivenThetaCore(minimum=0.0, maximum=0.7853981633974483, name='inclination_EM', N_sigma=1.0, latex_label='$\\iota$', unit=None, boundary=None)
19:22 INFO    : log10_E0=Uniform(minimum=47.0, maximum=57.0, name='log10_E0', latex_label='$\\log_{10}E_0$', unit=None, boundary='reflective')
19:22 INFO    : em_syserr=LogUniform(minimum=0.01, maximum=2.0, name='em_syserr', latex_label='$\\sigma$', unit=None, boundary=None)
19:22 INFO    : Analysis priors:
19:22 INFO    : Analysis priors:
19:22 INFO    : log10_E0=Uniform(minimum=47.0, maximum=57.0, name='log10_E0', latex_label='$\\log_{10}E_0$', unit=None, boundary='reflective')
19:22 INFO    : Analysis priors:
19:22 INFO    : em_syserr=LogUniform(minimum=0.01, maximum=2.0, name='em_syserr', latex_label='$\\sigma$', unit=None, boundary=None)
19:22 INFO    : Analysis priors:
19:22 INFO    : log10_E0=Uniform(minimum=47.0, maximum=57.0, name='log10_E0', latex_label='$\\log_{10}E_0$', unit=None, boundary='reflective')
19:22 INFO    : Analysis priors:
19:22 INFO    : Analysis priors:
19:22 INFO    : Analysis priors:
19:22 INFO    : thetaCore=Uniform(minimum=0.01, maximum=0.3141592653589793, name='theta_core', latex_label='$\\theta_c$', unit=None, boundary='reflective')
19:22 INFO    : thetaCore=Uniform(minimum=0.01, maximum=0.3141592653589793, name='theta_core', latex_label='$\\theta_c$', unit=None, boundary='reflective')
19:22 INFO    : thetaCore=Uniform(minimum=0.01, maximum=0.3141592653589793, name='theta_core', latex_label='$\\theta_c$', unit=None, boundary='reflective')
19:22 INFO    : thetaCore=Uniform(minimum=0.01, maximum=0.3141592653589793, name='theta_core', latex_label='$\\theta_c$', unit=None, boundary='reflective')
19:22 INFO    : thetaCore=Uniform(minimum=0.01, maximum=0.3141592653589793, name='theta_core', latex_label='$\\theta_c$', unit=None, boundary='reflective')
19:22 INFO    : thetaCore=Uniform(minimum=0.01, maximum=0.3141592653589793, name='theta_core', latex_label='$\\theta_c$', unit=None, boundary='reflective')
19:22 INFO    : thetaCore=Uniform(minimum=0.01, maximum=0.3141592653589793, name='theta_core', latex_label='$\\theta_c$', unit=None, boundary='reflective')
19:22 INFO    : thetaCore=Uniform(minimum=0.01, maximum=0.3141592653589793, name='theta_core', latex_label='$\\theta_c$', unit=None, boundary='reflective')
19:22 INFO    : inclination_EM=nmma.em.prior.ConditionalGaussianIotaGivenThetaCore(minimum=0.0, maximum=0.7853981633974483, name='inclination_EM', N_sigma=1.0, latex_label='$\\iota$', unit=None, boundary=None)
19:22 INFO    : thetaCore=Uniform(minimum=0.01, maximum=0.3141592653589793, name='theta_core', latex_label='$\\theta_c$', unit=None, boundary='reflective')
19:22 INFO    : thetaCore=Uniform(minimum=0.01, maximum=0.3141592653589793, name='theta_core', latex_label='$\\theta_c$', unit=None, boundary='reflective')
19:22 INFO    : thetaCore=Uniform(minimum=0.01, maximum=0.3141592653589793, name='theta_core', latex_label='$\\theta_c$', unit=None, boundary='reflective')
19:22 INFO    : log10_E0=Uniform(minimum=47.0, maximum=57.0, name='log10_E0', latex_label='$\\log_{10}E_0$', unit=None, boundary='reflective')
19:22 INFO    : thetaCore=Uniform(minimum=0.01, maximum=0.3141592653589793, name='theta_core', latex_label='$\\theta_c$', unit=None, boundary='reflective')
19:22 INFO    : log10_n0=Uniform(minimum=-6, maximum=3.0, name='log10_n0', latex_label='$\\log_{10}n_0$', unit=None, boundary='reflective')
19:22 INFO    : log10_n0=Uniform(minimum=-6, maximum=3.0, name='log10_n0', latex_label='$\\log_{10}n_0$', unit=None, boundary='reflective')
19:22 INFO    : log10_n0=Uniform(minimum=-6, maximum=3.0, name='log10_n0', latex_label='$\\log_{10}n_0$', unit=None, boundary='reflective')
19:22 INFO    : log10_n0=Uniform(minimum=-6, maximum=3.0, name='log10_n0', latex_label='$\\log_{10}n_0$', unit=None, boundary='reflective')
19:22 INFO    : log10_n0=Uniform(minimum=-6, maximum=3.0, name='log10_n0', latex_label='$\\log_{10}n_0$', unit=None, boundary='reflective')
19:22 INFO    : log10_n0=Uniform(minimum=-6, maximum=3.0, name='log10_n0', latex_label='$\\log_{10}n_0$', unit=None, boundary='reflective')
19:22 INFO    : inclination_EM=nmma.em.prior.ConditionalGaussianIotaGivenThetaCore(minimum=0.0, maximum=0.7853981633974483, name='inclination_EM', N_sigma=1.0, latex_label='$\\iota$', unit=None, boundary=None)
19:22 INFO    : log10_n0=Uniform(minimum=-6, maximum=3.0, name='log10_n0', latex_label='$\\log_{10}n_0$', unit=None, boundary='reflective')
19:22 INFO    : log10_n0=Uniform(minimum=-6, maximum=3.0, name='log10_n0', latex_label='$\\log_{10}n_0$', unit=None, boundary='reflective')
19:22 INFO    : em_syserr=LogUniform(minimum=0.01, maximum=2.0, name='em_syserr', latex_label='$\\sigma$', unit=None, boundary=None)
19:22 INFO    : inclination_EM=nmma.em.prior.ConditionalGaussianIotaGivenThetaCore(minimum=0.0, maximum=0.7853981633974483, name='inclination_EM', N_sigma=1.0, latex_label='$\\iota$', unit=None, boundary=None)
19:22 INFO    : log10_n0=Uniform(minimum=-6, maximum=3.0, name='log10_n0', latex_label='$\\log_{10}n_0$', unit=None, boundary='reflective')
19:22 INFO    : log10_n0=Uniform(minimum=-6, maximum=3.0, name='log10_n0', latex_label='$\\log_{10}n_0$', unit=None, boundary='reflective')
19:22 INFO    : log10_n0=Uniform(minimum=-6, maximum=3.0, name='log10_n0', latex_label='$\\log_{10}n_0$', unit=None, boundary='reflective')
19:22 INFO    : log10_E0=Uniform(minimum=47.0, maximum=57.0, name='log10_E0', latex_label='$\\log_{10}E_0$', unit=None, boundary='reflective')
19:22 INFO    : em_syserr=LogUniform(minimum=0.01, maximum=2.0, name='em_syserr', latex_label='$\\sigma$', unit=None, boundary=None)
19:22 INFO    : thetaCore=Uniform(minimum=0.01, maximum=0.3141592653589793, name='theta_core', latex_label='$\\theta_c$', unit=None, boundary='reflective')
19:22 INFO    : log10_n0=Uniform(minimum=-6, maximum=3.0, name='log10_n0', latex_label='$\\log_{10}n_0$', unit=None, boundary='reflective')
19:22 INFO    : em_syserr=LogUniform(minimum=0.01, maximum=2.0, name='em_syserr', latex_label='$\\sigma$', unit=None, boundary=None)
19:22 INFO    : p=Uniform(minimum=2.01, maximum=3.0, name='p', latex_label='$p$', unit=None, boundary=None)
19:22 INFO    : p=Uniform(minimum=2.01, maximum=3.0, name='p', latex_label='$p$', unit=None, boundary=None)
19:22 INFO    : p=Uniform(minimum=2.01, maximum=3.0, name='p', latex_label='$p$', unit=None, boundary=None)
19:22 INFO    : p=Uniform(minimum=2.01, maximum=3.0, name='p', latex_label='$p$', unit=None, boundary=None)
19:22 INFO    : p=Uniform(minimum=2.01, maximum=3.0, name='p', latex_label='$p$', unit=None, boundary=None)
19:22 INFO    : p=Uniform(minimum=2.01, maximum=3.0, name='p', latex_label='$p$', unit=None, boundary=None)
19:22 INFO    : p=Uniform(minimum=2.01, maximum=3.0, name='p', latex_label='$p$', unit=None, boundary=None)
19:22 INFO    : p=Uniform(minimum=2.01, maximum=3.0, name='p', latex_label='$p$', unit=None, boundary=None)
19:22 INFO    : em_syserr=LogUniform(minimum=0.01, maximum=2.0, name='em_syserr', latex_label='$\\sigma$', unit=None, boundary=None)
19:22 INFO    : p=Uniform(minimum=2.01, maximum=3.0, name='p', latex_label='$p$', unit=None, boundary=None)
19:22 INFO    : em_syserr=LogUniform(minimum=0.01, maximum=2.0, name='em_syserr', latex_label='$\\sigma$', unit=None, boundary=None)
19:22 INFO    : log10_E0=Uniform(minimum=47.0, maximum=57.0, name='log10_E0', latex_label='$\\log_{10}E_0$', unit=None, boundary='reflective')
19:22 INFO    : p=Uniform(minimum=2.01, maximum=3.0, name='p', latex_label='$p$', unit=None, boundary=None)
19:22 INFO    : p=Uniform(minimum=2.01, maximum=3.0, name='p', latex_label='$p$', unit=None, boundary=None)
19:22 INFO    : thetaCore=Uniform(minimum=0.01, maximum=0.3141592653589793, name='theta_core', latex_label='$\\theta_c$', unit=None, boundary='reflective')
19:22 INFO    : em_syserr=LogUniform(minimum=0.01, maximum=2.0, name='em_syserr', latex_label='$\\sigma$', unit=None, boundary=None)
19:22 INFO    : em_syserr=LogUniform(minimum=0.01, maximum=2.0, name='em_syserr', latex_label='$\\sigma$', unit=None, boundary=None)
19:22 INFO    : p=Uniform(minimum=2.01, maximum=3.0, name='p', latex_label='$p$', unit=None, boundary=None)
19:22 INFO    : log10_E0=Uniform(minimum=47.0, maximum=57.0, name='log10_E0', latex_label='$\\log_{10}E_0$', unit=None, boundary='reflective')
19:22 INFO    : log10_n0=Uniform(minimum=-6, maximum=3.0, name='log10_n0', latex_label='$\\log_{10}n_0$', unit=None, boundary='reflective')
19:22 INFO    : log10_epsilon_e=Uniform(minimum=-5, maximum=0, name='log10_epsilon_e', latex_label='$\\log_{10}\\epsilon_e$', unit=None, boundary='reflective')
19:22 INFO    : em_syserr=LogUniform(minimum=0.01, maximum=2.0, name='em_syserr', latex_label='$\\sigma$', unit=None, boundary=None)
19:22 INFO    : em_syserr=LogUniform(minimum=0.01, maximum=2.0, name='em_syserr', latex_label='$\\sigma$', unit=None, boundary=None)
19:22 INFO    : em_syserr=LogUniform(minimum=0.01, maximum=2.0, name='em_syserr', latex_label='$\\sigma$', unit=None, boundary=None)
19:22 INFO    : log10_epsilon_e=Uniform(minimum=-5, maximum=0, name='log10_epsilon_e', latex_label='$\\log_{10}\\epsilon_e$', unit=None, boundary='reflective')
19:22 INFO    : log10_epsilon_e=Uniform(minimum=-5, maximum=0, name='log10_epsilon_e', latex_label='$\\log_{10}\\epsilon_e$', unit=None, boundary='reflective')
19:22 INFO    : log10_epsilon_e=Uniform(minimum=-5, maximum=0, name='log10_epsilon_e', latex_label='$\\log_{10}\\epsilon_e$', unit=None, boundary='reflective')
19:22 INFO    : log10_epsilon_e=Uniform(minimum=-5, maximum=0, name='log10_epsilon_e', latex_label='$\\log_{10}\\epsilon_e$', unit=None, boundary='reflective')
19:22 INFO    : em_syserr=LogUniform(minimum=0.01, maximum=2.0, name='em_syserr', latex_label='$\\sigma$', unit=None, boundary=None)
19:22 INFO    : em_syserr=LogUniform(minimum=0.01, maximum=2.0, name='em_syserr', latex_label='$\\sigma$', unit=None, boundary=None)
19:22 INFO    : log10_epsilon_e=Uniform(minimum=-5, maximum=0, name='log10_epsilon_e', latex_label='$\\log_{10}\\epsilon_e$', unit=None, boundary='reflective')
19:22 INFO    : inclination_EM=nmma.em.prior.ConditionalGaussianIotaGivenThetaCore(minimum=0.0, maximum=0.7853981633974483, name='inclination_EM', N_sigma=1.0, latex_label='$\\iota$', unit=None, boundary=None)
19:22 INFO    : log10_epsilon_e=Uniform(minimum=-5, maximum=0, name='log10_epsilon_e', latex_label='$\\log_{10}\\epsilon_e$', unit=None, boundary='reflective')
19:22 INFO    : log10_epsilon_e=Uniform(minimum=-5, maximum=0, name='log10_epsilon_e', latex_label='$\\log_{10}\\epsilon_e$', unit=None, boundary='reflective')
19:22 INFO    : log10_epsilon_e=Uniform(minimum=-5, maximum=0, name='log10_epsilon_e', latex_label='$\\log_{10}\\epsilon_e$', unit=None, boundary='reflective')
19:22 INFO    : log10_epsilon_e=Uniform(minimum=-5, maximum=0, name='log10_epsilon_e', latex_label='$\\log_{10}\\epsilon_e$', unit=None, boundary='reflective')
19:22 INFO    : thetaCore=Uniform(minimum=0.01, maximum=0.3141592653589793, name='theta_core', latex_label='$\\theta_c$', unit=None, boundary='reflective')
19:22 INFO    : log10_epsilon_e=Uniform(minimum=-5, maximum=0, name='log10_epsilon_e', latex_label='$\\log_{10}\\epsilon_e$', unit=None, boundary='reflective')
19:22 INFO    : log10_n0=Uniform(minimum=-6, maximum=3.0, name='log10_n0', latex_label='$\\log_{10}n_0$', unit=None, boundary='reflective')
19:22 INFO    : inclination_EM=nmma.em.prior.ConditionalGaussianIotaGivenThetaCore(minimum=0.0, maximum=0.7853981633974483, name='inclination_EM', N_sigma=1.0, latex_label='$\\iota$', unit=None, boundary=None)
19:22 INFO    : log10_epsilon_e=Uniform(minimum=-5, maximum=0, name='log10_epsilon_e', latex_label='$\\log_{10}\\epsilon_e$', unit=None, boundary='reflective')
19:22 INFO    : p=Uniform(minimum=2.01, maximum=3.0, name='p', latex_label='$p$', unit=None, boundary=None)
19:22 INFO    : log10_epsilon_B=Uniform(minimum=-10, maximum=0, name='log10_epsilon_B', latex_label='$\\log_{10}\\epsilon_B$', unit=None, boundary='reflective')
19:22 INFO    : thetaCore=Uniform(minimum=0.01, maximum=0.3141592653589793, name='theta_core', latex_label='$\\theta_c$', unit=None, boundary='reflective')
19:22 INFO    : log10_epsilon_B=Uniform(minimum=-10, maximum=0, name='log10_epsilon_B', latex_label='$\\log_{10}\\epsilon_B$', unit=None, boundary='reflective')
19:22 INFO    : inclination_EM=nmma.em.prior.ConditionalGaussianIotaGivenThetaCore(minimum=0.0, maximum=0.7853981633974483, name='inclination_EM', N_sigma=1.0, latex_label='$\\iota$', unit=None, boundary=None)
19:22 INFO    : log10_epsilon_B=Uniform(minimum=-10, maximum=0, name='log10_epsilon_B', latex_label='$\\log_{10}\\epsilon_B$', unit=None, boundary='reflective')
19:22 INFO    : log10_epsilon_B=Uniform(minimum=-10, maximum=0, name='log10_epsilon_B', latex_label='$\\log_{10}\\epsilon_B$', unit=None, boundary='reflective')
19:22 INFO    : log10_epsilon_B=Uniform(minimum=-10, maximum=0, name='log10_epsilon_B', latex_label='$\\log_{10}\\epsilon_B$', unit=None, boundary='reflective')
19:22 INFO    : timeshift=0.0
19:22 INFO    : timeshift=0.0
19:22 INFO    : inclination_EM=nmma.em.prior.ConditionalGaussianIotaGivenThetaCore(minimum=0.0, maximum=0.7853981633974483, name='inclination_EM', N_sigma=1.0, latex_label='$\\iota$', unit=None, boundary=None)
19:22 INFO    : timeshift=0.0
19:22 INFO    : log10_epsilon_B=Uniform(minimum=-10, maximum=0, name='log10_epsilon_B', latex_label='$\\log_{10}\\epsilon_B$', unit=None, boundary='reflective')
19:22 INFO    : log10_epsilon_B=Uniform(minimum=-10, maximum=0, name='log10_epsilon_B', latex_label='$\\log_{10}\\epsilon_B$', unit=None, boundary='reflective')
19:22 INFO    : timeshift=0.0
19:22 INFO    : log10_epsilon_B=Uniform(minimum=-10, maximum=0, name='log10_epsilon_B', latex_label='$\\log_{10}\\epsilon_B$', unit=None, boundary='reflective')
19:22 INFO    : log10_epsilon_B=Uniform(minimum=-10, maximum=0, name='log10_epsilon_B', latex_label='$\\log_{10}\\epsilon_B$', unit=None, boundary='reflective')
19:22 INFO    : inclination_EM=nmma.em.prior.ConditionalGaussianIotaGivenThetaCore(minimum=0.0, maximum=0.7853981633974483, name='inclination_EM', N_sigma=1.0, latex_label='$\\iota$', unit=None, boundary=None)
19:22 INFO    : timeshift=0.0
19:22 INFO    : luminosity_distance=1981.0
19:22 INFO    : inclination_EM=nmma.em.prior.ConditionalGaussianIotaGivenThetaCore(minimum=0.0, maximum=0.7853981633974483, name='inclination_EM', N_sigma=1.0, latex_label='$\\iota$', unit=None, boundary=None)
19:22 INFO    : log10_E0=Uniform(minimum=47.0, maximum=57.0, name='log10_E0', latex_label='$\\log_{10}E_0$', unit=None, boundary='reflective')
19:22 INFO    : luminosity_distance=1981.0
19:22 INFO    : log10_epsilon_B=Uniform(minimum=-10, maximum=0, name='log10_epsilon_B', latex_label='$\\log_{10}\\epsilon_B$', unit=None, boundary='reflective')
19:22 INFO    : luminosity_distance=1981.0
19:22 INFO    : inclination_EM=nmma.em.prior.ConditionalGaussianIotaGivenThetaCore(minimum=0.0, maximum=0.7853981633974483, name='inclination_EM', N_sigma=1.0, latex_label='$\\iota$', unit=None, boundary=None)
19:22 INFO    : timeshift=0.0
19:22 INFO    : log10_epsilon_B=Uniform(minimum=-10, maximum=0, name='log10_epsilon_B', latex_label='$\\log_{10}\\epsilon_B$', unit=None, boundary='reflective')
19:22 INFO    : log10_n0=Uniform(minimum=-6, maximum=3.0, name='log10_n0', latex_label='$\\log_{10}n_0$', unit=None, boundary='reflective')
19:22 INFO    : luminosity_distance=1981.0
19:22 INFO    : log10_epsilon_B=Uniform(minimum=-10, maximum=0, name='log10_epsilon_B', latex_label='$\\log_{10}\\epsilon_B$', unit=None, boundary='reflective')
19:22 INFO    : inclination_EM=nmma.em.prior.ConditionalGaussianIotaGivenThetaCore(minimum=0.0, maximum=0.7853981633974483, name='inclination_EM', N_sigma=1.0, latex_label='$\\iota$', unit=None, boundary=None)
19:22 INFO    : log10_epsilon_e=Uniform(minimum=-5, maximum=0, name='log10_epsilon_e', latex_label='$\\log_{10}\\epsilon_e$', unit=None, boundary='reflective')
19:22 INFO    : timeshift=0.0
19:22 INFO    : p=Uniform(minimum=2.01, maximum=3.0, name='p', latex_label='$p$', unit=None, boundary=None)
19:22 INFO    : timeshift=0.0
19:22 INFO    : timeshift=0.0
19:22 INFO    : luminosity_distance=1981.0
19:22 INFO    : Ebv=0.0
19:22 INFO    : log10_n0=Uniform(minimum=-6, maximum=3.0, name='log10_n0', latex_label='$\\log_{10}n_0$', unit=None, boundary='reflective')
19:22 INFO    : Ebv=0.0
19:22 INFO    : inclination_EM=nmma.em.prior.ConditionalGaussianIotaGivenThetaCore(minimum=0.0, maximum=0.7853981633974483, name='inclination_EM', N_sigma=1.0, latex_label='$\\iota$', unit=None, boundary=None)
19:22 INFO    : log10_E0=Uniform(minimum=47.0, maximum=57.0, name='log10_E0', latex_label='$\\log_{10}E_0$', unit=None, boundary='reflective')
19:22 INFO    : Ebv=0.0
19:22 INFO    : inclination_EM=nmma.em.prior.ConditionalGaussianIotaGivenThetaCore(minimum=0.0, maximum=0.7853981633974483, name='inclination_EM', N_sigma=1.0, latex_label='$\\iota$', unit=None, boundary=None)
19:22 INFO    : timeshift=0.0
19:22 INFO    : inclination_EM=nmma.em.prior.ConditionalGaussianIotaGivenThetaCore(minimum=0.0, maximum=0.7853981633974483, name='inclination_EM', N_sigma=1.0, latex_label='$\\iota$', unit=None, boundary=None)
19:22 INFO    : luminosity_distance=1981.0
19:22 INFO    : inclination_EM=nmma.em.prior.ConditionalGaussianIotaGivenThetaCore(minimum=0.0, maximum=0.7853981633974483, name='inclination_EM', N_sigma=1.0, latex_label='$\\iota$', unit=None, boundary=None)
19:22 INFO    : Ebv=0.0
19:22 INFO    : timeshift=0.0
19:22 INFO    : timeshift=0.0
19:22 INFO    : luminosity_distance=1981.0
19:22 INFO    : log10_E0=Uniform(minimum=47.0, maximum=57.0, name='log10_E0', latex_label='$\\log_{10}E_0$', unit=None, boundary='reflective')
19:22 INFO    : inclination_EM=nmma.em.prior.ConditionalGaussianIotaGivenThetaCore(minimum=0.0, maximum=0.7853981633974483, name='inclination_EM', N_sigma=1.0, latex_label='$\\iota$', unit=None, boundary=None)
19:22 INFO    : luminosity_distance=1981.0
19:22 INFO    : luminosity_distance=1981.0
19:22 INFO    : Ebv=0.0
19:22 INFO    : Analysis likelihood class: <class 'nmma.em.likelihood.OpticalLightCurve'>
19:22 INFO    : Analysis likelihood class: <class 'nmma.em.likelihood.OpticalLightCurve'>
19:22 INFO    : luminosity_distance=1981.0
19:22 INFO    : Analysis likelihood class: <class 'nmma.em.likelihood.OpticalLightCurve'>
19:22 INFO    : Ebv=0.0
19:22 INFO    : luminosity_distance=1981.0
19:22 INFO    : Analysis likelihood class: <class 'nmma.em.likelihood.OpticalLightCurve'>
19:22 INFO    : luminosity_distance=1981.0
19:22 INFO    : Ebv=0.0
19:22 INFO    : log10_E0=Uniform(minimum=47.0, maximum=57.0, name='log10_E0', latex_label='$\\log_{10}E_0$', unit=None, boundary='reflective')
19:22 INFO    : Ebv=0.0
19:22 INFO    : Ebv=0.0
19:22 INFO    : thetaCore=Uniform(minimum=0.01, maximum=0.3141592653589793, name='theta_core', latex_label='$\\theta_c$', unit=None, boundary='reflective')
19:22 INFO    : Analysis likelihood class: <class 'nmma.em.likelihood.OpticalLightCurve'>
19:22 INFO    : log10_E0=Uniform(minimum=47.0, maximum=57.0, name='log10_E0', latex_label='$\\log_{10}E_0$', unit=None, boundary='reflective')
19:22 INFO    : Ebv=0.0
19:22 INFO    : Analysis likelihood noise evidence: 0.0
19:22 INFO    : Analysis likelihood noise evidence: 0.0
19:22 INFO    : Analysis likelihood noise evidence: 0.0
19:22 INFO    : p=Uniform(minimum=2.01, maximum=3.0, name='p', latex_label='$p$', unit=None, boundary=None)
19:22 INFO    : Analysis likelihood class: <class 'nmma.em.likelihood.OpticalLightCurve'>
19:22 INFO    : log10_epsilon_B=Uniform(minimum=-10, maximum=0, name='log10_epsilon_B', latex_label='$\\log_{10}\\epsilon_B$', unit=None, boundary='reflective')
19:22 INFO    : Ebv=0.0
19:22 INFO    : Analysis likelihood noise evidence: 0.0
19:22 INFO    : Ebv=0.0
19:22 INFO    : log10_E0=Uniform(minimum=47.0, maximum=57.0, name='log10_E0', latex_label='$\\log_{10}E_0$', unit=None, boundary='reflective')
19:22 INFO    : Analysis likelihood class: <class 'nmma.em.likelihood.OpticalLightCurve'>
19:22 INFO    : log10_epsilon_e=Uniform(minimum=-5, maximum=0, name='log10_epsilon_e', latex_label='$\\log_{10}\\epsilon_e$', unit=None, boundary='reflective')
19:22 INFO    : Analysis likelihood class: <class 'nmma.em.likelihood.OpticalLightCurve'>
19:22 INFO    : Analysis likelihood class: <class 'nmma.em.likelihood.OpticalLightCurve'>
19:22 INFO    : log10_E0=Uniform(minimum=47.0, maximum=57.0, name='log10_E0', latex_label='$\\log_{10}E_0$', unit=None, boundary='reflective')
19:22 INFO    : p=Uniform(minimum=2.01, maximum=3.0, name='p', latex_label='$p$', unit=None, boundary=None)
19:22 INFO    : Analysis likelihood noise evidence: 0.0
19:22 INFO    : thetaCore=Uniform(minimum=0.01, maximum=0.3141592653589793, name='theta_core', latex_label='$\\theta_c$', unit=None, boundary='reflective')
19:22 INFO    : Analysis likelihood class: <class 'nmma.em.likelihood.OpticalLightCurve'>
19:22 INFO    : log10_E0=Uniform(minimum=47.0, maximum=57.0, name='log10_E0', latex_label='$\\log_{10}E_0$', unit=None, boundary='reflective')
19:22 INFO    : Analysis likelihood noise evidence: 0.0
19:22 INFO    : timeshift=0.0
19:22 INFO    : log10_E0=Uniform(minimum=47.0, maximum=57.0, name='log10_E0', latex_label='$\\log_{10}E_0$', unit=None, boundary='reflective')
19:22 INFO    : Analysis likelihood class: <class 'nmma.em.likelihood.OpticalLightCurve'>
19:22 INFO    : Analysis likelihood noise evidence: 0.0
19:22 INFO    : thetaCore=Uniform(minimum=0.01, maximum=0.3141592653589793, name='theta_core', latex_label='$\\theta_c$', unit=None, boundary='reflective')
19:22 INFO    : Analysis likelihood class: <class 'nmma.em.likelihood.OpticalLightCurve'>
19:22 INFO    : Analysis likelihood noise evidence: 0.0
19:22 INFO    : log10_E0=Uniform(minimum=47.0, maximum=57.0, name='log10_E0', latex_label='$\\log_{10}E_0$', unit=None, boundary='reflective')
19:22 INFO    : Analysis likelihood noise evidence: 0.0
19:22 INFO    : log10_E0=Uniform(minimum=47.0, maximum=57.0, name='log10_E0', latex_label='$\\log_{10}E_0$', unit=None, boundary='reflective')
19:22 INFO    : log10_E0=Uniform(minimum=47.0, maximum=57.0, name='log10_E0', latex_label='$\\log_{10}E_0$', unit=None, boundary='reflective')
19:22 INFO    : Analysis likelihood noise evidence: 0.0
19:22 INFO    : log10_E0=Uniform(minimum=47.0, maximum=57.0, name='log10_E0', latex_label='$\\log_{10}E_0$', unit=None, boundary='reflective')
19:22 INFO    : luminosity_distance=1981.0
19:22 INFO    : Analysis likelihood noise evidence: 0.0
19:22 INFO    : thetaCore=Uniform(minimum=0.01, maximum=0.3141592653589793, name='theta_core', latex_label='$\\theta_c$', unit=None, boundary='reflective')
19:22 INFO    : Analysis likelihood noise evidence: 0.0
19:22 INFO    : log10_n0=Uniform(minimum=-6, maximum=3.0, name='log10_n0', latex_label='$\\log_{10}n_0$', unit=None, boundary='reflective')
19:22 INFO    : thetaCore=Uniform(minimum=0.01, maximum=0.3141592653589793, name='theta_core', latex_label='$\\theta_c$', unit=None, boundary='reflective')
19:22 INFO    : Ebv=0.0
19:22 INFO    : log10_epsilon_e=Uniform(minimum=-5, maximum=0, name='log10_epsilon_e', latex_label='$\\log_{10}\\epsilon_e$', unit=None, boundary='reflective')
19:22 INFO    : log10_epsilon_B=Uniform(minimum=-10, maximum=0, name='log10_epsilon_B', latex_label='$\\log_{10}\\epsilon_B$', unit=None, boundary='reflective')
19:22 INFO    : thetaCore=Uniform(minimum=0.01, maximum=0.3141592653589793, name='theta_core', latex_label='$\\theta_c$', unit=None, boundary='reflective')
19:22 INFO    : log10_epsilon_e=Uniform(minimum=-5, maximum=0, name='log10_epsilon_e', latex_label='$\\log_{10}\\epsilon_e$', unit=None, boundary='reflective')
19:22 INFO    : thetaCore=Uniform(minimum=0.01, maximum=0.3141592653589793, name='theta_core', latex_label='$\\theta_c$', unit=None, boundary='reflective')
19:22 INFO    : log10_n0=Uniform(minimum=-6, maximum=3.0, name='log10_n0', latex_label='$\\log_{10}n_0$', unit=None, boundary='reflective')
19:22 INFO    : Analysis likelihood class: <class 'nmma.em.likelihood.OpticalLightCurve'>
19:22 INFO    : thetaCore=Uniform(minimum=0.01, maximum=0.3141592653589793, name='theta_core', latex_label='$\\theta_c$', unit=None, boundary='reflective')
19:22 INFO    : thetaCore=Uniform(minimum=0.01, maximum=0.3141592653589793, name='theta_core', latex_label='$\\theta_c$', unit=None, boundary='reflective')
19:22 INFO    : log10_n0=Uniform(minimum=-6, maximum=3.0, name='log10_n0', latex_label='$\\log_{10}n_0$', unit=None, boundary='reflective')
19:22 INFO    : timeshift=0.0
19:22 INFO    : thetaCore=Uniform(minimum=0.01, maximum=0.3141592653589793, name='theta_core', latex_label='$\\theta_c$', unit=None, boundary='reflective')
19:22 INFO    : thetaCore=Uniform(minimum=0.01, maximum=0.3141592653589793, name='theta_core', latex_label='$\\theta_c$', unit=None, boundary='reflective')
19:22 INFO    : Analysis likelihood noise evidence: 0.0
19:22 INFO    : thetaCore=Uniform(minimum=0.01, maximum=0.3141592653589793, name='theta_core', latex_label='$\\theta_c$', unit=None, boundary='reflective')
19:22 INFO    : thetaCore=Uniform(minimum=0.01, maximum=0.3141592653589793, name='theta_core', latex_label='$\\theta_c$', unit=None, boundary='reflective')
19:22 INFO    : log10_n0=Uniform(minimum=-6, maximum=3.0, name='log10_n0', latex_label='$\\log_{10}n_0$', unit=None, boundary='reflective')
19:22 INFO    : luminosity_distance=1981.0
19:22 INFO    : p=Uniform(minimum=2.01, maximum=3.0, name='p', latex_label='$p$', unit=None, boundary=None)
19:22 INFO    : log10_n0=Uniform(minimum=-6, maximum=3.0, name='log10_n0', latex_label='$\\log_{10}n_0$', unit=None, boundary='reflective')
19:22 INFO    : log10_epsilon_B=Uniform(minimum=-10, maximum=0, name='log10_epsilon_B', latex_label='$\\log_{10}\\epsilon_B$', unit=None, boundary='reflective')
19:22 INFO    : Ebv=0.0
19:22 INFO    : log10_n0=Uniform(minimum=-6, maximum=3.0, name='log10_n0', latex_label='$\\log_{10}n_0$', unit=None, boundary='reflective')
19:22 INFO    : log10_epsilon_B=Uniform(minimum=-10, maximum=0, name='log10_epsilon_B', latex_label='$\\log_{10}\\epsilon_B$', unit=None, boundary='reflective')
19:22 INFO    : p=Uniform(minimum=2.01, maximum=3.0, name='p', latex_label='$p$', unit=None, boundary=None)
19:22 INFO    : log10_n0=Uniform(minimum=-6, maximum=3.0, name='log10_n0', latex_label='$\\log_{10}n_0$', unit=None, boundary='reflective')
19:22 INFO    : timeshift=0.0
19:22 INFO    : log10_n0=Uniform(minimum=-6, maximum=3.0, name='log10_n0', latex_label='$\\log_{10}n_0$', unit=None, boundary='reflective')
19:22 INFO    : p=Uniform(minimum=2.01, maximum=3.0, name='p', latex_label='$p$', unit=None, boundary=None)
19:22 INFO    : log10_n0=Uniform(minimum=-6, maximum=3.0, name='log10_n0', latex_label='$\\log_{10}n_0$', unit=None, boundary='reflective')
19:22 INFO    : log10_n0=Uniform(minimum=-6, maximum=3.0, name='log10_n0', latex_label='$\\log_{10}n_0$', unit=None, boundary='reflective')
19:22 INFO    : Analysis likelihood class: <class 'nmma.em.likelihood.OpticalLightCurve'>
19:22 INFO    : timeshift=0.0
19:22 INFO    : log10_n0=Uniform(minimum=-6, maximum=3.0, name='log10_n0', latex_label='$\\log_{10}n_0$', unit=None, boundary='reflective')
19:22 INFO    : log10_n0=Uniform(minimum=-6, maximum=3.0, name='log10_n0', latex_label='$\\log_{10}n_0$', unit=None, boundary='reflective')
19:22 INFO    : luminosity_distance=1981.0
19:22 INFO    : log10_epsilon_e=Uniform(minimum=-5, maximum=0, name='log10_epsilon_e', latex_label='$\\log_{10}\\epsilon_e$', unit=None, boundary='reflective')
19:22 INFO    : p=Uniform(minimum=2.01, maximum=3.0, name='p', latex_label='$p$', unit=None, boundary=None)
19:22 INFO    : log10_n0=Uniform(minimum=-6, maximum=3.0, name='log10_n0', latex_label='$\\log_{10}n_0$', unit=None, boundary='reflective')
19:22 INFO    : p=Uniform(minimum=2.01, maximum=3.0, name='p', latex_label='$p$', unit=None, boundary=None)
19:22 INFO    : luminosity_distance=1981.0
19:22 INFO    : Analysis likelihood noise evidence: 0.0
19:22 INFO    : Ebv=0.0
19:22 INFO    : p=Uniform(minimum=2.01, maximum=3.0, name='p', latex_label='$p$', unit=None, boundary=None)
19:22 INFO    : Ebv=0.0
19:22 INFO    : log10_epsilon_e=Uniform(minimum=-5, maximum=0, name='log10_epsilon_e', latex_label='$\\log_{10}\\epsilon_e$', unit=None, boundary='reflective')
19:22 INFO    : p=Uniform(minimum=2.01, maximum=3.0, name='p', latex_label='$p$', unit=None, boundary=None)
19:22 INFO    : p=Uniform(minimum=2.01, maximum=3.0, name='p', latex_label='$p$', unit=None, boundary=None)
19:22 INFO    : log10_epsilon_e=Uniform(minimum=-5, maximum=0, name='log10_epsilon_e', latex_label='$\\log_{10}\\epsilon_e$', unit=None, boundary='reflective')
19:22 INFO    : Analysis likelihood class: <class 'nmma.em.likelihood.OpticalLightCurve'>
19:22 INFO    : p=Uniform(minimum=2.01, maximum=3.0, name='p', latex_label='$p$', unit=None, boundary=None)
19:22 INFO    : p=Uniform(minimum=2.01, maximum=3.0, name='p', latex_label='$p$', unit=None, boundary=None)
19:22 INFO    : Analysis likelihood class: <class 'nmma.em.likelihood.OpticalLightCurve'>
19:22 INFO    : p=Uniform(minimum=2.01, maximum=3.0, name='p', latex_label='$p$', unit=None, boundary=None)
19:22 INFO    : log10_epsilon_B=Uniform(minimum=-10, maximum=0, name='log10_epsilon_B', latex_label='$\\log_{10}\\epsilon_B$', unit=None, boundary='reflective')
19:22 INFO    : p=Uniform(minimum=2.01, maximum=3.0, name='p', latex_label='$p$', unit=None, boundary=None)
19:22 INFO    : log10_epsilon_e=Uniform(minimum=-5, maximum=0, name='log10_epsilon_e', latex_label='$\\log_{10}\\epsilon_e$', unit=None, boundary='reflective')
19:22 INFO    : Analysis likelihood noise evidence: 0.0
19:22 INFO    : log10_epsilon_e=Uniform(minimum=-5, maximum=0, name='log10_epsilon_e', latex_label='$\\log_{10}\\epsilon_e$', unit=None, boundary='reflective')
19:22 INFO    : p=Uniform(minimum=2.01, maximum=3.0, name='p', latex_label='$p$', unit=None, boundary=None)
19:22 INFO    : Analysis likelihood noise evidence: 0.0
19:22 INFO    : log10_epsilon_B=Uniform(minimum=-10, maximum=0, name='log10_epsilon_B', latex_label='$\\log_{10}\\epsilon_B$', unit=None, boundary='reflective')
19:22 INFO    : log10_epsilon_e=Uniform(minimum=-5, maximum=0, name='log10_epsilon_e', latex_label='$\\log_{10}\\epsilon_e$', unit=None, boundary='reflective')
19:22 INFO    : log10_epsilon_e=Uniform(minimum=-5, maximum=0, name='log10_epsilon_e', latex_label='$\\log_{10}\\epsilon_e$', unit=None, boundary='reflective')
19:22 INFO    : log10_epsilon_e=Uniform(minimum=-5, maximum=0, name='log10_epsilon_e', latex_label='$\\log_{10}\\epsilon_e$', unit=None, boundary='reflective')
19:22 INFO    : log10_epsilon_B=Uniform(minimum=-10, maximum=0, name='log10_epsilon_B', latex_label='$\\log_{10}\\epsilon_B$', unit=None, boundary='reflective')
19:22 INFO    : log10_epsilon_e=Uniform(minimum=-5, maximum=0, name='log10_epsilon_e', latex_label='$\\log_{10}\\epsilon_e$', unit=None, boundary='reflective')
19:22 INFO    : log10_epsilon_e=Uniform(minimum=-5, maximum=0, name='log10_epsilon_e', latex_label='$\\log_{10}\\epsilon_e$', unit=None, boundary='reflective')
19:22 INFO    : timeshift=0.0
19:22 INFO    : log10_epsilon_e=Uniform(minimum=-5, maximum=0, name='log10_epsilon_e', latex_label='$\\log_{10}\\epsilon_e$', unit=None, boundary='reflective')
19:22 INFO    : log10_epsilon_B=Uniform(minimum=-10, maximum=0, name='log10_epsilon_B', latex_label='$\\log_{10}\\epsilon_B$', unit=None, boundary='reflective')
19:22 INFO    : log10_epsilon_e=Uniform(minimum=-5, maximum=0, name='log10_epsilon_e', latex_label='$\\log_{10}\\epsilon_e$', unit=None, boundary='reflective')
19:22 INFO    : timeshift=0.0
19:22 INFO    : log10_epsilon_B=Uniform(minimum=-10, maximum=0, name='log10_epsilon_B', latex_label='$\\log_{10}\\epsilon_B$', unit=None, boundary='reflective')
19:22 INFO    : log10_epsilon_e=Uniform(minimum=-5, maximum=0, name='log10_epsilon_e', latex_label='$\\log_{10}\\epsilon_e$', unit=None, boundary='reflective')
19:22 INFO    : luminosity_distance=1981.0
19:22 INFO    : timeshift=0.0
19:22 INFO    : luminosity_distance=1981.0
19:22 INFO    : timeshift=0.0
19:22 INFO    : log10_epsilon_B=Uniform(minimum=-10, maximum=0, name='log10_epsilon_B', latex_label='$\\log_{10}\\epsilon_B$', unit=None, boundary='reflective')
19:22 INFO    : Ebv=0.0
19:22 INFO    : log10_epsilon_B=Uniform(minimum=-10, maximum=0, name='log10_epsilon_B', latex_label='$\\log_{10}\\epsilon_B$', unit=None, boundary='reflective')
19:22 INFO    : log10_epsilon_B=Uniform(minimum=-10, maximum=0, name='log10_epsilon_B', latex_label='$\\log_{10}\\epsilon_B$', unit=None, boundary='reflective')
19:22 INFO    : log10_epsilon_B=Uniform(minimum=-10, maximum=0, name='log10_epsilon_B', latex_label='$\\log_{10}\\epsilon_B$', unit=None, boundary='reflective')
19:22 INFO    : luminosity_distance=1981.0
19:22 INFO    : Ebv=0.0
19:22 INFO    : luminosity_distance=1981.0
19:22 INFO    : timeshift=0.0
19:22 INFO    : log10_epsilon_B=Uniform(minimum=-10, maximum=0, name='log10_epsilon_B', latex_label='$\\log_{10}\\epsilon_B$', unit=None, boundary='reflective')
19:22 INFO    : Analysis likelihood class: <class 'nmma.em.likelihood.OpticalLightCurve'>
19:22 INFO    : log10_epsilon_B=Uniform(minimum=-10, maximum=0, name='log10_epsilon_B', latex_label='$\\log_{10}\\epsilon_B$', unit=None, boundary='reflective')
19:22 INFO    : timeshift=0.0
19:22 INFO    : log10_epsilon_B=Uniform(minimum=-10, maximum=0, name='log10_epsilon_B', latex_label='$\\log_{10}\\epsilon_B$', unit=None, boundary='reflective')
19:22 INFO    : Ebv=0.0
19:22 INFO    : timeshift=0.0
19:22 INFO    : timeshift=0.0
19:22 INFO    : Ebv=0.0
19:22 INFO    : Analysis likelihood class: <class 'nmma.em.likelihood.OpticalLightCurve'>
19:22 INFO    : luminosity_distance=1981.0
19:22 INFO    : log10_epsilon_B=Uniform(minimum=-10, maximum=0, name='log10_epsilon_B', latex_label='$\\log_{10}\\epsilon_B$', unit=None, boundary='reflective')
19:22 INFO    : timeshift=0.0
19:22 INFO    : Analysis likelihood noise evidence: 0.0
19:22 INFO    : timeshift=0.0
19:22 INFO    : luminosity_distance=1981.0
19:22 INFO    : luminosity_distance=1981.0
19:22 INFO    : luminosity_distance=1981.0
19:22 INFO    : Analysis likelihood class: <class 'nmma.em.likelihood.OpticalLightCurve'>
19:22 INFO    : timeshift=0.0
19:22 INFO    : Analysis likelihood noise evidence: 0.0
19:22 INFO    : Analysis likelihood class: <class 'nmma.em.likelihood.OpticalLightCurve'>
19:22 INFO    : Ebv=0.0
19:22 INFO    : timeshift=0.0
19:22 INFO    : luminosity_distance=1981.0
19:22 INFO    : luminosity_distance=1981.0
19:22 INFO    : Ebv=0.0
19:22 INFO    : Ebv=0.0
19:22 INFO    : Ebv=0.0
19:22 INFO    : Analysis likelihood noise evidence: 0.0
19:22 INFO    : luminosity_distance=1981.0
19:22 INFO    : Analysis likelihood noise evidence: 0.0
19:22 INFO    : Analysis likelihood class: <class 'nmma.em.likelihood.OpticalLightCurve'>
19:22 INFO    : Ebv=0.0
19:22 INFO    : luminosity_distance=1981.0
19:22 INFO    : Ebv=0.0
19:22 INFO    : Analysis likelihood class: <class 'nmma.em.likelihood.OpticalLightCurve'>
19:22 INFO    : Ebv=0.0
19:22 INFO    : Analysis likelihood class: <class 'nmma.em.likelihood.OpticalLightCurve'>
19:22 INFO    : Analysis likelihood class: <class 'nmma.em.likelihood.OpticalLightCurve'>
19:22 INFO    : Analysis likelihood noise evidence: 0.0
19:22 INFO    : Ebv=0.0
19:22 INFO    : Analysis likelihood class: <class 'nmma.em.likelihood.OpticalLightCurve'>
19:22 INFO    : Analysis likelihood class: <class 'nmma.em.likelihood.OpticalLightCurve'>
19:22 INFO    : Analysis likelihood noise evidence: 0.0
19:22 INFO    : Analysis likelihood class: <class 'nmma.em.likelihood.OpticalLightCurve'>
19:22 INFO    : Analysis likelihood noise evidence: 0.0
19:22 INFO    : Analysis likelihood noise evidence: 0.0
19:22 INFO    : Analysis likelihood class: <class 'nmma.em.likelihood.OpticalLightCurve'>
19:22 INFO    : Analysis likelihood noise evidence: 0.0
19:22 INFO    : Analysis likelihood noise evidence: 0.0
19:22 INFO    : Analysis likelihood noise evidence: 0.0
19:22 INFO    : Analysis likelihood noise evidence: 0.0
19:22 INFO    : Analysis priors:
19:22 INFO    : em_syserr=LogUniform(minimum=0.01, maximum=2.0, name='em_syserr', latex_label='$\\sigma$', unit=None, boundary=None)
19:22 INFO    : inclination_EM=nmma.em.prior.ConditionalGaussianIotaGivenThetaCore(minimum=0.0, maximum=0.7853981633974483, name='inclination_EM', N_sigma=1.0, latex_label='$\\iota$', unit=None, boundary=None)
19:22 INFO    : log10_E0=Uniform(minimum=47.0, maximum=57.0, name='log10_E0', latex_label='$\\log_{10}E_0$', unit=None, boundary='reflective')
19:22 INFO    : Analysis priors:
19:22 INFO    : thetaCore=Uniform(minimum=0.01, maximum=0.3141592653589793, name='theta_core', latex_label='$\\theta_c$', unit=None, boundary='reflective')
19:22 INFO    : log10_n0=Uniform(minimum=-6, maximum=3.0, name='log10_n0', latex_label='$\\log_{10}n_0$', unit=None, boundary='reflective')
19:22 INFO    : p=Uniform(minimum=2.01, maximum=3.0, name='p', latex_label='$p$', unit=None, boundary=None)
19:22 INFO    : log10_epsilon_e=Uniform(minimum=-5, maximum=0, name='log10_epsilon_e', latex_label='$\\log_{10}\\epsilon_e$', unit=None, boundary='reflective')
19:22 INFO    : log10_epsilon_B=Uniform(minimum=-10, maximum=0, name='log10_epsilon_B', latex_label='$\\log_{10}\\epsilon_B$', unit=None, boundary='reflective')
19:22 INFO    : timeshift=0.0
19:22 INFO    : luminosity_distance=1981.0
19:22 INFO    : Ebv=0.0
19:22 INFO    : Analysis likelihood class: <class 'nmma.em.likelihood.OpticalLightCurve'>
19:22 INFO    : Analysis likelihood noise evidence: 0.0
19:22 INFO    : em_syserr=LogUniform(minimum=0.01, maximum=2.0, name='em_syserr', latex_label='$\\sigma$', unit=None, boundary=None)
19:22 INFO    : inclination_EM=nmma.em.prior.ConditionalGaussianIotaGivenThetaCore(minimum=0.0, maximum=0.7853981633974483, name='inclination_EM', N_sigma=1.0, latex_label='$\\iota$', unit=None, boundary=None)
19:22 INFO    : log10_E0=Uniform(minimum=47.0, maximum=57.0, name='log10_E0', latex_label='$\\log_{10}E_0$', unit=None, boundary='reflective')
19:22 INFO    : thetaCore=Uniform(minimum=0.01, maximum=0.3141592653589793, name='theta_core', latex_label='$\\theta_c$', unit=None, boundary='reflective')
19:22 INFO    : log10_n0=Uniform(minimum=-6, maximum=3.0, name='log10_n0', latex_label='$\\log_{10}n_0$', unit=None, boundary='reflective')
19:22 INFO    : p=Uniform(minimum=2.01, maximum=3.0, name='p', latex_label='$p$', unit=None, boundary=None)
19:22 INFO    : log10_epsilon_e=Uniform(minimum=-5, maximum=0, name='log10_epsilon_e', latex_label='$\\log_{10}\\epsilon_e$', unit=None, boundary='reflective')
19:22 INFO    : log10_epsilon_B=Uniform(minimum=-10, maximum=0, name='log10_epsilon_B', latex_label='$\\log_{10}\\epsilon_B$', unit=None, boundary='reflective')
19:22 INFO    : timeshift=0.0
19:22 INFO    : timeshift=0.0
19:22 INFO    : luminosity_distance=1981.0
19:22 INFO    : luminosity_distance=1981.0
19:22 INFO    : Ebv=0.0
19:22 INFO    : Ebv=0.0
19:22 INFO    : Analysis likelihood class: <class 'nmma.em.likelihood.OpticalLightCurve'>
19:22 INFO    : Analysis likelihood noise evidence: 0.0
19:22 INFO    : Analysis likelihood class: <class 'nmma.em.likelihood.OpticalLightCurve'>
19:22 INFO    : Analysis likelihood noise evidence: 0.0
19:22 INFO    : Analysis priors:
19:22 INFO    : em_syserr=LogUniform(minimum=0.01, maximum=2.0, name='em_syserr', latex_label='$\\sigma$', unit=None, boundary=None)
19:22 INFO    : inclination_EM=nmma.em.prior.ConditionalGaussianIotaGivenThetaCore(minimum=0.0, maximum=0.7853981633974483, name='inclination_EM', N_sigma=1.0, latex_label='$\\iota$', unit=None, boundary=None)
19:22 INFO    : log10_E0=Uniform(minimum=47.0, maximum=57.0, name='log10_E0', latex_label='$\\log_{10}E_0$', unit=None, boundary='reflective')
19:22 INFO    : thetaCore=Uniform(minimum=0.01, maximum=0.3141592653589793, name='theta_core', latex_label='$\\theta_c$', unit=None, boundary='reflective')
19:22 INFO    : log10_n0=Uniform(minimum=-6, maximum=3.0, name='log10_n0', latex_label='$\\log_{10}n_0$', unit=None, boundary='reflective')
19:22 INFO    : p=Uniform(minimum=2.01, maximum=3.0, name='p', latex_label='$p$', unit=None, boundary=None)
19:22 INFO    : log10_epsilon_e=Uniform(minimum=-5, maximum=0, name='log10_epsilon_e', latex_label='$\\log_{10}\\epsilon_e$', unit=None, boundary='reflective')
19:22 INFO    : log10_epsilon_B=Uniform(minimum=-10, maximum=0, name='log10_epsilon_B', latex_label='$\\log_{10}\\epsilon_B$', unit=None, boundary='reflective')
19:22 INFO    : timeshift=0.0
19:22 INFO    : luminosity_distance=1981.0
19:22 INFO    : Ebv=0.0
19:22 INFO    : Analysis likelihood class: <class 'nmma.em.likelihood.OpticalLightCurve'>
19:22 INFO    : Analysis likelihood noise evidence: 0.0
19:24 INFO    : Single likelihood evaluation took 8.695e-01 s
19:24 INFO    : Single likelihood evaluation took 8.704e-01 s
19:24 WARNING : Supplied argument 'queue_size' not an argument of 'Pymultinest', removing.
19:24 WARNING : Supplied argument 'check_point_delta_t' not an argument of 'Pymultinest', removing.
19:24 INFO    : Using sampler Pymultinest with kwargs {'importance_nested_sampling': False, 'resume': True, 'verbose': True, 'sampling_efficiency': 'parameter', 'n_live_points': 2048, 'n_params': 8, 'n_clustering_params': None, 'wrapped_params': None, 'multimodal': True, 'const_efficiency_mode': False, 'evidence_tolerance': 0.5, 'n_iter_before_update': 100, 'null_log_evidence': -1e+90, 'max_modes': 100, 'mode_tolerance': -1e+90, 'seed': 42, 'context': 0, 'write_output': True, 'log_zero': -1e+100, 'max_iter': 0, 'init_MPI': False, 'dump_callback': <bound method Pymultinest._dump_callback of <bilby.core.sampler.pymultinest.Pymultinest object at 0x1555145cffd0>>}
19:24 INFO    : Temporary directory incompatible with MPI, will run in original directory
19:24 INFO    : Using output file outdirGRBtophat32cores/pm_GRB230812B/
19:24 INFO    : Single likelihood evaluation took 8.821e-01 s
19:24 WARNING : Supplied argument 'queue_size' not an argument of 'Pymultinest', removing.
19:24 WARNING : Supplied argument 'check_point_delta_t' not an argument of 'Pymultinest', removing.
19:24 INFO    : Using sampler Pymultinest with kwargs {'importance_nested_sampling': False, 'resume': True, 'verbose': True, 'sampling_efficiency': 'parameter', 'n_live_points': 2048, 'n_params': 8, 'n_clustering_params': None, 'wrapped_params': None, 'multimodal': True, 'const_efficiency_mode': False, 'evidence_tolerance': 0.5, 'n_iter_before_update': 100, 'null_log_evidence': -1e+90, 'max_modes': 100, 'mode_tolerance': -1e+90, 'seed': 42, 'context': 0, 'write_output': True, 'log_zero': -1e+100, 'max_iter': 0, 'init_MPI': False, 'dump_callback': <bound method Pymultinest._dump_callback of <bilby.core.sampler.pymultinest.Pymultinest object at 0x1555145d2c70>>}
19:24 INFO    : Temporary directory incompatible with MPI, will run in original directory
19:24 INFO    : Using output file outdirGRBtophat32cores/pm_GRB230812B/
19:24 WARNING : Supplied argument 'queue_size' not an argument of 'Pymultinest', removing.
19:24 WARNING : Supplied argument 'check_point_delta_t' not an argument of 'Pymultinest', removing.
19:24 INFO    : Using sampler Pymultinest with kwargs {'importance_nested_sampling': False, 'resume': True, 'verbose': True, 'sampling_efficiency': 'parameter', 'n_live_points': 2048, 'n_params': 8, 'n_clustering_params': None, 'wrapped_params': None, 'multimodal': True, 'const_efficiency_mode': False, 'evidence_tolerance': 0.5, 'n_iter_before_update': 100, 'null_log_evidence': -1e+90, 'max_modes': 100, 'mode_tolerance': -1e+90, 'seed': 42, 'context': 0, 'write_output': True, 'log_zero': -1e+100, 'max_iter': 0, 'init_MPI': False, 'dump_callback': <bound method Pymultinest._dump_callback of <bilby.core.sampler.pymultinest.Pymultinest object at 0x1555544f31c0>>}
19:24 INFO    : Temporary directory incompatible with MPI, will run in original directory
19:24 INFO    : Using output file outdirGRBtophat32cores/pm_GRB230812B/
19:24 INFO    : Single likelihood evaluation took 8.899e-01 s
19:24 WARNING : Supplied argument 'queue_size' not an argument of 'Pymultinest', removing.
19:24 WARNING : Supplied argument 'check_point_delta_t' not an argument of 'Pymultinest', removing.
19:24 INFO    : Using sampler Pymultinest with kwargs {'importance_nested_sampling': False, 'resume': True, 'verbose': True, 'sampling_efficiency': 'parameter', 'n_live_points': 2048, 'n_params': 8, 'n_clustering_params': None, 'wrapped_params': None, 'multimodal': True, 'const_efficiency_mode': False, 'evidence_tolerance': 0.5, 'n_iter_before_update': 100, 'null_log_evidence': -1e+90, 'max_modes': 100, 'mode_tolerance': -1e+90, 'seed': 42, 'context': 0, 'write_output': True, 'log_zero': -1e+100, 'max_iter': 0, 'init_MPI': False, 'dump_callback': <bound method Pymultinest._dump_callback of <bilby.core.sampler.pymultinest.Pymultinest object at 0x1555145cdeb0>>}
19:24 INFO    : Temporary directory incompatible with MPI, will run in original directory
19:24 INFO    : Using output file outdirGRBtophat32cores/pm_GRB230812B/
19:24 INFO    : Single likelihood evaluation took 9.116e-01 s
19:24 INFO    : Single likelihood evaluation took 9.119e-01 s
19:24 WARNING : Supplied argument 'queue_size' not an argument of 'Pymultinest', removing.
19:24 WARNING : Supplied argument 'check_point_delta_t' not an argument of 'Pymultinest', removing.
19:24 INFO    : Using sampler Pymultinest with kwargs {'importance_nested_sampling': False, 'resume': True, 'verbose': True, 'sampling_efficiency': 'parameter', 'n_live_points': 2048, 'n_params': 8, 'n_clustering_params': None, 'wrapped_params': None, 'multimodal': True, 'const_efficiency_mode': False, 'evidence_tolerance': 0.5, 'n_iter_before_update': 100, 'null_log_evidence': -1e+90, 'max_modes': 100, 'mode_tolerance': -1e+90, 'seed': 42, 'context': 0, 'write_output': True, 'log_zero': -1e+100, 'max_iter': 0, 'init_MPI': False, 'dump_callback': <bound method Pymultinest._dump_callback of <bilby.core.sampler.pymultinest.Pymultinest object at 0x1555145d1bb0>>}
19:24 INFO    : Temporary directory incompatible with MPI, will run in original directory
19:24 INFO    : Using output file outdirGRBtophat32cores/pm_GRB230812B/
19:24 INFO    : Single likelihood evaluation took 9.289e-01 s
19:24 WARNING : Supplied argument 'queue_size' not an argument of 'Pymultinest', removing.
19:24 WARNING : Supplied argument 'check_point_delta_t' not an argument of 'Pymultinest', removing.
19:24 INFO    : Using sampler Pymultinest with kwargs {'importance_nested_sampling': False, 'resume': True, 'verbose': True, 'sampling_efficiency': 'parameter', 'n_live_points': 2048, 'n_params': 8, 'n_clustering_params': None, 'wrapped_params': None, 'multimodal': True, 'const_efficiency_mode': False, 'evidence_tolerance': 0.5, 'n_iter_before_update': 100, 'null_log_evidence': -1e+90, 'max_modes': 100, 'mode_tolerance': -1e+90, 'seed': 42, 'context': 0, 'write_output': True, 'log_zero': -1e+100, 'max_iter': 0, 'init_MPI': False, 'dump_callback': <bound method Pymultinest._dump_callback of <bilby.core.sampler.pymultinest.Pymultinest object at 0x1555544f31c0>>}
19:24 INFO    : Temporary directory incompatible with MPI, will run in original directory
19:24 INFO    : Using output file outdirGRBtophat32cores/pm_GRB230812B/
19:24 WARNING : Supplied argument 'queue_size' not an argument of 'Pymultinest', removing.
19:24 WARNING : Supplied argument 'check_point_delta_t' not an argument of 'Pymultinest', removing.
19:24 INFO    : Using sampler Pymultinest with kwargs {'importance_nested_sampling': False, 'resume': True, 'verbose': True, 'sampling_efficiency': 'parameter', 'n_live_points': 2048, 'n_params': 8, 'n_clustering_params': None, 'wrapped_params': None, 'multimodal': True, 'const_efficiency_mode': False, 'evidence_tolerance': 0.5, 'n_iter_before_update': 100, 'null_log_evidence': -1e+90, 'max_modes': 100, 'mode_tolerance': -1e+90, 'seed': 42, 'context': 0, 'write_output': True, 'log_zero': -1e+100, 'max_iter': 0, 'init_MPI': False, 'dump_callback': <bound method Pymultinest._dump_callback of <bilby.core.sampler.pymultinest.Pymultinest object at 0x1555544f3130>>}
19:24 INFO    : Temporary directory incompatible with MPI, will run in original directory
19:24 INFO    : Using output file outdirGRBtophat32cores/pm_GRB230812B/
19:24 INFO    : Single likelihood evaluation took 9.237e-01 s
19:24 INFO    : Single likelihood evaluation took 9.341e-01 s
19:24 WARNING : Supplied argument 'queue_size' not an argument of 'Pymultinest', removing.
19:24 WARNING : Supplied argument 'check_point_delta_t' not an argument of 'Pymultinest', removing.
19:24 INFO    : Using sampler Pymultinest with kwargs {'importance_nested_sampling': False, 'resume': True, 'verbose': True, 'sampling_efficiency': 'parameter', 'n_live_points': 2048, 'n_params': 8, 'n_clustering_params': None, 'wrapped_params': None, 'multimodal': True, 'const_efficiency_mode': False, 'evidence_tolerance': 0.5, 'n_iter_before_update': 100, 'null_log_evidence': -1e+90, 'max_modes': 100, 'mode_tolerance': -1e+90, 'seed': 42, 'context': 0, 'write_output': True, 'log_zero': -1e+100, 'max_iter': 0, 'init_MPI': False, 'dump_callback': <bound method Pymultinest._dump_callback of <bilby.core.sampler.pymultinest.Pymultinest object at 0x1555045d2f70>>}
19:24 INFO    : Temporary directory incompatible with MPI, will run in original directory
19:24 INFO    : Using output file outdirGRBtophat32cores/pm_GRB230812B/
19:24 INFO    : Single likelihood evaluation took 9.326e-01 s
19:24 INFO    : Single likelihood evaluation took 9.295e-01 s
19:24 WARNING : Supplied argument 'queue_size' not an argument of 'Pymultinest', removing.
19:24 WARNING : Supplied argument 'check_point_delta_t' not an argument of 'Pymultinest', removing.
19:24 INFO    : Using sampler Pymultinest with kwargs {'importance_nested_sampling': False, 'resume': True, 'verbose': True, 'sampling_efficiency': 'parameter', 'n_live_points': 2048, 'n_params': 8, 'n_clustering_params': None, 'wrapped_params': None, 'multimodal': True, 'const_efficiency_mode': False, 'evidence_tolerance': 0.5, 'n_iter_before_update': 100, 'null_log_evidence': -1e+90, 'max_modes': 100, 'mode_tolerance': -1e+90, 'seed': 42, 'context': 0, 'write_output': True, 'log_zero': -1e+100, 'max_iter': 0, 'init_MPI': False, 'dump_callback': <bound method Pymultinest._dump_callback of <bilby.core.sampler.pymultinest.Pymultinest object at 0x1555145cffd0>>}
19:24 INFO    : Temporary directory incompatible with MPI, will run in original directory
19:24 INFO    : Using output file outdirGRBtophat32cores/pm_GRB230812B/
19:24 WARNING : Supplied argument 'queue_size' not an argument of 'Pymultinest', removing.
19:24 WARNING : Supplied argument 'check_point_delta_t' not an argument of 'Pymultinest', removing.
19:24 INFO    : Using sampler Pymultinest with kwargs {'importance_nested_sampling': False, 'resume': True, 'verbose': True, 'sampling_efficiency': 'parameter', 'n_live_points': 2048, 'n_params': 8, 'n_clustering_params': None, 'wrapped_params': None, 'multimodal': True, 'const_efficiency_mode': False, 'evidence_tolerance': 0.5, 'n_iter_before_update': 100, 'null_log_evidence': -1e+90, 'max_modes': 100, 'mode_tolerance': -1e+90, 'seed': 42, 'context': 0, 'write_output': True, 'log_zero': -1e+100, 'max_iter': 0, 'init_MPI': False, 'dump_callback': <bound method Pymultinest._dump_callback of <bilby.core.sampler.pymultinest.Pymultinest object at 0x1555544f3130>>}
19:24 INFO    : Temporary directory incompatible with MPI, will run in original directory
19:24 INFO    : Using output file outdirGRBtophat32cores/pm_GRB230812B/
19:24 INFO    : Single likelihood evaluation took 9.503e-01 s
19:24 INFO    : Single likelihood evaluation took 9.597e-01 s
19:24 WARNING : Supplied argument 'queue_size' not an argument of 'Pymultinest', removing.
19:24 WARNING : Supplied argument 'check_point_delta_t' not an argument of 'Pymultinest', removing.
19:24 INFO    : Using sampler Pymultinest with kwargs {'importance_nested_sampling': False, 'resume': True, 'verbose': True, 'sampling_efficiency': 'parameter', 'n_live_points': 2048, 'n_params': 8, 'n_clustering_params': None, 'wrapped_params': None, 'multimodal': True, 'const_efficiency_mode': False, 'evidence_tolerance': 0.5, 'n_iter_before_update': 100, 'null_log_evidence': -1e+90, 'max_modes': 100, 'mode_tolerance': -1e+90, 'seed': 42, 'context': 0, 'write_output': True, 'log_zero': -1e+100, 'max_iter': 0, 'init_MPI': False, 'dump_callback': <bound method Pymultinest._dump_callback of <bilby.core.sampler.pymultinest.Pymultinest object at 0x1555544f31c0>>}
19:24 INFO    : Temporary directory incompatible with MPI, will run in original directory
19:24 INFO    : Using output file outdirGRBtophat32cores/pm_GRB230812B/
19:24 WARNING : Supplied argument 'queue_size' not an argument of 'Pymultinest', removing.
19:24 WARNING : Supplied argument 'check_point_delta_t' not an argument of 'Pymultinest', removing.
19:24 INFO    : Using sampler Pymultinest with kwargs {'importance_nested_sampling': False, 'resume': True, 'verbose': True, 'sampling_efficiency': 'parameter', 'n_live_points': 2048, 'n_params': 8, 'n_clustering_params': None, 'wrapped_params': None, 'multimodal': True, 'const_efficiency_mode': False, 'evidence_tolerance': 0.5, 'n_iter_before_update': 100, 'null_log_evidence': -1e+90, 'max_modes': 100, 'mode_tolerance': -1e+90, 'seed': 42, 'context': 0, 'write_output': True, 'log_zero': -1e+100, 'max_iter': 0, 'init_MPI': False, 'dump_callback': <bound method Pymultinest._dump_callback of <bilby.core.sampler.pymultinest.Pymultinest object at 0x1555045d3f40>>}
19:24 INFO    : Temporary directory incompatible with MPI, will run in original directory
19:24 INFO    : Using output file outdirGRBtophat32cores/pm_GRB230812B/
19:24 WARNING : Supplied argument 'queue_size' not an argument of 'Pymultinest', removing.
19:24 WARNING : Supplied argument 'check_point_delta_t' not an argument of 'Pymultinest', removing.
19:24 INFO    : Using sampler Pymultinest with kwargs {'importance_nested_sampling': False, 'resume': True, 'verbose': True, 'sampling_efficiency': 'parameter', 'n_live_points': 2048, 'n_params': 8, 'n_clustering_params': None, 'wrapped_params': None, 'multimodal': True, 'const_efficiency_mode': False, 'evidence_tolerance': 0.5, 'n_iter_before_update': 100, 'null_log_evidence': -1e+90, 'max_modes': 100, 'mode_tolerance': -1e+90, 'seed': 42, 'context': 0, 'write_output': True, 'log_zero': -1e+100, 'max_iter': 0, 'init_MPI': False, 'dump_callback': <bound method Pymultinest._dump_callback of <bilby.core.sampler.pymultinest.Pymultinest object at 0x1555045d1dc0>>}
19:24 INFO    : Temporary directory incompatible with MPI, will run in original directory
19:24 INFO    : Using output file outdirGRBtophat32cores/pm_GRB230812B/
19:24 INFO    : Single likelihood evaluation took 9.703e-01 s
19:24 WARNING : Supplied argument 'queue_size' not an argument of 'Pymultinest', removing.
19:24 WARNING : Supplied argument 'check_point_delta_t' not an argument of 'Pymultinest', removing.
19:24 INFO    : Using sampler Pymultinest with kwargs {'importance_nested_sampling': False, 'resume': True, 'verbose': True, 'sampling_efficiency': 'parameter', 'n_live_points': 2048, 'n_params': 8, 'n_clustering_params': None, 'wrapped_params': None, 'multimodal': True, 'const_efficiency_mode': False, 'evidence_tolerance': 0.5, 'n_iter_before_update': 100, 'null_log_evidence': -1e+90, 'max_modes': 100, 'mode_tolerance': -1e+90, 'seed': 42, 'context': 0, 'write_output': True, 'log_zero': -1e+100, 'max_iter': 0, 'init_MPI': False, 'dump_callback': <bound method Pymultinest._dump_callback of <bilby.core.sampler.pymultinest.Pymultinest object at 0x1555045d5d60>>}
19:24 INFO    : Temporary directory incompatible with MPI, will run in original directory
19:24 INFO    : Using output file outdirGRBtophat32cores/pm_GRB230812B/
19:24 INFO    : Single likelihood evaluation took 9.758e-01 s
19:24 WARNING : Supplied argument 'queue_size' not an argument of 'Pymultinest', removing.
19:24 WARNING : Supplied argument 'check_point_delta_t' not an argument of 'Pymultinest', removing.
19:24 INFO    : Using sampler Pymultinest with kwargs {'importance_nested_sampling': False, 'resume': True, 'verbose': True, 'sampling_efficiency': 'parameter', 'n_live_points': 2048, 'n_params': 8, 'n_clustering_params': None, 'wrapped_params': None, 'multimodal': True, 'const_efficiency_mode': False, 'evidence_tolerance': 0.5, 'n_iter_before_update': 100, 'null_log_evidence': -1e+90, 'max_modes': 100, 'mode_tolerance': -1e+90, 'seed': 42, 'context': 0, 'write_output': True, 'log_zero': -1e+100, 'max_iter': 0, 'init_MPI': False, 'dump_callback': <bound method Pymultinest._dump_callback of <bilby.core.sampler.pymultinest.Pymultinest object at 0x1555145cffd0>>}
19:24 INFO    : Temporary directory incompatible with MPI, will run in original directory
19:24 INFO    : Using output file outdirGRBtophat32cores/pm_GRB230812B/
19:24 INFO    : Single likelihood evaluation took 9.804e-01 s
19:24 INFO    : Single likelihood evaluation took 9.947e-01 s
19:24 WARNING : Supplied argument 'queue_size' not an argument of 'Pymultinest', removing.
19:24 WARNING : Supplied argument 'check_point_delta_t' not an argument of 'Pymultinest', removing.
19:24 INFO    : Using sampler Pymultinest with kwargs {'importance_nested_sampling': False, 'resume': True, 'verbose': True, 'sampling_efficiency': 'parameter', 'n_live_points': 2048, 'n_params': 8, 'n_clustering_params': None, 'wrapped_params': None, 'multimodal': True, 'const_efficiency_mode': False, 'evidence_tolerance': 0.5, 'n_iter_before_update': 100, 'null_log_evidence': -1e+90, 'max_modes': 100, 'mode_tolerance': -1e+90, 'seed': 42, 'context': 0, 'write_output': True, 'log_zero': -1e+100, 'max_iter': 0, 'init_MPI': False, 'dump_callback': <bound method Pymultinest._dump_callback of <bilby.core.sampler.pymultinest.Pymultinest object at 0x1555045d2ee0>>}
19:24 INFO    : Temporary directory incompatible with MPI, will run in original directory
19:24 INFO    : Using output file outdirGRBtophat32cores/pm_GRB230812B/
19:24 WARNING : Supplied argument 'queue_size' not an argument of 'Pymultinest', removing.
19:24 WARNING : Supplied argument 'check_point_delta_t' not an argument of 'Pymultinest', removing.
19:24 INFO    : Using sampler Pymultinest with kwargs {'importance_nested_sampling': False, 'resume': True, 'verbose': True, 'sampling_efficiency': 'parameter', 'n_live_points': 2048, 'n_params': 8, 'n_clustering_params': None, 'wrapped_params': None, 'multimodal': True, 'const_efficiency_mode': False, 'evidence_tolerance': 0.5, 'n_iter_before_update': 100, 'null_log_evidence': -1e+90, 'max_modes': 100, 'mode_tolerance': -1e+90, 'seed': 42, 'context': 0, 'write_output': True, 'log_zero': -1e+100, 'max_iter': 0, 'init_MPI': False, 'dump_callback': <bound method Pymultinest._dump_callback of <bilby.core.sampler.pymultinest.Pymultinest object at 0x1555045d1f40>>}
19:24 INFO    : Temporary directory incompatible with MPI, will run in original directory
19:24 INFO    : Using output file outdirGRBtophat32cores/pm_GRB230812B/
19:24 INFO    : Single likelihood evaluation took 9.868e-01 s
19:24 INFO    : Single likelihood evaluation took 1.005e+00 s
19:24 INFO    : Single likelihood evaluation took 1.012e+00 s
19:24 INFO    : Single likelihood evaluation took 1.014e+00 s
19:24 INFO    : Single likelihood evaluation took 1.002e+00 s
19:24 INFO    : Single likelihood evaluation took 1.010e+00 s
19:24 WARNING : Supplied argument 'queue_size' not an argument of 'Pymultinest', removing.
19:24 WARNING : Supplied argument 'check_point_delta_t' not an argument of 'Pymultinest', removing.
19:24 INFO    : Using sampler Pymultinest with kwargs {'importance_nested_sampling': False, 'resume': True, 'verbose': True, 'sampling_efficiency': 'parameter', 'n_live_points': 2048, 'n_params': 8, 'n_clustering_params': None, 'wrapped_params': None, 'multimodal': True, 'const_efficiency_mode': False, 'evidence_tolerance': 0.5, 'n_iter_before_update': 100, 'null_log_evidence': -1e+90, 'max_modes': 100, 'mode_tolerance': -1e+90, 'seed': 42, 'context': 0, 'write_output': True, 'log_zero': -1e+100, 'max_iter': 0, 'init_MPI': False, 'dump_callback': <bound method Pymultinest._dump_callback of <bilby.core.sampler.pymultinest.Pymultinest object at 0x155535bded30>>}
19:24 INFO    : Temporary directory incompatible with MPI, will run in original directory
19:24 INFO    : Using output file outdirGRBtophat32cores/pm_GRB230812B/
19:24 WARNING : Supplied argument 'queue_size' not an argument of 'Pymultinest', removing.
19:24 WARNING : Supplied argument 'check_point_delta_t' not an argument of 'Pymultinest', removing.
19:24 INFO    : Using sampler Pymultinest with kwargs {'importance_nested_sampling': False, 'resume': True, 'verbose': True, 'sampling_efficiency': 'parameter', 'n_live_points': 2048, 'n_params': 8, 'n_clustering_params': None, 'wrapped_params': None, 'multimodal': True, 'const_efficiency_mode': False, 'evidence_tolerance': 0.5, 'n_iter_before_update': 100, 'null_log_evidence': -1e+90, 'max_modes': 100, 'mode_tolerance': -1e+90, 'seed': 42, 'context': 0, 'write_output': True, 'log_zero': -1e+100, 'max_iter': 0, 'init_MPI': False, 'dump_callback': <bound method Pymultinest._dump_callback of <bilby.core.sampler.pymultinest.Pymultinest object at 0x1555045cdf10>>}
19:24 INFO    : Temporary directory incompatible with MPI, will run in original directory
19:24 INFO    : Using output file outdirGRBtophat32cores/pm_GRB230812B/
19:24 INFO    : Single likelihood evaluation took 1.002e+00 s
19:24 WARNING : Supplied argument 'queue_size' not an argument of 'Pymultinest', removing.
19:24 WARNING : Supplied argument 'check_point_delta_t' not an argument of 'Pymultinest', removing.
19:24 INFO    : Using sampler Pymultinest with kwargs {'importance_nested_sampling': False, 'resume': True, 'verbose': True, 'sampling_efficiency': 'parameter', 'n_live_points': 2048, 'n_params': 8, 'n_clustering_params': None, 'wrapped_params': None, 'multimodal': True, 'const_efficiency_mode': False, 'evidence_tolerance': 0.5, 'n_iter_before_update': 100, 'null_log_evidence': -1e+90, 'max_modes': 100, 'mode_tolerance': -1e+90, 'seed': 42, 'context': 0, 'write_output': True, 'log_zero': -1e+100, 'max_iter': 0, 'init_MPI': False, 'dump_callback': <bound method Pymultinest._dump_callback of <bilby.core.sampler.pymultinest.Pymultinest object at 0x1555045d1cd0>>}
19:24 INFO    : Temporary directory incompatible with MPI, will run in original directory
19:24 INFO    : Using output file outdirGRBtophat32cores/pm_GRB230812B/
19:24 WARNING : Supplied argument 'queue_size' not an argument of 'Pymultinest', removing.
19:24 WARNING : Supplied argument 'check_point_delta_t' not an argument of 'Pymultinest', removing.
19:24 INFO    : Using sampler Pymultinest with kwargs {'importance_nested_sampling': False, 'resume': True, 'verbose': True, 'sampling_efficiency': 'parameter', 'n_live_points': 2048, 'n_params': 8, 'n_clustering_params': None, 'wrapped_params': None, 'multimodal': True, 'const_efficiency_mode': False, 'evidence_tolerance': 0.5, 'n_iter_before_update': 100, 'null_log_evidence': -1e+90, 'max_modes': 100, 'mode_tolerance': -1e+90, 'seed': 42, 'context': 0, 'write_output': True, 'log_zero': -1e+100, 'max_iter': 0, 'init_MPI': False, 'dump_callback': <bound method Pymultinest._dump_callback of <bilby.core.sampler.pymultinest.Pymultinest object at 0x155535bdcf40>>}
19:24 INFO    : Temporary directory incompatible with MPI, will run in original directory
19:24 INFO    : Using output file outdirGRBtophat32cores/pm_GRB230812B/
19:24 WARNING : Supplied argument 'queue_size' not an argument of 'Pymultinest', removing.
19:24 WARNING : Supplied argument 'check_point_delta_t' not an argument of 'Pymultinest', removing.
19:24 INFO    : Using sampler Pymultinest with kwargs {'importance_nested_sampling': False, 'resume': True, 'verbose': True, 'sampling_efficiency': 'parameter', 'n_live_points': 2048, 'n_params': 8, 'n_clustering_params': None, 'wrapped_params': None, 'multimodal': True, 'const_efficiency_mode': False, 'evidence_tolerance': 0.5, 'n_iter_before_update': 100, 'null_log_evidence': -1e+90, 'max_modes': 100, 'mode_tolerance': -1e+90, 'seed': 42, 'context': 0, 'write_output': True, 'log_zero': -1e+100, 'max_iter': 0, 'init_MPI': False, 'dump_callback': <bound method Pymultinest._dump_callback of <bilby.core.sampler.pymultinest.Pymultinest object at 0x1555045d4f10>>}
19:24 INFO    : Temporary directory incompatible with MPI, will run in original directory
19:24 INFO    : Using output file outdirGRBtophat32cores/pm_GRB230812B/
19:24 WARNING : Supplied argument 'queue_size' not an argument of 'Pymultinest', removing.
19:24 WARNING : Supplied argument 'check_point_delta_t' not an argument of 'Pymultinest', removing.
19:24 INFO    : Using sampler Pymultinest with kwargs {'importance_nested_sampling': False, 'resume': True, 'verbose': True, 'sampling_efficiency': 'parameter', 'n_live_points': 2048, 'n_params': 8, 'n_clustering_params': None, 'wrapped_params': None, 'multimodal': True, 'const_efficiency_mode': False, 'evidence_tolerance': 0.5, 'n_iter_before_update': 100, 'null_log_evidence': -1e+90, 'max_modes': 100, 'mode_tolerance': -1e+90, 'seed': 42, 'context': 0, 'write_output': True, 'log_zero': -1e+100, 'max_iter': 0, 'init_MPI': False, 'dump_callback': <bound method Pymultinest._dump_callback of <bilby.core.sampler.pymultinest.Pymultinest object at 0x1555145cffa0>>}
19:24 INFO    : Temporary directory incompatible with MPI, will run in original directory
19:24 INFO    : Using output file outdirGRBtophat32cores/pm_GRB230812B/
19:24 INFO    : Single likelihood evaluation took 1.021e+00 s
19:24 WARNING : Supplied argument 'queue_size' not an argument of 'Pymultinest', removing.
19:24 WARNING : Supplied argument 'check_point_delta_t' not an argument of 'Pymultinest', removing.
19:24 INFO    : Using sampler Pymultinest with kwargs {'importance_nested_sampling': False, 'resume': True, 'verbose': True, 'sampling_efficiency': 'parameter', 'n_live_points': 2048, 'n_params': 8, 'n_clustering_params': None, 'wrapped_params': None, 'multimodal': True, 'const_efficiency_mode': False, 'evidence_tolerance': 0.5, 'n_iter_before_update': 100, 'null_log_evidence': -1e+90, 'max_modes': 100, 'mode_tolerance': -1e+90, 'seed': 42, 'context': 0, 'write_output': True, 'log_zero': -1e+100, 'max_iter': 0, 'init_MPI': False, 'dump_callback': <bound method Pymultinest._dump_callback of <bilby.core.sampler.pymultinest.Pymultinest object at 0x1555045d2f10>>}
19:24 INFO    : Temporary directory incompatible with MPI, will run in original directory
19:24 INFO    : Using output file outdirGRBtophat32cores/pm_GRB230812B/
19:24 WARNING : Supplied argument 'queue_size' not an argument of 'Pymultinest', removing.
19:24 WARNING : Supplied argument 'check_point_delta_t' not an argument of 'Pymultinest', removing.
19:24 INFO    : Using sampler Pymultinest with kwargs {'importance_nested_sampling': False, 'resume': True, 'verbose': True, 'sampling_efficiency': 'parameter', 'n_live_points': 2048, 'n_params': 8, 'n_clustering_params': None, 'wrapped_params': None, 'multimodal': True, 'const_efficiency_mode': False, 'evidence_tolerance': 0.5, 'n_iter_before_update': 100, 'null_log_evidence': -1e+90, 'max_modes': 100, 'mode_tolerance': -1e+90, 'seed': 42, 'context': 0, 'write_output': True, 'log_zero': -1e+100, 'max_iter': 0, 'init_MPI': False, 'dump_callback': <bound method Pymultinest._dump_callback of <bilby.core.sampler.pymultinest.Pymultinest object at 0x1555045cffa0>>}
19:24 INFO    : Temporary directory incompatible with MPI, will run in original directory
19:24 INFO    : Using output file outdirGRBtophat32cores/pm_GRB230812B/
19:24 INFO    : Single likelihood evaluation took 1.029e+00 s
19:24 INFO    : Single likelihood evaluation took 1.051e+00 s
19:24 WARNING : Supplied argument 'queue_size' not an argument of 'Pymultinest', removing.
19:24 WARNING : Supplied argument 'check_point_delta_t' not an argument of 'Pymultinest', removing.
19:24 INFO    : Using sampler Pymultinest with kwargs {'importance_nested_sampling': False, 'resume': True, 'verbose': True, 'sampling_efficiency': 'parameter', 'n_live_points': 2048, 'n_params': 8, 'n_clustering_params': None, 'wrapped_params': None, 'multimodal': True, 'const_efficiency_mode': False, 'evidence_tolerance': 0.5, 'n_iter_before_update': 100, 'null_log_evidence': -1e+90, 'max_modes': 100, 'mode_tolerance': -1e+90, 'seed': 42, 'context': 0, 'write_output': True, 'log_zero': -1e+100, 'max_iter': 0, 'init_MPI': False, 'dump_callback': <bound method Pymultinest._dump_callback of <bilby.core.sampler.pymultinest.Pymultinest object at 0x1555045d2fd0>>}
19:24 INFO    : Temporary directory incompatible with MPI, will run in original directory
19:24 INFO    : Using output file outdirGRBtophat32cores/pm_GRB230812B/
19:24 WARNING : Supplied argument 'queue_size' not an argument of 'Pymultinest', removing.
19:24 WARNING : Supplied argument 'check_point_delta_t' not an argument of 'Pymultinest', removing.
19:24 INFO    : Using sampler Pymultinest with kwargs {'importance_nested_sampling': False, 'resume': True, 'verbose': True, 'sampling_efficiency': 'parameter', 'n_live_points': 2048, 'n_params': 8, 'n_clustering_params': None, 'wrapped_params': None, 'multimodal': True, 'const_efficiency_mode': False, 'evidence_tolerance': 0.5, 'n_iter_before_update': 100, 'null_log_evidence': -1e+90, 'max_modes': 100, 'mode_tolerance': -1e+90, 'seed': 42, 'context': 0, 'write_output': True, 'log_zero': -1e+100, 'max_iter': 0, 'init_MPI': False, 'dump_callback': <bound method Pymultinest._dump_callback of <bilby.core.sampler.pymultinest.Pymultinest object at 0x1555544f41c0>>}
19:24 INFO    : Temporary directory incompatible with MPI, will run in original directory
19:24 INFO    : Using output file outdirGRBtophat32cores/pm_GRB230812B/
19:24 INFO    : Single likelihood evaluation took 1.048e+00 s
19:24 INFO    : Single likelihood evaluation took 1.066e+00 s
19:24 WARNING : Supplied argument 'queue_size' not an argument of 'Pymultinest', removing.
19:24 WARNING : Supplied argument 'check_point_delta_t' not an argument of 'Pymultinest', removing.
19:24 INFO    : Using sampler Pymultinest with kwargs {'importance_nested_sampling': False, 'resume': True, 'verbose': True, 'sampling_efficiency': 'parameter', 'n_live_points': 2048, 'n_params': 8, 'n_clustering_params': None, 'wrapped_params': None, 'multimodal': True, 'const_efficiency_mode': False, 'evidence_tolerance': 0.5, 'n_iter_before_update': 100, 'null_log_evidence': -1e+90, 'max_modes': 100, 'mode_tolerance': -1e+90, 'seed': 42, 'context': 0, 'write_output': True, 'log_zero': -1e+100, 'max_iter': 0, 'init_MPI': False, 'dump_callback': <bound method Pymultinest._dump_callback of <bilby.core.sampler.pymultinest.Pymultinest object at 0x1555544f31c0>>}
19:24 INFO    : Temporary directory incompatible with MPI, will run in original directory
19:24 INFO    : Using output file outdirGRBtophat32cores/pm_GRB230812B/
19:24 INFO    : Single likelihood evaluation took 1.079e+00 s
19:24 WARNING : Supplied argument 'queue_size' not an argument of 'Pymultinest', removing.
19:24 WARNING : Supplied argument 'check_point_delta_t' not an argument of 'Pymultinest', removing.
19:24 INFO    : Using sampler Pymultinest with kwargs {'importance_nested_sampling': False, 'resume': True, 'verbose': True, 'sampling_efficiency': 'parameter', 'n_live_points': 2048, 'n_params': 8, 'n_clustering_params': None, 'wrapped_params': None, 'multimodal': True, 'const_efficiency_mode': False, 'evidence_tolerance': 0.5, 'n_iter_before_update': 100, 'null_log_evidence': -1e+90, 'max_modes': 100, 'mode_tolerance': -1e+90, 'seed': 42, 'context': 0, 'write_output': True, 'log_zero': -1e+100, 'max_iter': 0, 'init_MPI': False, 'dump_callback': <bound method Pymultinest._dump_callback of <bilby.core.sampler.pymultinest.Pymultinest object at 0x1555045ceee0>>}
19:24 INFO    : Temporary directory incompatible with MPI, will run in original directory
19:24 INFO    : Using output file outdirGRBtophat32cores/pm_GRB230812B/
19:24 WARNING : Supplied argument 'queue_size' not an argument of 'Pymultinest', removing.
19:24 WARNING : Supplied argument 'check_point_delta_t' not an argument of 'Pymultinest', removing.
19:24 INFO    : Using sampler Pymultinest with kwargs {'importance_nested_sampling': False, 'resume': True, 'verbose': True, 'sampling_efficiency': 'parameter', 'n_live_points': 2048, 'n_params': 8, 'n_clustering_params': None, 'wrapped_params': None, 'multimodal': True, 'const_efficiency_mode': False, 'evidence_tolerance': 0.5, 'n_iter_before_update': 100, 'null_log_evidence': -1e+90, 'max_modes': 100, 'mode_tolerance': -1e+90, 'seed': 42, 'context': 0, 'write_output': True, 'log_zero': -1e+100, 'max_iter': 0, 'init_MPI': False, 'dump_callback': <bound method Pymultinest._dump_callback of <bilby.core.sampler.pymultinest.Pymultinest object at 0x1555145d2d00>>}
19:24 INFO    : Temporary directory incompatible with MPI, will run in original directory
19:24 INFO    : Using output file outdirGRBtophat32cores/pm_GRB230812B/
19:24 INFO    : Single likelihood evaluation took 1.088e+00 s
19:24 WARNING : Supplied argument 'queue_size' not an argument of 'Pymultinest', removing.
19:24 WARNING : Supplied argument 'check_point_delta_t' not an argument of 'Pymultinest', removing.
19:24 INFO    : Using sampler Pymultinest with kwargs {'importance_nested_sampling': False, 'resume': True, 'verbose': True, 'sampling_efficiency': 'parameter', 'n_live_points': 2048, 'n_params': 8, 'n_clustering_params': None, 'wrapped_params': None, 'multimodal': True, 'const_efficiency_mode': False, 'evidence_tolerance': 0.5, 'n_iter_before_update': 100, 'null_log_evidence': -1e+90, 'max_modes': 100, 'mode_tolerance': -1e+90, 'seed': 42, 'context': 0, 'write_output': True, 'log_zero': -1e+100, 'max_iter': 0, 'init_MPI': False, 'dump_callback': <bound method Pymultinest._dump_callback of <bilby.core.sampler.pymultinest.Pymultinest object at 0x155535bdbee0>>}
19:24 INFO    : Temporary directory incompatible with MPI, will run in original directory
19:24 INFO    : Using output file outdirGRBtophat32cores/pm_GRB230812B/
19:24 INFO    : Single likelihood evaluation took 1.168e+00 s
19:24 WARNING : Supplied argument 'queue_size' not an argument of 'Pymultinest', removing.
19:24 WARNING : Supplied argument 'check_point_delta_t' not an argument of 'Pymultinest', removing.
19:24 INFO    : Using sampler Pymultinest with kwargs {'importance_nested_sampling': False, 'resume': True, 'verbose': True, 'sampling_efficiency': 'parameter', 'n_live_points': 2048, 'n_params': 8, 'n_clustering_params': None, 'wrapped_params': None, 'multimodal': True, 'const_efficiency_mode': False, 'evidence_tolerance': 0.5, 'n_iter_before_update': 100, 'null_log_evidence': -1e+90, 'max_modes': 100, 'mode_tolerance': -1e+90, 'seed': 42, 'context': 0, 'write_output': True, 'log_zero': -1e+100, 'max_iter': 0, 'init_MPI': False, 'dump_callback': <bound method Pymultinest._dump_callback of <bilby.core.sampler.pymultinest.Pymultinest object at 0x1555145cbf40>>}
19:24 INFO    : Temporary directory incompatible with MPI, will run in original directory
19:24 INFO    : Using output file outdirGRBtophat32cores/pm_GRB230812B/
22:30 INFO    : Sampling time: 3:05:56.917553
22:30 INFO    : Sampling time: 3:05:49.818902
22:30 INFO    : Sampling time: 3:05:50.364606
22:30 INFO    : Sampling time: 3:05:41.870327
22:30 INFO    : Sampling time: 3:06:02.559440
22:30 INFO    : Sampling time: 3:05:58.647129
22:30 INFO    : Sampling time: 3:06:01.528016
22:30 INFO    : Sampling time: 3:05:55.678733
22:30 INFO    : Sampling time: 3:05:33.375848
22:30 INFO    : Sampling time: 3:05:49.656196
22:30 INFO    : Sampling time: 3:05:45.508596
22:30 INFO    : Sampling time: 3:05:42.990104
22:30 INFO    : Sampling time: 3:06:03.183762
22:30 INFO    : Sampling time: 3:05:57.324058
22:30 INFO    : Sampling time: 3:05:53.420049
22:30 INFO    : Sampling time: 3:05:59.164185
22:30 INFO    : Sampling time: 3:05:49.799193
22:30 INFO    : Sampling time: 3:05:46.404340
22:30 INFO    : Sampling time: 3:05:55.070623
22:30 INFO    : Sampling time: 3:05:49.982940
22:30 INFO    : Sampling time: 3:05:44.392285
22:30 INFO    : Sampling time: 3:05:57.964094
22:30 INFO    : Sampling time: 3:05:58.315296
22:30 INFO    : Sampling time: 3:05:50.375141
22:30 INFO    : Sampling time: 3:05:51.171804
22:30 INFO    : Sampling time: 3:05:49.310641
22:30 INFO    : Sampling time: 3:05:55.022658
22:30 INFO    : Sampling time: 3:06:02.287147
22:30 INFO    : Sampling time: 3:05:48.524347
22:30 INFO    : Sampling time: 3:05:51.569567
22:30 INFO    : Sampling time: 3:05:54.282650
22:30 INFO    : Sampling time: 3:05:43.507470
22:30 ERROR   : 

Saving the data has failed with the following message:
[Errno 116] Stale file handle
Data has been dumped to outdirGRBtophat32cores/GRB230812B_result.pkl.


22:30 ERROR   : 

Saving the data has failed with the following message:
[Errno 116] Stale file handle
Data has been dumped to outdirGRBtophat32cores/GRB230812B_result.pkl.


22:30 INFO    : Summary of results:
nsamples: 17313
ln_noise_evidence:  0.000
ln_evidence: -24.599 +/-  0.091
ln_bayes_factor: -24.599 +/-  0.091

22:30 INFO    : Summary of results:
nsamples: 17313
ln_noise_evidence:  0.000
ln_evidence: -24.599 +/-  0.091
ln_bayes_factor: -24.599 +/-  0.091

22:30 INFO    : Writing samples file to /home/thussenot/GRB230812B/Fullrun4/00GRB5dradio/Tophat/outdirGRBtophat32cores/GRB230812B_posterior_samples.dat
22:30 INFO    : Writing samples file to /home/thussenot/GRB230812B/Fullrun4/00GRB5dradio/Tophat/outdirGRBtophat32cores/GRB230812B_posterior_samples.dat
22:30 INFO    : Summary of results:
nsamples: 17313
ln_noise_evidence:  0.000
ln_evidence: -24.599 +/-  0.091
ln_bayes_factor: -24.599 +/-  0.091

22:30 INFO    : Writing samples file to /home/thussenot/GRB230812B/Fullrun4/00GRB5dradio/Tophat/outdirGRBtophat32cores/GRB230812B_posterior_samples.dat
22:30 INFO    : Summary of results:
nsamples: 17313
ln_noise_evidence:  0.000
ln_evidence: -24.599 +/-  0.091
ln_bayes_factor: -24.599 +/-  0.091

22:30 INFO    : Summary of results:
nsamples: 17313
ln_noise_evidence:  0.000
ln_evidence: -24.599 +/-  0.091
ln_bayes_factor: -24.599 +/-  0.091

22:30 INFO    : Writing samples file to /home/thussenot/GRB230812B/Fullrun4/00GRB5dradio/Tophat/outdirGRBtophat32cores/GRB230812B_posterior_samples.dat
22:30 INFO    : Writing samples file to /home/thussenot/GRB230812B/Fullrun4/00GRB5dradio/Tophat/outdirGRBtophat32cores/GRB230812B_posterior_samples.dat
22:30 INFO    : Summary of results:
nsamples: 17313
ln_noise_evidence:  0.000
ln_evidence: -24.599 +/-  0.091
ln_bayes_factor: -24.599 +/-  0.091

22:30 INFO    : Writing samples file to /home/thussenot/GRB230812B/Fullrun4/00GRB5dradio/Tophat/outdirGRBtophat32cores/GRB230812B_posterior_samples.dat
22:30 INFO    : Summary of results:
nsamples: 17313
ln_noise_evidence:  0.000
ln_evidence: -24.599 +/-  0.091
ln_bayes_factor: -24.599 +/-  0.091

22:30 INFO    : Writing samples file to /home/thussenot/GRB230812B/Fullrun4/00GRB5dradio/Tophat/outdirGRBtophat32cores/GRB230812B_posterior_samples.dat
22:30 INFO    : Summary of results:
nsamples: 17313
ln_noise_evidence:  0.000
ln_evidence: -24.599 +/-  0.091
ln_bayes_factor: -24.599 +/-  0.091

22:30 INFO    : Writing samples file to /home/thussenot/GRB230812B/Fullrun4/00GRB5dradio/Tophat/outdirGRBtophat32cores/GRB230812B_posterior_samples.dat
22:30 INFO    : Summary of results:
nsamples: 17313
ln_noise_evidence:  0.000
ln_evidence: -24.599 +/-  0.091
ln_bayes_factor: -24.599 +/-  0.091

22:30 INFO    : Writing samples file to /home/thussenot/GRB230812B/Fullrun4/00GRB5dradio/Tophat/outdirGRBtophat32cores/GRB230812B_posterior_samples.dat
22:30 INFO    : Summary of results:
nsamples: 17313
ln_noise_evidence:  0.000
ln_evidence: -24.599 +/-  0.091
ln_bayes_factor: -24.599 +/-  0.091

22:30 INFO    : Writing samples file to /home/thussenot/GRB230812B/Fullrun4/00GRB5dradio/Tophat/outdirGRBtophat32cores/GRB230812B_posterior_samples.dat
22:30 INFO    : Summary of results:
nsamples: 17313
ln_noise_evidence:  0.000
ln_evidence: -24.599 +/-  0.091
ln_bayes_factor: -24.599 +/-  0.091

22:30 INFO    : Writing samples file to /home/thussenot/GRB230812B/Fullrun4/00GRB5dradio/Tophat/outdirGRBtophat32cores/GRB230812B_posterior_samples.dat
22:30 INFO    : Summary of results:
nsamples: 17313
ln_noise_evidence:  0.000
ln_evidence: -24.599 +/-  0.091
ln_bayes_factor: -24.599 +/-  0.091

22:30 INFO    : Writing samples file to /home/thussenot/GRB230812B/Fullrun4/00GRB5dradio/Tophat/outdirGRBtophat32cores/GRB230812B_posterior_samples.dat
22:30 INFO    : Summary of results:
nsamples: 17313
ln_noise_evidence:  0.000
ln_evidence: -24.599 +/-  0.091
ln_bayes_factor: -24.599 +/-  0.091

22:30 INFO    : Writing samples file to /home/thussenot/GRB230812B/Fullrun4/00GRB5dradio/Tophat/outdirGRBtophat32cores/GRB230812B_posterior_samples.dat
16:13 INFO    : Running for label 'GRB230812B', output will be saved to 'outdirGRBtophat32cores'
16:13 INFO    : Analysis priors:
16:13 INFO    : em_syserr=LogUniform(minimum=0.01, maximum=2.0, name='em_syserr', latex_label='$\\sigma$', unit=None, boundary=None)
16:13 INFO    : inclination_EM=nmma.em.prior.ConditionalGaussianIotaGivenThetaCore(minimum=0.0, maximum=0.7853981633974483, name='inclination_EM', N_sigma=1.0, latex_label='$\\iota$', unit=None, boundary=None)
16:13 INFO    : log10_E0=Uniform(minimum=47.0, maximum=57.0, name='log10_E0', latex_label='$\\log_{10}E_0$', unit=None, boundary='reflective')
16:13 INFO    : thetaCore=Uniform(minimum=0.01, maximum=0.3141592653589793, name='theta_core', latex_label='$\\theta_c$', unit=None, boundary='reflective')
16:13 INFO    : log10_n0=Uniform(minimum=-6, maximum=3.0, name='log10_n0', latex_label='$\\log_{10}n_0$', unit=None, boundary='reflective')
16:13 INFO    : p=Uniform(minimum=2.01, maximum=3.0, name='p', latex_label='$p$', unit=None, boundary=None)
16:13 INFO    : log10_epsilon_e=Uniform(minimum=-5, maximum=0, name='log10_epsilon_e', latex_label='$\\log_{10}\\epsilon_e$', unit=None, boundary='reflective')
16:13 INFO    : log10_epsilon_B=Uniform(minimum=-10, maximum=0, name='log10_epsilon_B', latex_label='$\\log_{10}\\epsilon_B$', unit=None, boundary='reflective')
16:13 INFO    : timeshift=0.0
16:13 INFO    : luminosity_distance=1981.0
16:13 INFO    : Ebv=0.0
16:13 INFO    : Analysis likelihood class: <class 'nmma.em.likelihood.OpticalLightCurve'>
16:13 INFO    : Analysis likelihood noise evidence: 0.0
16:15 INFO    : Single likelihood evaluation took 1.021e+00 s
16:15 WARNING : Supplied argument 'queue_size' not an argument of 'Pymultinest', removing.
16:15 WARNING : Supplied argument 'check_point_delta_t' not an argument of 'Pymultinest', removing.
16:15 WARNING : Using cached result
16:15 INFO    : Summary of results:
nsamples: 17313
ln_noise_evidence:  0.000
ln_evidence: -24.599 +/-  0.091
ln_bayes_factor: -24.599 +/-  0.091

16:15 INFO    : Writing samples file to /home/thussenot/GRB230812B/Fullrun4/00GRB5dradio/Tophat/outdirGRBtophat32cores/GRB230812B_posterior_samples.dat
